#
# There is insufficient memory for the Java Runtime Environment to continue.
# Native memory allocation (malloc) failed to allocate 1370016 bytes for Chunk::new
# Possible reasons:
#   The system is out of physical RAM or swap space
#   The process is running with CompressedOops enabled, and the Java Heap may be blocking the growth of the native heap
# Possible solutions:
#   Reduce memory load on the system
#   Increase physical memory or swap space
#   Check if swap backing store is full
#   Decrease Java heap size (-Xmx/-Xms)
#   Decrease number of Java threads
#   Decrease Java thread stack sizes (-Xss)
#   Set larger code cache with -XX:ReservedCodeCacheSize=
#   JVM is running with Unscaled Compressed Oops mode in which the Java heap is
#     placed in the first 4GB address space. The Java Heap base address is the
#     maximum limit for the native heap growth. Please use -XX:HeapBaseMinAddress
#     to set the Java Heap base and to place the Java Heap above 4GB virtual address.
# This output file may be truncated or incomplete.
#
#  Out of Memory Error (allocation.cpp:389), pid=1824, tid=0x0000000000002d7c
#
# JRE version: OpenJDK Runtime Environment (8.0_242-b01) (build 1.8.0_242-release-1644-b01)
# Java VM: OpenJDK 64-Bit Server VM (25.242-b01 mixed mode windows-amd64 compressed oops)
# Failed to write core dump. Minidumps are not enabled by default on client versions of Windows
#

---------------  T H R E A D  ---------------

Current thread (0x0000000019554800):  JavaThread "C2 CompilerThread1" daemon [_thread_in_native, id=11644, stack(0x0000000019f20000,0x000000001a020000)]

Stack: [0x0000000019f20000,0x000000001a020000]
[error occurred during error reporting (printing stack bounds), id 0xc0000005]

Native frames: (J=compiled Java code, j=interpreted, Vv=VM code, C=native code)


Current CompileTask:
C2: 455293 20167 %     4       com.android.tools.r8.ir.regalloc.LinearScanRegisterAllocator::a @ 330 (1756 bytes)


---------------  P R O C E S S  ---------------

Java Threads: ( => current thread )
  0x0000000021486000 JavaThread "WorkerExecutor Queue Thread 5" [_thread_blocked, id=12812, stack(0x000000002c260000,0x000000002c360000)]
  0x0000000021482800 JavaThread "WorkerExecutor Queue Thread 3" [_thread_blocked, id=7452, stack(0x000000002c160000,0x000000002c260000)]
  0x0000000021480000 JavaThread "stdout" [_thread_in_native, id=11884, stack(0x000000002c060000,0x000000002c160000)]
  0x000000002147f800 JavaThread "stderr" [_thread_in_native, id=1792, stack(0x000000002bf60000,0x000000002c060000)]
  0x000000002147e000 JavaThread "pool-9-thread-1" [_thread_blocked, id=11016, stack(0x000000002b860000,0x000000002b960000)]
  0x000000002147c800 JavaThread "WorkerExecutor Queue Thread 2" [_thread_blocked, id=12892, stack(0x00000000294c0000,0x00000000295c0000)]
  0x0000000021478800 JavaThread "WorkerExecutor Queue" [_thread_blocked, id=2968, stack(0x00000000291c0000,0x00000000292c0000)]
  0x000000002147b000 JavaThread "Cache worker for execution history cache (C:\Users\FAM\Desktop\Project\ProjectLips\LipColor-master\.gradle\5.6.4\executionHistory)" [_thread_blocked, id=7888, stack(0x00000000290c0000,0x00000000291c0000)]
  0x000000001ace1800 JavaThread "Execution worker for ':' Thread 7" [_thread_blocked, id=9668, stack(0x0000000028fc0000,0x00000000290c0000)]
  0x000000001ace3800 JavaThread "Execution worker for ':' Thread 6" [_thread_blocked, id=5356, stack(0x0000000028ec0000,0x0000000028fc0000)]
  0x000000001ace3000 JavaThread "Execution worker for ':' Thread 5" [_thread_blocked, id=6580, stack(0x0000000028ba0000,0x0000000028ca0000)]
  0x000000001acda000 JavaThread "Execution worker for ':' Thread 4" [_thread_blocked, id=10980, stack(0x0000000028aa0000,0x0000000028ba0000)]
  0x000000001ace0800 JavaThread "Execution worker for ':' Thread 3" [_thread_blocked, id=3832, stack(0x0000000028770000,0x0000000028870000)]
  0x000000001ace0000 JavaThread "Execution worker for ':' Thread 2" [_thread_blocked, id=3476, stack(0x00000000281c0000,0x00000000282c0000)]
  0x000000001acd8800 JavaThread "Execution worker for ':'" [_thread_blocked, id=2444, stack(0x0000000027080000,0x0000000027180000)]
  0x000000001acde800 JavaThread "Cache worker for file content cache (C:\Users\FAM\Desktop\Project\ProjectLips\LipColor-master\.gradle\5.6.4\fileContent)" [_thread_blocked, id=12468, stack(0x0000000026d80000,0x0000000026e80000)]
  0x000000001acdd000 JavaThread "Exec process Thread 9" [_thread_blocked, id=9184, stack(0x0000000026b30000,0x0000000026c30000)]
  0x000000001acd5800 JavaThread "Exec process Thread 8" [_thread_blocked, id=5584, stack(0x00000000251a0000,0x00000000252a0000)]
  0x000000001acd7800 JavaThread "Exec process Thread 7" [_thread_blocked, id=11608, stack(0x00000000250a0000,0x00000000251a0000)]
  0x000000001acda800 JavaThread "Cache worker for Build Output Cleanup Cache (C:\Users\FAM\Desktop\Project\ProjectLips\LipColor-master\.gradle\buildOutputCleanup)" [_thread_blocked, id=7872, stack(0x0000000024fa0000,0x00000000250a0000)]
  0x000000001acd7000 JavaThread "Build operations Thread 8" [_thread_blocked, id=11272, stack(0x00000000247a0000,0x00000000248a0000)]
  0x000000001acdb800 JavaThread "Build operations Thread 7" [_thread_blocked, id=12564, stack(0x00000000240a0000,0x00000000241a0000)]
  0x000000001acdc000 JavaThread "Build operations Thread 6" [_thread_blocked, id=6880, stack(0x0000000023fa0000,0x00000000240a0000)]
  0x0000000026b24800 JavaThread "Build operations Thread 5" [_thread_blocked, id=4936, stack(0x0000000023ea0000,0x0000000023fa0000)]
  0x0000000026b23000 JavaThread "Build operations Thread 4" [_thread_blocked, id=5844, stack(0x0000000023da0000,0x0000000023ea0000)]
  0x0000000026b22000 JavaThread "Build operations Thread 3" [_thread_blocked, id=12644, stack(0x0000000023ca0000,0x0000000023da0000)]
  0x0000000026b25000 JavaThread "Build operations Thread 2" [_thread_blocked, id=4708, stack(0x00000000234c0000,0x00000000235c0000)]
  0x0000000026b1a000 JavaThread "Build operations" [_thread_blocked, id=12148, stack(0x0000000022110000,0x0000000022210000)]
  0x0000000026b1d000 JavaThread "Cache worker for cache directory md-rule (C:\Users\FAM\.gradle\caches\5.6.4\md-rule)" [_thread_blocked, id=12708, stack(0x0000000021d80000,0x0000000021e80000)]
  0x0000000026b1c000 JavaThread "Cache worker for cache directory md-supplier (C:\Users\FAM\.gradle\caches\5.6.4\md-supplier)" [_thread_blocked, id=1260, stack(0x000000001f510000,0x000000001f610000)]
  0x0000000026b1b800 JavaThread "Cache worker for file hash cache (C:\Users\FAM\Desktop\Project\ProjectLips\LipColor-master\.gradle\5.6.4\fileHashes)" [_thread_blocked, id=11952, stack(0x000000001db40000,0x000000001dc40000)]
  0x0000000026b20000 JavaThread "Thread-139" [_thread_blocked, id=7548, stack(0x000000001da40000,0x000000001db40000)]
  0x0000000026b19000 JavaThread "Stdin handler" [_thread_blocked, id=10896, stack(0x000000001d940000,0x000000001da40000)]
  0x0000000026b18800 JavaThread "Asynchronous log dispatcher for DefaultDaemonConnection: socket connection from /127.0.0.1:61030 to /127.0.0.1:50637" [_thread_blocked, id=4364, stack(0x000000001d640000,0x000000001d740000)]
  0x0000000026b17800 JavaThread "Daemon worker Thread 3" [_thread_in_Java, id=12528, stack(0x000000001d540000,0x000000001d640000)]
  0x0000000026b1e800 JavaThread "Cancel handler" [_thread_blocked, id=3892, stack(0x0000000000ab0000,0x0000000000bb0000)]
  0x0000000026b1a800 JavaThread "Handler for socket connection from /127.0.0.1:61030 to /127.0.0.1:50637" [_thread_in_native, id=12684, stack(0x00000000009b0000,0x0000000000ab0000)]
  0x0000000026b17000 JavaThread "Daemon Thread 3" [_thread_blocked, id=5424, stack(0x00000000008b0000,0x00000000009b0000)]
  0x0000000026b23800 JavaThread "Cache worker for Java compile cache (C:\Users\FAM\.gradle\caches\5.6.4\javaCompile)" [_thread_blocked, id=10948, stack(0x000000002b760000,0x000000002b860000)]
  0x0000000021481800 JavaThread "Cache worker for file content cache (C:\Users\FAM\.gradle\caches\5.6.4\fileContent)" [_thread_blocked, id=13304, stack(0x0000000026c80000,0x0000000026d80000)]
  0x0000000021481000 JavaThread "Memory manager" [_thread_blocked, id=6552, stack(0x0000000024ea0000,0x0000000024fa0000)]
  0x0000000021477000 JavaThread "Cache worker for execution history cache (C:\Users\FAM\.gradle\caches\5.6.4\executionHistory)" [_thread_blocked, id=3436, stack(0x00000000207e0000,0x00000000208e0000)]
  0x000000001c060000 JavaThread "Cache worker for journal cache (C:\Users\FAM\.gradle\caches\journal-1)" [_thread_blocked, id=7304, stack(0x000000001e240000,0x000000001e340000)]
  0x000000001c061000 JavaThread "File lock request listener" [_thread_in_native, id=1660, stack(0x000000001e140000,0x000000001e240000)]
  0x000000001c066800 JavaThread "Cache worker for file hash cache (C:\Users\FAM\.gradle\caches\5.6.4\fileHashes)" [_thread_blocked, id=2212, stack(0x000000001e040000,0x000000001e140000)]
  0x000000001beb7800 JavaThread "Daemon periodic checks" [_thread_blocked, id=5588, stack(0x000000001d440000,0x000000001d540000)]
  0x000000001beab800 JavaThread "Incoming local TCP Connector on port 61030" [_thread_in_native, id=11720, stack(0x000000001d200000,0x000000001d300000)]
  0x000000001ba10800 JavaThread "Daemon health stats" [_thread_blocked, id=11380, stack(0x000000001cbc0000,0x000000001ccc0000)]
  0x0000000019635000 JavaThread "Service Thread" daemon [_thread_blocked, id=5372, stack(0x000000001a220000,0x000000001a320000)]
  0x00000000195a5000 JavaThread "C1 CompilerThread3" daemon [_thread_blocked, id=12312, stack(0x000000001a120000,0x000000001a220000)]
  0x00000000195a2000 JavaThread "C2 CompilerThread2" daemon [_thread_in_native, id=12868, stack(0x000000001a020000,0x000000001a120000)]
=>0x0000000019554800 JavaThread "C2 CompilerThread1" daemon [_thread_in_native, id=11644, stack(0x0000000019f20000,0x000000001a020000)]
  0x0000000019552000 JavaThread "C2 CompilerThread0" daemon [_thread_in_native, id=3012, stack(0x0000000019e20000,0x0000000019f20000)]
  0x0000000019551000 JavaThread "Attach Listener" daemon [_thread_blocked, id=13032, stack(0x0000000019d20000,0x0000000019e20000)]
  0x000000001959f800 JavaThread "Signal Dispatcher" daemon [_thread_blocked, id=1264, stack(0x0000000019c20000,0x0000000019d20000)]
  0x0000000019540800 JavaThread "Finalizer" daemon [_thread_blocked, id=6264, stack(0x0000000019a20000,0x0000000019b20000)]
  0x000000001775b800 JavaThread "Reference Handler" daemon [_thread_blocked, id=11968, stack(0x0000000019920000,0x0000000019a20000)]
  0x00000000023fe000 JavaThread "main" [_thread_blocked, id=8604, stack(0x00000000024f0000,0x00000000025f0000)]

Other Threads:
  0x0000000017758000 VMThread [stack: 0x0000000019420000,0x0000000019520000] [id=7752]
  0x00000000195eb800 WatcherThread [stack: 0x000000001a320000,0x000000001a420000] [id=11736]

VM state:not at safepoint (normal execution)

VM Mutex/Monitor currently owned by a thread: None

OutOfMemory and StackOverflow Exception counts:
OutOfMemoryError java_heap_errors=7

heap address: 0x0000000080000000, size: 2048 MB, Compressed Oops mode: 32-bit
Narrow klass base: 0x0000000000000000, Narrow klass shift: 3
Compressed class space size: 1073741824 Address: 0x0000000100000000

Heap:
 PSYoungGen      total 552960K, used 83558K [0x00000000d5580000, 0x0000000100000000, 0x0000000100000000)
  eden space 428032K, 9% used [0x00000000d5580000,0x00000000d7cc4c88,0x00000000ef780000)
  from space 124928K, 34% used [0x00000000ef780000,0x00000000f21d4bc0,0x00000000f7180000)
  to   space 118784K, 0% used [0x00000000f8c00000,0x00000000f8c00000,0x0000000100000000)
 ParOldGen       total 493568K, used 215200K [0x0000000080000000, 0x000000009e200000, 0x00000000d5580000)
  object space 493568K, 43% used [0x0000000080000000,0x000000008d228368,0x000000009e200000)
 Metaspace       used 92962K, capacity 97628K, committed 98560K, reserved 1134592K
  class space    used 12156K, capacity 13169K, committed 13568K, reserved 1048576K

Card table byte_map: [0x0000000011ab0000,0x0000000011ec0000] byte_map_base: 0x00000000116b0000

Marking Bits: (ParMarkBitMap*) 0x000000006c45f030
 Begin Bits: [0x0000000012970000, 0x0000000014970000)
 End Bits:   [0x0000000014970000, 0x0000000016970000)

Polling page: 0x00000000007a0000

CodeCache: size=245760Kb used=56370Kb max_used=56370Kb free=189389Kb
 bounds [0x00000000026f0000, 0x0000000005ec0000, 0x00000000116f0000]
 total_blobs=17091 nmethods=16208 adapters=793
 compilation: enabled

Compilation events (10 events):
Event: 455.205 Thread 0x00000000195a5000 nmethod 20190 0x0000000004089390 code [0x0000000004089500, 0x00000000040896a8]
Event: 455.205 Thread 0x00000000195a5000 20191       2       com.android.tools.r8.u.b.u::a (8 bytes)
Event: 455.205 Thread 0x00000000195a5000 nmethod 20191 0x0000000002af7b90 code [0x0000000002af7d00, 0x0000000002af7eb8]
Event: 455.206 Thread 0x00000000195a5000 20192       2       com.android.tools.r8.u.b.u::b (10 bytes)
Event: 455.206 Thread 0x00000000195a5000 nmethod 20192 0x00000000046b1d10 code [0x00000000046b1e80, 0x00000000046b2028]
Event: 455.206 Thread 0x00000000195a5000 20193       2       com.android.tools.r8.u.b.u::a (37 bytes)
Event: 455.207 Thread 0x00000000195a5000 nmethod 20193 0x0000000003a22f10 code [0x0000000003a230a0, 0x0000000003a23308]
Event: 455.255 Thread 0x00000000195a5000 20194       3       com.android.tools.r8.ir.regalloc.f::b (1053 bytes)
Event: 455.264 Thread 0x00000000195a5000 nmethod 20194 0x0000000005eb0b90 code [0x0000000005eb1620, 0x0000000005eb9108]
Event: 455.292 Thread 0x00000000195a5000 20195       2       com.android.tools.r8.u.b.l::a (6 bytes)

GC Heap History (10 events):
Event: 449.483 GC heap before
{Heap before GC invocations=19 (full 4):
 PSYoungGen      total 515584K, used 437821K [0x00000000d5580000, 0x00000000fee80000, 0x0000000100000000)
  eden space 374784K, 100% used [0x00000000d5580000,0x00000000ec380000,0x00000000ec380000)
  from space 140800K, 44% used [0x00000000f6500000,0x00000000fa28f4e0,0x00000000fee80000)
  to   space 153088K, 0% used [0x00000000ec380000,0x00000000ec380000,0x00000000f5900000)
 ParOldGen       total 493568K, used 215168K [0x0000000080000000, 0x000000009e200000, 0x00000000d5580000)
  object space 493568K, 43% used [0x0000000080000000,0x000000008d220368,0x000000009e200000)
 Metaspace       used 92347K, capacity 97020K, committed 98048K, reserved 1134592K
  class space    used 12148K, capacity 13161K, committed 13568K, reserved 1048576K
Event: 449.518 GC heap after
Heap after GC invocations=19 (full 4):
 PSYoungGen      total 527872K, used 61856K [0x00000000d5580000, 0x0000000100000000, 0x0000000100000000)
  eden space 374784K, 0% used [0x00000000d5580000,0x00000000d5580000,0x00000000ec380000)
  from space 153088K, 40% used [0x00000000ec380000,0x00000000effe83a0,0x00000000f5900000)
  to   space 147456K, 0% used [0x00000000f7000000,0x00000000f7000000,0x0000000100000000)
 ParOldGen       total 493568K, used 215168K [0x0000000080000000, 0x000000009e200000, 0x00000000d5580000)
  object space 493568K, 43% used [0x0000000080000000,0x000000008d220368,0x000000009e200000)
 Metaspace       used 92347K, capacity 97020K, committed 98048K, reserved 1134592K
  class space    used 12148K, capacity 13161K, committed 13568K, reserved 1048576K
}
Event: 450.364 GC heap before
{Heap before GC invocations=20 (full 4):
 PSYoungGen      total 527872K, used 436640K [0x00000000d5580000, 0x0000000100000000, 0x0000000100000000)
  eden space 374784K, 100% used [0x00000000d5580000,0x00000000ec380000,0x00000000ec380000)
  from space 153088K, 40% used [0x00000000ec380000,0x00000000effe83a0,0x00000000f5900000)
  to   space 147456K, 0% used [0x00000000f7000000,0x00000000f7000000,0x0000000100000000)
 ParOldGen       total 493568K, used 215168K [0x0000000080000000, 0x000000009e200000, 0x00000000d5580000)
  object space 493568K, 43% used [0x0000000080000000,0x000000008d220368,0x000000009e200000)
 Metaspace       used 92752K, capacity 97476K, committed 98560K, reserved 1134592K
  class space    used 12155K, capacity 13169K, committed 13568K, reserved 1048576K
Event: 450.405 GC heap after
Heap after GC invocations=20 (full 4):
 PSYoungGen      total 523776K, used 55451K [0x00000000d5580000, 0x00000000fea80000, 0x0000000100000000)
  eden space 398336K, 0% used [0x00000000d5580000,0x00000000d5580000,0x00000000eda80000)
  from space 125440K, 44% used [0x00000000f7000000,0x00000000fa626c68,0x00000000fea80000)
  to   space 139264K, 0% used [0x00000000eda80000,0x00000000eda80000,0x00000000f6280000)
 ParOldGen       total 493568K, used 215176K [0x0000000080000000, 0x000000009e200000, 0x00000000d5580000)
  object space 493568K, 43% used [0x0000000080000000,0x000000008d222368,0x000000009e200000)
 Metaspace       used 92752K, capacity 97476K, committed 98560K, reserved 1134592K
  class space    used 12155K, capacity 13169K, committed 13568K, reserved 1048576K
}
Event: 451.291 GC heap before
{Heap before GC invocations=21 (full 4):
 PSYoungGen      total 523776K, used 453787K [0x00000000d5580000, 0x00000000fea80000, 0x0000000100000000)
  eden space 398336K, 100% used [0x00000000d5580000,0x00000000eda80000,0x00000000eda80000)
  from space 125440K, 44% used [0x00000000f7000000,0x00000000fa626c68,0x00000000fea80000)
  to   space 139264K, 0% used [0x00000000eda80000,0x00000000eda80000,0x00000000f6280000)
 ParOldGen       total 493568K, used 215176K [0x0000000080000000, 0x000000009e200000, 0x00000000d5580000)
  object space 493568K, 43% used [0x0000000080000000,0x000000008d222368,0x000000009e200000)
 Metaspace       used 92854K, capacity 97560K, committed 98560K, reserved 1134592K
  class space    used 12155K, capacity 13169K, committed 13568K, reserved 1048576K
Event: 451.316 GC heap after
Heap after GC invocations=21 (full 4):
 PSYoungGen      total 537600K, used 46909K [0x00000000d5580000, 0x00000000ffe80000, 0x0000000100000000)
  eden space 398336K, 0% used [0x00000000d5580000,0x00000000d5580000,0x00000000eda80000)
  from space 139264K, 33% used [0x00000000eda80000,0x00000000f084f6e0,0x00000000f6280000)
  to   space 131584K, 0% used [0x00000000f7e00000,0x00000000f7e00000,0x00000000ffe80000)
 ParOldGen       total 493568K, used 215184K [0x0000000080000000, 0x000000009e200000, 0x00000000d5580000)
  object space 493568K, 43% used [0x0000000080000000,0x000000008d224368,0x000000009e200000)
 Metaspace       used 92854K, capacity 97560K, committed 98560K, reserved 1134592K
  class space    used 12155K, capacity 13169K, committed 13568K, reserved 1048576K
}
Event: 452.819 GC heap before
{Heap before GC invocations=22 (full 4):
 PSYoungGen      total 537600K, used 445245K [0x00000000d5580000, 0x00000000ffe80000, 0x0000000100000000)
  eden space 398336K, 100% used [0x00000000d5580000,0x00000000eda80000,0x00000000eda80000)
  from space 139264K, 33% used [0x00000000eda80000,0x00000000f084f6e0,0x00000000f6280000)
  to   space 131584K, 0% used [0x00000000f7e00000,0x00000000f7e00000,0x00000000ffe80000)
 ParOldGen       total 493568K, used 215184K [0x0000000080000000, 0x000000009e200000, 0x00000000d5580000)
  object space 493568K, 43% used [0x0000000080000000,0x000000008d224368,0x000000009e200000)
 Metaspace       used 92948K, capacity 97624K, committed 98560K, reserved 1134592K
  class space    used 12155K, capacity 13169K, committed 13568K, reserved 1048576K
Event: 452.848 GC heap after
Heap after GC invocations=22 (full 4):
 PSYoungGen      total 540160K, used 42233K [0x00000000d5580000, 0x00000000feb80000, 0x0000000100000000)
  eden space 428032K, 0% used [0x00000000d5580000,0x00000000d5580000,0x00000000ef780000)
  from space 112128K, 37% used [0x00000000f7e00000,0x00000000fa73e448,0x00000000feb80000)
  to   space 124928K, 0% used [0x00000000ef780000,0x00000000ef780000,0x00000000f7180000)
 ParOldGen       total 493568K, used 215192K [0x0000000080000000, 0x000000009e200000, 0x00000000d5580000)
  object space 493568K, 43% used [0x0000000080000000,0x000000008d226368,0x000000009e200000)
 Metaspace       used 92948K, capacity 97624K, committed 98560K, reserved 1134592K
  class space    used 12155K, capacity 13169K, committed 13568K, reserved 1048576K
}
Event: 455.042 GC heap before
{Heap before GC invocations=23 (full 4):
 PSYoungGen      total 540160K, used 470265K [0x00000000d5580000, 0x00000000feb80000, 0x0000000100000000)
  eden space 428032K, 100% used [0x00000000d5580000,0x00000000ef780000,0x00000000ef780000)
  from space 112128K, 37% used [0x00000000f7e00000,0x00000000fa73e448,0x00000000feb80000)
  to   space 124928K, 0% used [0x00000000ef780000,0x00000000ef780000,0x00000000f7180000)
 ParOldGen       total 493568K, used 215192K [0x0000000080000000, 0x000000009e200000, 0x00000000d5580000)
  object space 493568K, 43% used [0x0000000080000000,0x000000008d226368,0x000000009e200000)
 Metaspace       used 92960K, capacity 97628K, committed 98560K, reserved 1134592K
  class space    used 12156K, capacity 13169K, committed 13568K, reserved 1048576K
Event: 455.080 GC heap after
Heap after GC invocations=23 (full 4):
 PSYoungGen      total 552960K, used 43346K [0x00000000d5580000, 0x0000000100000000, 0x0000000100000000)
  eden space 428032K, 0% used [0x00000000d5580000,0x00000000d5580000,0x00000000ef780000)
  from space 124928K, 34% used [0x00000000ef780000,0x00000000f21d4bc0,0x00000000f7180000)
  to   space 118784K, 0% used [0x00000000f8c00000,0x00000000f8c00000,0x0000000100000000)
 ParOldGen       total 493568K, used 215200K [0x0000000080000000, 0x000000009e200000, 0x00000000d5580000)
  object space 493568K, 43% used [0x0000000080000000,0x000000008d228368,0x000000009e200000)
 Metaspace       used 92960K, capacity 97628K, committed 98560K, reserved 1134592K
  class space    used 12156K, capacity 13169K, committed 13568K, reserved 1048576K
}

Deoptimization events (10 events):
Event: 450.253 Thread 0x000000001ace0000 Uncommon trap: reason=predicate action=maybe_recompile pc=0x0000000005b1f7e0 method=java.util.TimSort.mergeHi(IIII)V @ 191
Event: 450.474 Thread 0x000000002ac2a000 Uncommon trap: reason=unstable_if action=reinterpret pc=0x0000000004a1bee0 method=com.android.tools.r8.dex.DexOutputBuffer.g(I)V @ 8
Event: 450.772 Thread 0x0000000026b17800 Uncommon trap: reason=unstable_if action=reinterpret pc=0x0000000005bcee90 method=com.android.tools.r8.u.c.M.a(ILcom/android/tools/r8/u/b/j1;Lcom/android/tools/r8/u/b/l;Lcom/android/tools/r8/u/b/l$c;Lcom/android/tools/r8/u/b/M0$a;)Lcom/android/tools/r8/u/
Event: 450.773 Thread 0x0000000026b17800 Uncommon trap: reason=unstable_if action=reinterpret pc=0x0000000005adb680 method=com.android.tools.r8.v.a.a.a.f.e.equals(Ljava/lang/Object;)Z @ 33
Event: 450.773 Thread 0x0000000026b17800 Uncommon trap: reason=unstable_if action=reinterpret pc=0x0000000005b72590 method=com.android.tools.r8.u.a.h.e.b(Lcom/android/tools/r8/u/b/d0;)V @ 11
Event: 450.844 Thread 0x000000001ace0800 Uncommon trap: reason=array_check action=maybe_recompile pc=0x0000000005bbac78 method=java.util.TimSort.mergeLo(IIII)V @ 375
Event: 450.845 Thread 0x000000001ace0800 Uncommon trap: reason=array_check action=maybe_recompile pc=0x0000000005b7b7ac method=java.util.TimSort.mergeHi(IIII)V @ 250
Event: 450.845 Thread 0x000000001ace0800 Uncommon trap: reason=array_check action=maybe_recompile pc=0x0000000005bbabcc method=java.util.TimSort.mergeLo(IIII)V @ 590
Event: 450.870 Thread 0x000000001ace0800 Uncommon trap: reason=unstable_if action=reinterpret pc=0x0000000005b7bc9c method=java.util.TimSort.mergeHi(IIII)V @ 568
Event: 451.432 Thread 0x000000001ace3800 Uncommon trap: reason=array_check action=maybe_recompile pc=0x0000000005bbac78 method=java.util.TimSort.mergeLo(IIII)V @ 375

Classes redefined (0 events):
No events

Internal exceptions (10 events):
Event: 449.835 Thread 0x0000000021478800 Exception <a 'sun/nio/fs/WindowsException'> (0x00000000de7b2548) thrown at [C:\src\AOSP-openjdk-git\hotspot\src\share\vm\prims\jni.cpp, line 710]
Event: 449.837 Thread 0x0000000021478800 Exception <a 'sun/nio/fs/WindowsException'> (0x00000000de7bb670) thrown at [C:\src\AOSP-openjdk-git\hotspot\src\share\vm\prims\jni.cpp, line 710]
Event: 449.905 Thread 0x0000000021478800 Exception <a 'sun/nio/fs/WindowsException'> (0x00000000e14665a0) thrown at [C:\src\AOSP-openjdk-git\hotspot\src\share\vm\prims\jni.cpp, line 710]
Event: 449.908 Thread 0x0000000021478800 Exception <a 'sun/nio/fs/WindowsException'> (0x00000000e14ad5d0) thrown at [C:\src\AOSP-openjdk-git\hotspot\src\share\vm\prims\jni.cpp, line 710]
Event: 449.911 Thread 0x0000000021478800 Exception <a 'sun/nio/fs/WindowsException'> (0x00000000e14b3d88) thrown at [C:\src\AOSP-openjdk-git\hotspot\src\share\vm\prims\jni.cpp, line 710]
Event: 450.051 Thread 0x000000002147c800 Exception <a 'sun/nio/fs/WindowsException'> (0x00000000e4493a70) thrown at [C:\src\AOSP-openjdk-git\hotspot\src\share\vm\prims\jni.cpp, line 710]
Event: 450.269 Thread 0x000000001ace0000 Exception <a 'sun/nio/fs/WindowsException'> (0x00000000e9a332b8) thrown at [C:\src\AOSP-openjdk-git\hotspot\src\share\vm\prims\jni.cpp, line 710]
Event: 450.501 Thread 0x000000002ac2a000 Exception <a 'sun/nio/fs/WindowsException'> (0x00000000d7ec27a8) thrown at [C:\src\AOSP-openjdk-git\hotspot\src\share\vm\prims\jni.cpp, line 710]
Event: 450.900 Thread 0x000000001ace0800 Exception <a 'sun/nio/fs/WindowsException'> (0x00000000e3a13e48) thrown at [C:\src\AOSP-openjdk-git\hotspot\src\share\vm\prims\jni.cpp, line 710]
Event: 451.494 Thread 0x000000001ace3800 Exception <a 'sun/nio/fs/WindowsException'> (0x00000000d96bfaa0) thrown at [C:\src\AOSP-openjdk-git\hotspot\src\share\vm\prims\jni.cpp, line 710]

Events (10 events):
Event: 455.142 Thread 0x0000000026b17800 DEOPT PACKING pc=0x000000000565441b sp=0x000000001d638120
Event: 455.142 Thread 0x0000000026b17800 DEOPT UNPACKING pc=0x00000000027375d0 sp=0x000000001d638248 mode 0
Event: 455.171 Thread 0x0000000026b17800 DEOPT PACKING pc=0x000000000565444e sp=0x000000001d638120
Event: 455.171 Thread 0x0000000026b17800 DEOPT UNPACKING pc=0x00000000027375d0 sp=0x000000001d638250 mode 0
Event: 455.226 Thread 0x0000000026b17800 DEOPT PACKING pc=0x00000000035cda94 sp=0x000000001d638570
Event: 455.226 Thread 0x0000000026b17800 DEOPT UNPACKING pc=0x00000000027375d0 sp=0x000000001d6382d8 mode 0
Event: 455.277 Thread 0x0000000026b17800 DEOPT PACKING pc=0x0000000005654932 sp=0x000000001d638120
Event: 455.277 Thread 0x0000000026b17800 DEOPT UNPACKING pc=0x00000000027375d0 sp=0x000000001d638248 mode 0
Event: 455.292 Thread 0x0000000026b17800 DEOPT PACKING pc=0x00000000057d07dc sp=0x000000001d637f80
Event: 455.292 Thread 0x0000000026b17800 DEOPT UNPACKING pc=0x00000000027375d0 sp=0x000000001d637fa8 mode 0


Dynamic libraries:
0x00007ff79b2c0000 - 0x00007ff79b2f1000 	C:\Program Files\Android\Android Studio1\jre\bin\java.exe
0x00007fff356b0000 - 0x00007fff358a5000 	C:\Windows\SYSTEM32\ntdll.dll
0x00007fff34030000 - 0x00007fff340ed000 	C:\Windows\System32\KERNEL32.DLL
0x00007fff32fd0000 - 0x00007fff33299000 	C:\Windows\System32\KERNELBASE.dll
0x00007fff35480000 - 0x00007fff3552c000 	C:\Windows\System32\ADVAPI32.dll
0x00007fff338b0000 - 0x00007fff3394e000 	C:\Windows\System32\msvcrt.dll
0x00007fff33a90000 - 0x00007fff33b2b000 	C:\Windows\System32\sechost.dll
0x00007fff33d40000 - 0x00007fff33e6a000 	C:\Windows\System32\RPCRT4.dll
0x00007fff340f0000 - 0x00007fff34290000 	C:\Windows\System32\USER32.dll
0x00007fff33330000 - 0x00007fff33352000 	C:\Windows\System32\win32u.dll
0x00007fff337f0000 - 0x00007fff3381a000 	C:\Windows\System32\GDI32.dll
0x00007fff333f0000 - 0x00007fff334fb000 	C:\Windows\System32\gdi32full.dll
0x00007fff32f30000 - 0x00007fff32fcd000 	C:\Windows\System32\msvcp_win.dll
0x00007fff32e30000 - 0x00007fff32f30000 	C:\Windows\System32\ucrtbase.dll
0x00007fff206c0000 - 0x00007fff2095a000 	C:\Windows\WinSxS\amd64_microsoft.windows.common-controls_6595b64144ccf1df_6.0.19041.1110_none_60b5254171f9507e\COMCTL32.dll
0x00007fff33e70000 - 0x00007fff33ea0000 	C:\Windows\System32\IMM32.DLL
0x000000006ce60000 - 0x000000006cf32000 	C:\Program Files\Android\Android Studio1\jre\jre\bin\msvcr100.dll
0x000000006bc90000 - 0x000000006c4db000 	C:\Program Files\Android\Android Studio1\jre\jre\bin\server\jvm.dll
0x00007fff347a0000 - 0x00007fff347a8000 	C:\Windows\System32\PSAPI.DLL
0x00007fff2e8e0000 - 0x00007fff2e8e9000 	C:\Windows\SYSTEM32\WSOCK32.dll
0x00007fff2c1a0000 - 0x00007fff2c1aa000 	C:\Windows\SYSTEM32\VERSION.dll
0x00007fff109e0000 - 0x00007fff10a07000 	C:\Windows\SYSTEM32\WINMM.dll
0x00007fff33fc0000 - 0x00007fff3402b000 	C:\Windows\System32\WS2_32.dll
0x00007fff2da20000 - 0x00007fff2da2f000 	C:\Program Files\Android\Android Studio1\jre\jre\bin\verify.dll
0x00007fff2d2e0000 - 0x00007fff2d309000 	C:\Program Files\Android\Android Studio1\jre\jre\bin\java.dll
0x00007fff2c6a0000 - 0x00007fff2c6b6000 	C:\Program Files\Android\Android Studio1\jre\jre\bin\zip.dll
0x00007fff34ce0000 - 0x00007fff3541f000 	C:\Windows\System32\SHELL32.dll
0x00007fff30ef0000 - 0x00007fff31680000 	C:\Windows\SYSTEM32\windows.storage.dll
0x00007fff34330000 - 0x00007fff34685000 	C:\Windows\System32\combase.dll
0x00007fff32840000 - 0x00007fff3286c000 	C:\Windows\SYSTEM32\Wldp.dll
0x00007fff346f0000 - 0x00007fff3479e000 	C:\Windows\System32\SHCORE.dll
0x00007fff33b30000 - 0x00007fff33b85000 	C:\Windows\System32\shlwapi.dll
0x00007fff32d20000 - 0x00007fff32d3f000 	C:\Windows\SYSTEM32\profapi.dll
0x00007fff2c650000 - 0x00007fff2c66a000 	C:\Program Files\Android\Android Studio1\jre\jre\bin\net.dll
0x00007fff325a0000 - 0x00007fff3260a000 	C:\Windows\system32\mswsock.dll
0x00007fff2bac0000 - 0x00007fff2bad3000 	C:\Program Files\Android\Android Studio1\jre\jre\bin\nio.dll
0x00007fff1d310000 - 0x00007fff1d336000 	C:\Users\FAM\.gradle\native\30\windows-amd64\native-platform.dll
0x00007fff2d4f0000 - 0x00007fff2d4fd000 	C:\Program Files\Android\Android Studio1\jre\jre\bin\management.dll
0x00007fff32790000 - 0x00007fff327a8000 	C:\Windows\SYSTEM32\CRYPTSP.dll
0x00007fff31eb0000 - 0x00007fff31ee4000 	C:\Windows\system32\rsaenh.dll
0x00007fff33300000 - 0x00007fff33327000 	C:\Windows\System32\bcrypt.dll
0x00007fff32ce0000 - 0x00007fff32d0e000 	C:\Windows\SYSTEM32\USERENV.dll
0x00007fff33360000 - 0x00007fff333e3000 	C:\Windows\System32\bcryptprimitives.dll
0x00007fff327b0000 - 0x00007fff327bc000 	C:\Windows\SYSTEM32\CRYPTBASE.dll
0x00007fff32240000 - 0x00007fff3227b000 	C:\Windows\SYSTEM32\IPHLPAPI.DLL
0x00007fff33710000 - 0x00007fff33718000 	C:\Windows\System32\NSI.dll
0x00007fff2ae50000 - 0x00007fff2ae67000 	C:\Windows\SYSTEM32\dhcpcsvc6.DLL
0x00007fff2bef0000 - 0x00007fff2bf0d000 	C:\Windows\SYSTEM32\dhcpcsvc.DLL
0x00007fff32290000 - 0x00007fff3235c000 	C:\Windows\SYSTEM32\DNSAPI.dll

VM Arguments:
jvm_args: -Xmx2048m -Dfile.encoding=UTF-8 -Duser.country=US -Duser.language=en -Duser.variant 
java_command: org.gradle.launcher.daemon.bootstrap.GradleDaemon 5.6.4
java_class_path (initial): C:\Users\FAM\.gradle\wrapper\dists\gradle-5.6.4-all\ankdp27end7byghfw1q2sw75f\gradle-5.6.4\lib\gradle-launcher-5.6.4.jar
Launcher Type: SUN_STANDARD

Environment Variables:
JAVA_HOME=C:\Program Files\Java\jdk1.8.0_301
PATH=C:\Program Files (x86)\Common Files\Oracle\Java\javapath;C:\Windows\system32;C:\Windows;C:\Windows\System32\Wbem;C:\Windows\System32\WindowsPowerShell\v1.0\;C:\Windows\System32\OpenSSH\;C:\Program Files (x86)\NVIDIA Corporation\PhysX\Common;C:\Program Files\NVIDIA Corporation\NVIDIA NvDLISR;%JAVA_HOME%\bin;C:\Program Files\Git\cmd;C:\Users\FAM\AppData\Local\Microsoft\WindowsApps;&JAVA_HOME&\bin;C:\Users\FAM\AppData\Local\Android\Sdk\platform-tools;C:\Users\FAM\AppData\Local\Android\Sdk\tools;C:\Program Files\JetBrains\PyCharm Community Edition 2021.2\bin;;C:\Users\FAM\AppData\Local\Programs\Python\Python38\Scripts;C:\Users\FAM\AppData\Local\Programs\Python\Python38;C:\Users\FAM\AppData\Local\Programs\Python\Python38-32\Scripts;C:\Users\FAM\AppData\Local\Programs\Python\Python38-32;C:\Users\FAM\AppData\Local\Programs\Python\Python39\Scripts;C:\Users\FAM\AppData\Local\Programs\Python\Python39;
USERNAME=FAM
OS=Windows_NT
PROCESSOR_IDENTIFIER=Intel64 Family 6 Model 158 Stepping 9, GenuineIntel



---------------  S Y S T E M  ---------------

OS: Windows 10.0 , 64 bit Build 19041 (10.0.19041.1151)

CPU:total 8 (initial active 8) (4 cores per cpu, 2 threads per core) family 6 model 158 stepping 9, cmov, cx8, fxsr, mmx, sse, sse2, sse3, ssse3, sse4.1, sse4.2, popcnt, avx, avx2, aes, clmul, erms, 3dnowpref, lzcnt, ht, tsc, tscinvbit, bmi1, bmi2, adx

Memory: 4k page, physical 12447972k(2747300k free), swap 12447972k(12104k free)

vm_info: OpenJDK 64-Bit Server VM (25.242-b01) for windows-amd64 JRE (1.8.0_242-release-1644-b01), built by "builder" with MS VC++ 10.0 (VS2010)

time: Thu Sep 02 14:59:54 2021
timezone: SE Asia Standard Time
elapsed time: 455 seconds (0d 0h 7m 35s)

