#
# There is insufficient memory for the Java Runtime Environment to continue.
# Native memory allocation (malloc) failed to allocate 34736 bytes for Chunk::new
# Possible reasons:
#   The system is out of physical RAM or swap space
#   The process is running with CompressedOops enabled, and the Java Heap may be blocking the growth of the native heap
# Possible solutions:
#   Reduce memory load on the system
#   Increase physical memory or swap space
#   Check if swap backing store is full
#   Decrease Java heap size (-Xmx/-Xms)
#   Decrease number of Java threads
#   Decrease Java thread stack sizes (-Xss)
#   Set larger code cache with -XX:ReservedCodeCacheSize=
#   JVM is running with Unscaled Compressed Oops mode in which the Java heap is
#     placed in the first 4GB address space. The Java Heap base address is the
#     maximum limit for the native heap growth. Please use -XX:HeapBaseMinAddress
#     to set the Java Heap base and to place the Java Heap above 4GB virtual address.
# This output file may be truncated or incomplete.
#
#  Out of Memory Error (allocation.cpp:389), pid=9572, tid=0x0000000000002560
#
# JRE version: OpenJDK Runtime Environment (8.0_242-b01) (build 1.8.0_242-release-1644-b01)
# Java VM: OpenJDK 64-Bit Server VM (25.242-b01 mixed mode windows-amd64 compressed oops)
# Failed to write core dump. Minidumps are not enabled by default on client versions of Windows
#

---------------  T H R E A D  ---------------

Current thread (0x0000000018257000):  JavaThread "C2 CompilerThread1" daemon [_thread_in_native, id=9568, stack(0x0000000018c20000,0x0000000018d20000)]

Stack: [0x0000000018c20000,0x0000000018d20000]
[error occurred during error reporting (printing stack bounds), id 0xc0000005]

Native frames: (J=compiled Java code, j=interpreted, Vv=VM code, C=native code)


Current CompileTask:
C2:   6903 4006       4       java.lang.ThreadLocal::get (38 bytes)


---------------  P R O C E S S  ---------------

Java Threads: ( => current thread )
  0x000000001da22000 JavaThread "Cache worker for Build Output Cleanup Cache (C:\Users\FAM\Desktop\Project\ProjectLips\LipColor-master\.gradle\buildOutputCleanup)" [_thread_blocked, id=12036, stack(0x00000000244c0000,0x00000000245c0000)]
  0x000000001da29000 JavaThread "Build operations Thread 8" [_thread_blocked, id=12352, stack(0x0000000023dc0000,0x0000000023ec0000)]
  0x000000001da21800 JavaThread "Build operations Thread 7" [_thread_blocked, id=9204, stack(0x0000000023cc0000,0x0000000023dc0000)]
  0x000000001da24800 JavaThread "Build operations Thread 6" [_thread_blocked, id=11928, stack(0x0000000023bc0000,0x0000000023cc0000)]
  0x000000001da23800 JavaThread "Build operations Thread 5" [_thread_blocked, id=11784, stack(0x0000000023ac0000,0x0000000023bc0000)]
  0x000000001da28000 JavaThread "Build operations Thread 4" [_thread_blocked, id=12268, stack(0x0000000022950000,0x0000000022a50000)]
  0x000000001da27800 JavaThread "Build operations Thread 3" [_thread_blocked, id=6176, stack(0x0000000022850000,0x0000000022950000)]
  0x000000001da26000 JavaThread "Build operations Thread 2" [_thread_blocked, id=11036, stack(0x0000000022750000,0x0000000022850000)]
  0x000000001da25000 JavaThread "Build operations" [_thread_blocked, id=1828, stack(0x0000000022650000,0x0000000022750000)]
  0x000000001da26800 JavaThread "Cache worker for execution history cache (C:\Users\FAM\.gradle\caches\5.6.4\executionHistory)" [_thread_blocked, id=10816, stack(0x0000000020b70000,0x0000000020c70000)]
  0x00000000185eb000 JavaThread "Cache worker for cache directory md-rule (C:\Users\FAM\.gradle\caches\5.6.4\md-rule)" [_thread_blocked, id=6572, stack(0x0000000020a70000,0x0000000020b70000)]
  0x00000000185f0800 JavaThread "Cache worker for cache directory md-supplier (C:\Users\FAM\.gradle\caches\5.6.4\md-supplier)" [_thread_blocked, id=11008, stack(0x000000001f4e0000,0x000000001f5e0000)]
  0x00000000185f1800 JavaThread "Cache worker for file hash cache (C:\Users\FAM\Desktop\Project\ProjectLips\LipColor-master\.gradle\5.6.4\fileHashes)" [_thread_blocked, id=5992, stack(0x000000001f1e0000,0x000000001f2e0000)]
  0x00000000185ec000 JavaThread "Cache worker for journal cache (C:\Users\FAM\.gradle\caches\journal-1)" [_thread_blocked, id=10152, stack(0x000000001cf40000,0x000000001d040000)]
  0x00000000185f0000 JavaThread "File lock request listener" [_thread_in_native, id=6508, stack(0x000000001ce40000,0x000000001cf40000)]
  0x0000000019304800 JavaThread "Cache worker for file hash cache (C:\Users\FAM\.gradle\caches\5.6.4\fileHashes)" [_thread_blocked, id=7224, stack(0x000000001cd40000,0x000000001ce40000)]
  0x000000001ac8a000 JavaThread "Thread-9" [_thread_blocked, id=4252, stack(0x000000001ca40000,0x000000001cb40000)]
  0x000000001ad29800 JavaThread "Stdin handler" [_thread_blocked, id=3316, stack(0x000000001c940000,0x000000001ca40000)]
  0x000000001acbb800 JavaThread "Asynchronous log dispatcher for DefaultDaemonConnection: socket connection from /127.0.0.1:50234 to /127.0.0.1:50235" [_thread_blocked, id=11164, stack(0x000000001c840000,0x000000001c940000)]
  0x000000001ac7b000 JavaThread "Daemon worker" [_thread_in_Java, id=12688, stack(0x000000001c740000,0x000000001c840000)]
  0x000000001ac94800 JavaThread "Cancel handler" [_thread_blocked, id=10236, stack(0x000000001c640000,0x000000001c740000)]
  0x000000001ac50800 JavaThread "Handler for socket connection from /127.0.0.1:50234 to /127.0.0.1:50235" [_thread_in_native, id=2180, stack(0x000000001c340000,0x000000001c440000)]
  0x000000001ac49800 JavaThread "Daemon" [_thread_blocked, id=13264, stack(0x000000001c240000,0x000000001c340000)]
  0x000000001abb4800 JavaThread "Daemon periodic checks" [_thread_blocked, id=7404, stack(0x000000001c140000,0x000000001c240000)]
  0x000000001abbc000 JavaThread "Incoming local TCP Connector on port 50234" [_thread_in_native, id=12680, stack(0x000000001bf00000,0x000000001c000000)]
  0x000000001ab4b800 JavaThread "Daemon health stats" [_thread_blocked, id=10320, stack(0x000000001b8c0000,0x000000001b9c0000)]
  0x0000000018334800 JavaThread "Service Thread" daemon [_thread_blocked, id=1812, stack(0x0000000018f20000,0x0000000019020000)]
  0x00000000182a7000 JavaThread "C1 CompilerThread3" daemon [_thread_blocked, id=9384, stack(0x0000000018e20000,0x0000000018f20000)]
  0x000000001825e000 JavaThread "C2 CompilerThread2" daemon [_thread_in_native, id=12676, stack(0x0000000018d20000,0x0000000018e20000)]
=>0x0000000018257000 JavaThread "C2 CompilerThread1" daemon [_thread_in_native, id=9568, stack(0x0000000018c20000,0x0000000018d20000)]
  0x000000001645e000 JavaThread "C2 CompilerThread0" daemon [_thread_in_native, id=9976, stack(0x0000000018b20000,0x0000000018c20000)]
  0x000000001645d000 JavaThread "Attach Listener" daemon [_thread_blocked, id=12044, stack(0x0000000018a20000,0x0000000018b20000)]
  0x00000000182a1800 JavaThread "Signal Dispatcher" daemon [_thread_blocked, id=7664, stack(0x0000000018920000,0x0000000018a20000)]
  0x000000000268d800 JavaThread "Finalizer" daemon [_thread_blocked, id=2984, stack(0x0000000018720000,0x0000000018820000)]
  0x0000000018240800 JavaThread "Reference Handler" daemon [_thread_blocked, id=4700, stack(0x0000000018620000,0x0000000018720000)]
  0x000000000238e000 JavaThread "main" [_thread_blocked, id=9960, stack(0x0000000002490000,0x0000000002590000)]

Other Threads:
  0x0000000016448000 VMThread [stack: 0x0000000018120000,0x0000000018220000] [id=4000]
  0x0000000018335000 WatcherThread [stack: 0x0000000019020000,0x0000000019120000] [id=12816]

VM state:not at safepoint (normal execution)

VM Mutex/Monitor currently owned by a thread: None

heap address: 0x00000000a0000000, size: 1536 MB, Compressed Oops mode: 32-bit
Narrow klass base: 0x0000000000000000, Narrow klass shift: 3
Compressed class space size: 1073741824 Address: 0x0000000100000000

Heap:
 PSYoungGen      total 178688K, used 117008K [0x00000000e0000000, 0x00000000ed600000, 0x0000000100000000)
  eden space 165888K, 70% used [0x00000000e0000000,0x00000000e72440c8,0x00000000ea200000)
  from space 12800K, 0% used [0x00000000ebd00000,0x00000000ebd00000,0x00000000ec980000)
  to   space 10240K, 0% used [0x00000000ecc00000,0x00000000ecc00000,0x00000000ed600000)
 ParOldGen       total 123392K, used 19087K [0x00000000a0000000, 0x00000000a7880000, 0x00000000e0000000)
  object space 123392K, 15% used [0x00000000a0000000,0x00000000a12a3e30,0x00000000a7880000)
 Metaspace       used 44145K, capacity 45566K, committed 45864K, reserved 1089536K
  class space    used 5988K, capacity 6350K, committed 6440K, reserved 1048576K

Card table byte_map: [0x0000000011a50000,0x0000000011d60000] byte_map_base: 0x0000000011550000

Marking Bits: (ParMarkBitMap*) 0x000000006858f030
 Begin Bits: [0x0000000012760000, 0x0000000013f60000)
 End Bits:   [0x0000000013f60000, 0x0000000015760000)

Polling page: 0x00000000022f0000

CodeCache: size=245760Kb used=13843Kb max_used=13843Kb free=231916Kb
 bounds [0x0000000002690000, 0x0000000003420000, 0x0000000011690000]
 total_blobs=4714 nmethods=3967 adapters=659
 compilation: enabled

Compilation events (10 events):
Event: 6.893 Thread 0x0000000018257000 nmethod 4001 0x0000000003414810 code [0x0000000003414940, 0x00000000034149d8]
Event: 6.895 Thread 0x000000001825e000 nmethod 3996% 0x0000000003419a90 code [0x0000000003419be0, 0x000000000341a478]
Event: 6.896 Thread 0x0000000018257000 4002       4       java.util.HashMap::<init> (98 bytes)
Event: 6.896 Thread 0x000000001825e000 4003       4       java.lang.String::checkBounds (46 bytes)
Event: 6.896 Thread 0x00000000182a7000 4005       3       java.util.jar.Manifest::read (328 bytes)
Event: 6.896 Thread 0x000000001825e000 nmethod 4003 0x000000000341ac50 code [0x000000000341ad80, 0x000000000341ae38]
Event: 6.896 Thread 0x000000001825e000 4004       4       java.lang.String::<init> (38 bytes)
Event: 6.897 Thread 0x0000000018257000 nmethod 4002 0x000000000341a810 code [0x000000000341a960, 0x000000000341aaf8]
Event: 6.897 Thread 0x0000000018257000 4006       4       java.lang.ThreadLocal::get (38 bytes)
Event: 6.898 Thread 0x00000000182a7000 nmethod 4005 0x000000000341c690 code [0x000000000341ca20, 0x000000000341e498]

GC Heap History (10 events):
Event: 3.367 GC heap before
{Heap before GC invocations=5 (full 0):
 PSYoungGen      total 105984K, used 11817K [0x00000000e0000000, 0x00000000e6f00000, 0x0000000100000000)
  eden space 98304K, 4% used [0x00000000e0000000,0x00000000e040f838,0x00000000e6000000)
  from space 7680K, 99% used [0x00000000e6780000,0x00000000e6efaf00,0x00000000e6f00000)
  to   space 7680K, 0% used [0x00000000e6000000,0x00000000e6000000,0x00000000e6780000)
 ParOldGen       total 130048K, used 5253K [0x00000000a0000000, 0x00000000a7f00000, 0x00000000e0000000)
  object space 130048K, 4% used [0x00000000a0000000,0x00000000a0521788,0x00000000a7f00000)
 Metaspace       used 20722K, capacity 21200K, committed 21296K, reserved 1067008K
  class space    used 3008K, capacity 3173K, committed 3200K, reserved 1048576K
Event: 3.374 GC heap after
Heap after GC invocations=5 (full 0):
 PSYoungGen      total 105984K, used 7668K [0x00000000e0000000, 0x00000000ed800000, 0x0000000100000000)
  eden space 98304K, 0% used [0x00000000e0000000,0x00000000e0000000,0x00000000e6000000)
  from space 7680K, 99% used [0x00000000e6000000,0x00000000e677d060,0x00000000e6780000)
  to   space 12288K, 0% used [0x00000000ecc00000,0x00000000ecc00000,0x00000000ed800000)
 ParOldGen       total 130048K, used 5813K [0x00000000a0000000, 0x00000000a7f00000, 0x00000000e0000000)
  object space 130048K, 4% used [0x00000000a0000000,0x00000000a05ad718,0x00000000a7f00000)
 Metaspace       used 20722K, capacity 21200K, committed 21296K, reserved 1067008K
  class space    used 3008K, capacity 3173K, committed 3200K, reserved 1048576K
}
Event: 3.374 GC heap before
{Heap before GC invocations=6 (full 1):
 PSYoungGen      total 105984K, used 7668K [0x00000000e0000000, 0x00000000ed800000, 0x0000000100000000)
  eden space 98304K, 0% used [0x00000000e0000000,0x00000000e0000000,0x00000000e6000000)
  from space 7680K, 99% used [0x00000000e6000000,0x00000000e677d060,0x00000000e6780000)
  to   space 12288K, 0% used [0x00000000ecc00000,0x00000000ecc00000,0x00000000ed800000)
 ParOldGen       total 130048K, used 5813K [0x00000000a0000000, 0x00000000a7f00000, 0x00000000e0000000)
  object space 130048K, 4% used [0x00000000a0000000,0x00000000a05ad718,0x00000000a7f00000)
 Metaspace       used 20722K, capacity 21200K, committed 21296K, reserved 1067008K
  class space    used 3008K, capacity 3173K, committed 3200K, reserved 1048576K
Event: 3.414 GC heap after
Heap after GC invocations=6 (full 1):
 PSYoungGen      total 105984K, used 0K [0x00000000e0000000, 0x00000000ed800000, 0x0000000100000000)
  eden space 98304K, 0% used [0x00000000e0000000,0x00000000e0000000,0x00000000e6000000)
  from space 7680K, 0% used [0x00000000e6000000,0x00000000e6000000,0x00000000e6780000)
  to   space 12288K, 0% used [0x00000000ecc00000,0x00000000ecc00000,0x00000000ed800000)
 ParOldGen       total 75264K, used 8098K [0x00000000a0000000, 0x00000000a4980000, 0x00000000e0000000)
  object space 75264K, 10% used [0x00000000a0000000,0x00000000a07e89a8,0x00000000a4980000)
 Metaspace       used 20722K, capacity 21200K, committed 21296K, reserved 1067008K
  class space    used 3008K, capacity 3173K, committed 3200K, reserved 1048576K
}
Event: 4.421 GC heap before
{Heap before GC invocations=7 (full 1):
 PSYoungGen      total 105984K, used 98304K [0x00000000e0000000, 0x00000000ed800000, 0x0000000100000000)
  eden space 98304K, 100% used [0x00000000e0000000,0x00000000e6000000,0x00000000e6000000)
  from space 7680K, 0% used [0x00000000e6000000,0x00000000e6000000,0x00000000e6780000)
  to   space 12288K, 0% used [0x00000000ecc00000,0x00000000ecc00000,0x00000000ed800000)
 ParOldGen       total 75264K, used 8098K [0x00000000a0000000, 0x00000000a4980000, 0x00000000e0000000)
  object space 75264K, 10% used [0x00000000a0000000,0x00000000a07e89a8,0x00000000a4980000)
 Metaspace       used 30097K, capacity 30668K, committed 30848K, reserved 1075200K
  class space    used 4162K, capacity 4359K, committed 4480K, reserved 1048576K
Event: 4.435 GC heap after
Heap after GC invocations=7 (full 1):
 PSYoungGen      total 176128K, used 9819K [0x00000000e0000000, 0x00000000ed600000, 0x0000000100000000)
  eden space 165888K, 0% used [0x00000000e0000000,0x00000000e0000000,0x00000000ea200000)
  from space 10240K, 95% used [0x00000000ecc00000,0x00000000ed596c90,0x00000000ed600000)
  to   space 12800K, 0% used [0x00000000ebd00000,0x00000000ebd00000,0x00000000ec980000)
 ParOldGen       total 75264K, used 8106K [0x00000000a0000000, 0x00000000a4980000, 0x00000000e0000000)
  object space 75264K, 10% used [0x00000000a0000000,0x00000000a07ea9a8,0x00000000a4980000)
 Metaspace       used 30097K, capacity 30668K, committed 30848K, reserved 1075200K
  class space    used 4162K, capacity 4359K, committed 4480K, reserved 1048576K
}
Event: 5.551 GC heap before
{Heap before GC invocations=8 (full 1):
 PSYoungGen      total 176128K, used 100970K [0x00000000e0000000, 0x00000000ed600000, 0x0000000100000000)
  eden space 165888K, 54% used [0x00000000e0000000,0x00000000e5903b88,0x00000000ea200000)
  from space 10240K, 95% used [0x00000000ecc00000,0x00000000ed596c90,0x00000000ed600000)
  to   space 12800K, 0% used [0x00000000ebd00000,0x00000000ebd00000,0x00000000ec980000)
 ParOldGen       total 75264K, used 8106K [0x00000000a0000000, 0x00000000a4980000, 0x00000000e0000000)
  object space 75264K, 10% used [0x00000000a0000000,0x00000000a07ea9a8,0x00000000a4980000)
 Metaspace       used 34462K, capacity 35412K, committed 35496K, reserved 1079296K
  class space    used 4762K, capacity 5031K, committed 5032K, reserved 1048576K
Event: 5.566 GC heap after
Heap after GC invocations=8 (full 1):
 PSYoungGen      total 178688K, used 11995K [0x00000000e0000000, 0x00000000ed600000, 0x0000000100000000)
  eden space 165888K, 0% used [0x00000000e0000000,0x00000000e0000000,0x00000000ea200000)
  from space 12800K, 93% used [0x00000000ebd00000,0x00000000ec8b6cb0,0x00000000ec980000)
  to   space 10240K, 0% used [0x00000000ecc00000,0x00000000ecc00000,0x00000000ed600000)
 ParOldGen       total 75264K, used 8114K [0x00000000a0000000, 0x00000000a4980000, 0x00000000e0000000)
  object space 75264K, 10% used [0x00000000a0000000,0x00000000a07ec9a8,0x00000000a4980000)
 Metaspace       used 34462K, capacity 35412K, committed 35496K, reserved 1079296K
  class space    used 4762K, capacity 5031K, committed 5032K, reserved 1048576K
}
Event: 5.566 GC heap before
{Heap before GC invocations=9 (full 2):
 PSYoungGen      total 178688K, used 11995K [0x00000000e0000000, 0x00000000ed600000, 0x0000000100000000)
  eden space 165888K, 0% used [0x00000000e0000000,0x00000000e0000000,0x00000000ea200000)
  from space 12800K, 93% used [0x00000000ebd00000,0x00000000ec8b6cb0,0x00000000ec980000)
  to   space 10240K, 0% used [0x00000000ecc00000,0x00000000ecc00000,0x00000000ed600000)
 ParOldGen       total 75264K, used 8114K [0x00000000a0000000, 0x00000000a4980000, 0x00000000e0000000)
  object space 75264K, 10% used [0x00000000a0000000,0x00000000a07ec9a8,0x00000000a4980000)
 Metaspace       used 34462K, capacity 35412K, committed 35496K, reserved 1079296K
  class space    used 4762K, capacity 5031K, committed 5032K, reserved 1048576K
Event: 5.679 GC heap after
Heap after GC invocations=9 (full 2):
 PSYoungGen      total 178688K, used 0K [0x00000000e0000000, 0x00000000ed600000, 0x0000000100000000)
  eden space 165888K, 0% used [0x00000000e0000000,0x00000000e0000000,0x00000000ea200000)
  from space 12800K, 0% used [0x00000000ebd00000,0x00000000ebd00000,0x00000000ec980000)
  to   space 10240K, 0% used [0x00000000ecc00000,0x00000000ecc00000,0x00000000ed600000)
 ParOldGen       total 123392K, used 19087K [0x00000000a0000000, 0x00000000a7880000, 0x00000000e0000000)
  object space 123392K, 15% used [0x00000000a0000000,0x00000000a12a3e30,0x00000000a7880000)
 Metaspace       used 34462K, capacity 35412K, committed 35496K, reserved 1079296K
  class space    used 4762K, capacity 5031K, committed 5032K, reserved 1048576K
}

Deoptimization events (10 events):
Event: 6.863 Thread 0x000000001ac7b000 Uncommon trap: reason=unstable_if action=reinterpret pc=0x0000000002b8e73c method=java.lang.CharacterDataLatin1.isWhitespace(I)Z @ 14
Event: 6.890 Thread 0x000000001ac7b000 Uncommon trap: reason=unstable_if action=reinterpret pc=0x00000000031a6958 method=java.util.jar.JarFile.maybeInstantiateVerifier()V @ 4
Event: 6.890 Thread 0x000000001ac7b000 Uncommon trap: reason=unstable_if action=reinterpret pc=0x0000000003383e14 method=java.util.jar.JarFile.maybeInstantiateVerifier()V @ 4
Event: 6.891 Thread 0x000000001ac7b000 Uncommon trap: reason=unstable_if action=reinterpret pc=0x0000000003353eb0 method=java.security.CodeSource.<init>(Ljava/net/URL;[Ljava/security/CodeSigner;)V @ 25
Event: 6.892 Thread 0x000000001ac7b000 Uncommon trap: reason=unstable_if action=reinterpret pc=0x0000000002d0b86c method=java.security.CodeSource.getCertificates()[Ljava/security/cert/Certificate; @ 22
Event: 6.892 Thread 0x000000001ac7b000 Uncommon trap: reason=unstable_if action=reinterpret pc=0x0000000003077424 method=java.util.jar.JarFile.maybeInstantiateVerifier()V @ 4
Event: 6.892 Thread 0x000000001ac7b000 Uncommon trap: reason=unstable_if action=reinterpret pc=0x0000000002b974b0 method=java.util.jar.JarFile.maybeInstantiateVerifier()V @ 4
Event: 6.892 Thread 0x000000001ac7b000 Uncommon trap: reason=unstable_if action=reinterpret pc=0x0000000003385f48 method=java.util.jar.JarFile.maybeInstantiateVerifier()V @ 4
Event: 6.893 Thread 0x000000001ac7b000 Uncommon trap: reason=unstable_if action=reinterpret pc=0x0000000003376a8c method=java.security.CodeSource.matchCerts(Ljava/security/CodeSource;Z)Z @ 11
Event: 6.893 Thread 0x000000001ac7b000 Uncommon trap: reason=unstable_if action=reinterpret pc=0x0000000003313228 method=java.lang.ClassLoader.compareCerts([Ljava/security/cert/Certificate;[Ljava/security/cert/Certificate;)Z @ 1

Classes redefined (0 events):
No events

Internal exceptions (10 events):
Event: 6.201 Thread 0x000000001ac7b000 Exception <a 'java/lang/ClassNotFoundException': org/gradle/api/internal/AbstractTaskBeanInfo> (0x00000000e2beb360) thrown at [C:\src\AOSP-openjdk-git\hotspot\src\share\vm\classfile\systemDictionary.cpp, line 210]
Event: 6.202 Thread 0x000000001ac7b000 Exception <a 'java/lang/ClassNotFoundException': org/gradle/api/internal/AbstractTaskCustomizer> (0x00000000e2c1e2f8) thrown at [C:\src\AOSP-openjdk-git\hotspot\src\share\vm\classfile\systemDictionary.cpp, line 210]
Event: 6.204 Thread 0x000000001ac7b000 Exception <a 'java/lang/ClassNotFoundException': org/gradle/api/DefaultTaskCustomizer> (0x00000000e2caa660) thrown at [C:\src\AOSP-openjdk-git\hotspot\src\share\vm\classfile\systemDictionary.cpp, line 210]
Event: 6.205 Thread 0x000000001ac7b000 Exception <a 'java/lang/ClassNotFoundException': org/gradle/api/internal/ConventionTaskCustomizer> (0x00000000e2cecf00) thrown at [C:\src\AOSP-openjdk-git\hotspot\src\share\vm\classfile\systemDictionary.cpp, line 210]
Event: 6.206 Thread 0x000000001ac7b000 Exception <a 'java/lang/ClassNotFoundException': org/gradle/api/tasks/DeleteCustomizer> (0x00000000e2d2c1a8) thrown at [C:\src\AOSP-openjdk-git\hotspot\src\share\vm\classfile\systemDictionary.cpp, line 210]
Event: 6.208 Thread 0x000000001ac7b000 Exception <a 'java/lang/ClassNotFoundException': org/gradle/api/tasks/Delete_DecoratedCustomizer> (0x00000000e2d79088) thrown at [C:\src\AOSP-openjdk-git\hotspot\src\share\vm\classfile\systemDictionary.cpp, line 210]
Event: 6.229 Thread 0x000000001ac7b000 Exception <a 'java/lang/ClassNotFoundException': build_ubbcu7zzdm9nowrbgr99pft0BeanInfo> (0x00000000e2e707e0) thrown at [C:\src\AOSP-openjdk-git\hotspot\src\share\vm\classfile\systemDictionary.cpp, line 210]
Event: 6.229 Thread 0x000000001ac7b000 Exception <a 'java/lang/ClassNotFoundException': build_ubbcu7zzdm9nowrbgr99pft0Customizer> (0x00000000e2e7d1c8) thrown at [C:\src\AOSP-openjdk-git\hotspot\src\share\vm\classfile\systemDictionary.cpp, line 210]
Event: 6.238 Thread 0x000000001ac7b000 Exception <a 'java/lang/ClassNotFoundException': org/gradle/plugin/use/internal/PluginRequestCollector$PluginDependenciesSpecImplBeanInfo> (0x00000000e2f1c058) thrown at [C:\src\AOSP-openjdk-git\hotspot\src\share\vm\classfile\systemDictionary.cpp, line 21
Event: 6.239 Thread 0x000000001ac7b000 Exception <a 'java/lang/ClassNotFoundException': org/gradle/plugin/use/internal/PluginRequestCollector$PluginDependenciesSpecImplCustomizer> (0x00000000e2f5b908) thrown at [C:\src\AOSP-openjdk-git\hotspot\src\share\vm\classfile\systemDictionary.cpp, line 

Events (10 events):
Event: 6.892 Thread 0x000000001ac7b000 Uncommon trap: trap_request=0xffffff65 fr.pc=0x0000000003376a8c
Event: 6.892 Executing VM operation: RevokeBias
Event: 6.893 Executing VM operation: RevokeBias done
Event: 6.893 Thread 0x000000001ac7b000 DEOPT PACKING pc=0x0000000003376a8c sp=0x000000001c8349c0
Event: 6.893 Thread 0x000000001ac7b000 DEOPT UNPACKING pc=0x00000000026d557b sp=0x000000001c834790 mode 2
Event: 6.893 Thread 0x000000001ac7b000 Uncommon trap: trap_request=0xffffff65 fr.pc=0x0000000003313228
Event: 6.893 Thread 0x000000001ac7b000 DEOPT PACKING pc=0x0000000003313228 sp=0x000000001c8347d0
Event: 6.893 Thread 0x000000001ac7b000 DEOPT UNPACKING pc=0x00000000026d557b sp=0x000000001c834748 mode 2
Event: 6.893 loading class org/bouncycastle/jce/provider/BouncyCastleProvider
Event: 6.893 loading class org/bouncycastle/jce/provider/BouncyCastleProvider done


Dynamic libraries:
0x00007ff79d380000 - 0x00007ff79d3b1000 	C:\Program Files\Android\Android Studio1\jre\bin\java.exe
0x00007ffdb6af0000 - 0x00007ffdb6ce5000 	C:\Windows\SYSTEM32\ntdll.dll
0x00007ffdb5730000 - 0x00007ffdb57ed000 	C:\Windows\System32\KERNEL32.DLL
0x00007ffdb4620000 - 0x00007ffdb48e9000 	C:\Windows\System32\KERNELBASE.dll
0x00007ffdb4c70000 - 0x00007ffdb4d1c000 	C:\Windows\System32\ADVAPI32.dll
0x00007ffdb4dd0000 - 0x00007ffdb4e6e000 	C:\Windows\System32\msvcrt.dll
0x00007ffdb4e70000 - 0x00007ffdb4f0b000 	C:\Windows\System32\sechost.dll
0x00007ffdb5b30000 - 0x00007ffdb5c5a000 	C:\Windows\System32\RPCRT4.dll
0x00007ffdb6490000 - 0x00007ffdb6630000 	C:\Windows\System32\USER32.dll
0x00007ffdb4950000 - 0x00007ffdb4972000 	C:\Windows\System32\win32u.dll
0x00007ffdb5170000 - 0x00007ffdb519a000 	C:\Windows\System32\GDI32.dll
0x00007ffdb43b0000 - 0x00007ffdb44bb000 	C:\Windows\System32\gdi32full.dll
0x00007ffdb4a60000 - 0x00007ffdb4afd000 	C:\Windows\System32\msvcp_win.dll
0x00007ffdb42b0000 - 0x00007ffdb43b0000 	C:\Windows\System32\ucrtbase.dll
0x00007ffda1ea0000 - 0x00007ffda213a000 	C:\Windows\WinSxS\amd64_microsoft.windows.common-controls_6595b64144ccf1df_6.0.19041.1110_none_60b5254171f9507e\COMCTL32.dll
0x00007ffdb4d20000 - 0x00007ffdb4d50000 	C:\Windows\System32\IMM32.DLL
0x0000000069070000 - 0x0000000069142000 	C:\Program Files\Android\Android Studio1\jre\jre\bin\msvcr100.dll
0x0000000067dc0000 - 0x000000006860b000 	C:\Program Files\Android\Android Studio1\jre\jre\bin\server\jvm.dll
0x00007ffdb5970000 - 0x00007ffdb5978000 	C:\Windows\System32\PSAPI.DLL
0x00007ffdadbc0000 - 0x00007ffdadbca000 	C:\Windows\SYSTEM32\VERSION.dll
0x00007ffd91020000 - 0x00007ffd91047000 	C:\Windows\SYSTEM32\WINMM.dll
0x00007ffdafd10000 - 0x00007ffdafd19000 	C:\Windows\SYSTEM32\WSOCK32.dll
0x00007ffdb57f0000 - 0x00007ffdb585b000 	C:\Windows\System32\WS2_32.dll
0x00007ffdafcd0000 - 0x00007ffdafcdf000 	C:\Program Files\Android\Android Studio1\jre\jre\bin\verify.dll
0x00007ffdad230000 - 0x00007ffdad259000 	C:\Program Files\Android\Android Studio1\jre\jre\bin\java.dll
0x00007ffdaef50000 - 0x00007ffdaef66000 	C:\Program Files\Android\Android Studio1\jre\jre\bin\zip.dll
0x00007ffdb5c60000 - 0x00007ffdb639f000 	C:\Windows\System32\SHELL32.dll
0x00007ffdb2330000 - 0x00007ffdb2ac0000 	C:\Windows\SYSTEM32\windows.storage.dll
0x00007ffdb53d0000 - 0x00007ffdb5725000 	C:\Windows\System32\combase.dll
0x00007ffdb3c80000 - 0x00007ffdb3cac000 	C:\Windows\SYSTEM32\Wldp.dll
0x00007ffdb50c0000 - 0x00007ffdb516e000 	C:\Windows\System32\SHCORE.dll
0x00007ffdb5060000 - 0x00007ffdb50b5000 	C:\Windows\System32\shlwapi.dll
0x00007ffdb4160000 - 0x00007ffdb417f000 	C:\Windows\SYSTEM32\profapi.dll
0x00007ffdad770000 - 0x00007ffdad78a000 	C:\Program Files\Android\Android Studio1\jre\jre\bin\net.dll
0x00007ffdb39e0000 - 0x00007ffdb3a4a000 	C:\Windows\system32\mswsock.dll
0x00007ffdad1e0000 - 0x00007ffdad1f3000 	C:\Program Files\Android\Android Studio1\jre\jre\bin\nio.dll
0x00007ffd8af90000 - 0x00007ffd8afb6000 	C:\Users\FAM\.gradle\native\30\windows-amd64\native-platform.dll
0x00007ffdaf110000 - 0x00007ffdaf11d000 	C:\Program Files\Android\Android Studio1\jre\jre\bin\management.dll
0x00007ffdb3bd0000 - 0x00007ffdb3be8000 	C:\Windows\SYSTEM32\CRYPTSP.dll
0x00007ffdb32f0000 - 0x00007ffdb3324000 	C:\Windows\system32\rsaenh.dll
0x00007ffdb4a30000 - 0x00007ffdb4a57000 	C:\Windows\System32\bcrypt.dll
0x00007ffdb4120000 - 0x00007ffdb414e000 	C:\Windows\SYSTEM32\USERENV.dll
0x00007ffdb4220000 - 0x00007ffdb42a3000 	C:\Windows\System32\bcryptprimitives.dll
0x00007ffdb3bf0000 - 0x00007ffdb3bfc000 	C:\Windows\SYSTEM32\CRYPTBASE.dll
0x00007ffdb3680000 - 0x00007ffdb36bb000 	C:\Windows\SYSTEM32\IPHLPAPI.DLL
0x00007ffdb51b0000 - 0x00007ffdb51b8000 	C:\Windows\System32\NSI.dll
0x00007ffdab500000 - 0x00007ffdab517000 	C:\Windows\SYSTEM32\dhcpcsvc6.DLL
0x00007ffdabe00000 - 0x00007ffdabe1d000 	C:\Windows\SYSTEM32\dhcpcsvc.DLL
0x00007ffdb36d0000 - 0x00007ffdb379c000 	C:\Windows\SYSTEM32\DNSAPI.dll

VM Arguments:
jvm_args: -Xmx1536m -Dfile.encoding=UTF-8 -Duser.country=US -Duser.language=en -Duser.variant 
java_command: org.gradle.launcher.daemon.bootstrap.GradleDaemon 5.6.4
java_class_path (initial): C:\Users\FAM\.gradle\wrapper\dists\gradle-5.6.4-all\ankdp27end7byghfw1q2sw75f\gradle-5.6.4\lib\gradle-launcher-5.6.4.jar
Launcher Type: SUN_STANDARD

Environment Variables:
JAVA_HOME=C:\Program Files\Java\jdk1.8.0_301
PATH=C:\Program Files (x86)\Common Files\Oracle\Java\javapath;C:\Windows\system32;C:\Windows;C:\Windows\System32\Wbem;C:\Windows\System32\WindowsPowerShell\v1.0\;C:\Windows\System32\OpenSSH\;C:\Program Files (x86)\NVIDIA Corporation\PhysX\Common;C:\Program Files\NVIDIA Corporation\NVIDIA NvDLISR;%JAVA_HOME%\bin;C:\Program Files\Git\cmd;C:\Users\FAM\AppData\Local\Microsoft\WindowsApps;&JAVA_HOME&\bin;C:\Users\FAM\AppData\Local\Android\Sdk\platform-tools;C:\Users\FAM\AppData\Local\Android\Sdk\tools;C:\Program Files\JetBrains\PyCharm Community Edition 2021.2\bin;;C:\Users\FAM\AppData\Local\Programs\Python\Python38\Scripts;C:\Users\FAM\AppData\Local\Programs\Python\Python38;C:\Users\FAM\AppData\Local\Programs\Python\Python38-32\Scripts;C:\Users\FAM\AppData\Local\Programs\Python\Python38-32;C:\Users\FAM\AppData\Local\Programs\Python\Python39\Scripts;C:\Users\FAM\AppData\Local\Programs\Python\Python39;
USERNAME=FAM
OS=Windows_NT
PROCESSOR_IDENTIFIER=Intel64 Family 6 Model 158 Stepping 9, GenuineIntel



---------------  S Y S T E M  ---------------

OS: Windows 10.0 , 64 bit Build 19041 (10.0.19041.1151)

CPU:total 8 (initial active 8) (4 cores per cpu, 2 threads per core) family 6 model 158 stepping 9, cmov, cx8, fxsr, mmx, sse, sse2, sse3, ssse3, sse4.1, sse4.2, popcnt, avx, avx2, aes, clmul, erms, 3dnowpref, lzcnt, ht, tsc, tscinvbit, bmi1, bmi2, adx

Memory: 4k page, physical 12447972k(2539576k free), swap 12447972k(5120k free)

vm_info: OpenJDK 64-Bit Server VM (25.242-b01) for windows-amd64 JRE (1.8.0_242-release-1644-b01), built by "builder" with MS VC++ 10.0 (VS2010)

time: Sat Sep 04 09:31:59 2021
timezone: SE Asia Standard Time
elapsed time: 6 seconds (0d 0h 0m 6s)

