#
# There is insufficient memory for the Java Runtime Environment to continue.
# Native memory allocation (malloc) failed to allocate 1325616 bytes for Chunk::new
# Possible reasons:
#   The system is out of physical RAM or swap space
#   The process is running with CompressedOops enabled, and the Java Heap may be blocking the growth of the native heap
# Possible solutions:
#   Reduce memory load on the system
#   Increase physical memory or swap space
#   Check if swap backing store is full
#   Decrease Java heap size (-Xmx/-Xms)
#   Decrease number of Java threads
#   Decrease Java thread stack sizes (-Xss)
#   Set larger code cache with -XX:ReservedCodeCacheSize=
#   JVM is running with Unscaled Compressed Oops mode in which the Java heap is
#     placed in the first 4GB address space. The Java Heap base address is the
#     maximum limit for the native heap growth. Please use -XX:HeapBaseMinAddress
#     to set the Java Heap base and to place the Java Heap above 4GB virtual address.
# This output file may be truncated or incomplete.
#
#  Out of Memory Error (allocation.cpp:389), pid=3912, tid=0x0000000000002ef8
#
# JRE version: OpenJDK Runtime Environment (8.0_242-b01) (build 1.8.0_242-release-1644-b01)
# Java VM: OpenJDK 64-Bit Server VM (25.242-b01 mixed mode windows-amd64 compressed oops)
# Failed to write core dump. Minidumps are not enabled by default on client versions of Windows
#

---------------  T H R E A D  ---------------

Current thread (0x0000000019c84000):  JavaThread "C2 CompilerThread1" daemon [_thread_in_native, id=12024, stack(0x000000001a650000,0x000000001a750000)]

Stack: [0x000000001a650000,0x000000001a750000]
[error occurred during error reporting (printing stack bounds), id 0xc0000005]

Native frames: (J=compiled Java code, j=interpreted, Vv=VM code, C=native code)


Current CompileTask:
C2:   9140 5489 %     4       org.gradle.internal.instantiation.AbstractClassGenerator::inspectType @ 107 (559 bytes)


---------------  P R O C E S S  ---------------

Java Threads: ( => current thread )
  0x0000000021c9b800 JavaThread "Execution worker for ':' Thread 7" [_thread_blocked, id=6436, stack(0x0000000027d20000,0x0000000027e20000)]
  0x0000000021c9a000 JavaThread "Execution worker for ':' Thread 6" [_thread_in_Java, id=752, stack(0x0000000027c20000,0x0000000027d20000)]
  0x0000000021c9f800 JavaThread "Execution worker for ':' Thread 5" [_thread_blocked, id=4280, stack(0x0000000027b20000,0x0000000027c20000)]
  0x0000000021c9b000 JavaThread "Execution worker for ':' Thread 4" [_thread_blocked, id=12920, stack(0x0000000027a20000,0x0000000027b20000)]
  0x0000000022e3e800 JavaThread "Execution worker for ':' Thread 3" [_thread_blocked, id=11608, stack(0x0000000027920000,0x0000000027a20000)]
  0x0000000022e3d000 JavaThread "Execution worker for ':' Thread 2" [_thread_blocked, id=7444, stack(0x0000000027820000,0x0000000027920000)]
  0x0000000022e3b800 JavaThread "Execution worker for ':'" [_thread_blocked, id=9132, stack(0x00000000260f0000,0x00000000261f0000)]
  0x0000000022e3b000 JavaThread "Cache worker for file content cache (C:\Users\FAM\Desktop\Project\ProjectLips\LipColor-master\.gradle\5.6.4\fileContent)" [_thread_blocked, id=7092, stack(0x0000000025ff0000,0x00000000260f0000)]
  0x0000000022e3a000 JavaThread "Cache worker for file content cache (C:\Users\FAM\.gradle\caches\5.6.4\fileContent)" [_thread_blocked, id=976, stack(0x0000000025ef0000,0x0000000025ff0000)]
  0x0000000022e3f800 JavaThread "Memory manager" [_thread_blocked, id=10520, stack(0x0000000025690000,0x0000000025790000)]
  0x0000000022e3c800 JavaThread "Exec process Thread 3" [_thread_blocked, id=7028, stack(0x00000000258f0000,0x00000000259f0000)]
  0x0000000022e3e000 JavaThread "Exec process Thread 2" [_thread_blocked, id=2016, stack(0x00000000257f0000,0x00000000258f0000)]
  0x0000000022e32800 JavaThread "Exec process" [_thread_blocked, id=12656, stack(0x0000000025140000,0x0000000025240000)]
  0x0000000022e34000 JavaThread "Cache worker for Build Output Cleanup Cache (C:\Users\FAM\Desktop\Project\ProjectLips\LipColor-master\.gradle\buildOutputCleanup)" [_thread_blocked, id=9000, stack(0x0000000024e40000,0x0000000024f40000)]
  0x0000000022e32000 JavaThread "Build operations Thread 8" [_thread_blocked, id=1088, stack(0x0000000024b40000,0x0000000024c40000)]
  0x0000000022e38800 JavaThread "Build operations Thread 7" [_thread_blocked, id=11796, stack(0x0000000024a40000,0x0000000024b40000)]
  0x0000000022e35000 JavaThread "Build operations Thread 6" [_thread_blocked, id=11864, stack(0x0000000024940000,0x0000000024a40000)]
  0x0000000022e38000 JavaThread "Build operations Thread 5" [_thread_blocked, id=10244, stack(0x0000000024840000,0x0000000024940000)]
  0x0000000022e30800 JavaThread "Build operations Thread 4" [_thread_blocked, id=12888, stack(0x0000000024740000,0x0000000024840000)]
  0x0000000022e33800 JavaThread "Build operations Thread 3" [_thread_blocked, id=12488, stack(0x0000000024640000,0x0000000024740000)]
  0x0000000022e35800 JavaThread "Build operations Thread 2" [_thread_blocked, id=7220, stack(0x0000000024540000,0x0000000024640000)]
  0x0000000022e37000 JavaThread "Build operations" [_thread_blocked, id=1628, stack(0x0000000024440000,0x0000000024540000)]
  0x0000000022e31000 JavaThread "Cache worker for execution history cache (C:\Users\FAM\.gradle\caches\5.6.4\executionHistory)" [_thread_blocked, id=2980, stack(0x0000000022690000,0x0000000022790000)]
  0x0000000022e36800 JavaThread "Cache worker for cache directory md-rule (C:\Users\FAM\.gradle\caches\5.6.4\md-rule)" [_thread_blocked, id=12476, stack(0x0000000020e10000,0x0000000020f10000)]
  0x000000001aebd800 JavaThread "Cache worker for cache directory md-supplier (C:\Users\FAM\.gradle\caches\5.6.4\md-supplier)" [_thread_blocked, id=9932, stack(0x00000000210e0000,0x00000000211e0000)]
  0x000000001aebb800 JavaThread "Cache worker for file hash cache (C:\Users\FAM\Desktop\Project\ProjectLips\LipColor-master\.gradle\5.6.4\fileHashes)" [_thread_blocked, id=4496, stack(0x0000000020fe0000,0x00000000210e0000)]
  0x000000001aeb9000 JavaThread "Cache worker for journal cache (C:\Users\FAM\.gradle\caches\journal-1)" [_thread_in_native, id=6872, stack(0x000000001e970000,0x000000001ea70000)]
  0x000000001aeba800 JavaThread "File lock request listener" [_thread_in_native, id=12332, stack(0x000000001e870000,0x000000001e970000)]
  0x000000001aeba000 JavaThread "Cache worker for file hash cache (C:\Users\FAM\.gradle\caches\5.6.4\fileHashes)" [_thread_blocked, id=12872, stack(0x000000001e770000,0x000000001e870000)]
  0x000000001c6ad000 JavaThread "Thread-9" [_thread_blocked, id=11992, stack(0x000000001e470000,0x000000001e570000)]
  0x000000001c720000 JavaThread "Stdin handler" [_thread_blocked, id=7012, stack(0x000000001e370000,0x000000001e470000)]
  0x000000001c71d000 JavaThread "Asynchronous log dispatcher for DefaultDaemonConnection: socket connection from /127.0.0.1:60966 to /127.0.0.1:60967" [_thread_in_native, id=2388, stack(0x000000001e270000,0x000000001e370000)]
  0x000000001c6b2800 JavaThread "Daemon worker" [_thread_blocked, id=1364, stack(0x000000001e170000,0x000000001e270000)]
  0x000000001c6af000 JavaThread "Cancel handler" [_thread_blocked, id=7212, stack(0x000000001e070000,0x000000001e170000)]
  0x000000001c65e000 JavaThread "Handler for socket connection from /127.0.0.1:60966 to /127.0.0.1:60967" [_thread_in_native, id=5012, stack(0x000000001dd70000,0x000000001de70000)]
  0x000000001c659000 JavaThread "Daemon" [_thread_blocked, id=13288, stack(0x000000001dc70000,0x000000001dd70000)]
  0x000000001c5ff000 JavaThread "Daemon periodic checks" [_thread_blocked, id=2176, stack(0x000000001db70000,0x000000001dc70000)]
  0x000000001c603000 JavaThread "Incoming local TCP Connector on port 60966" [_thread_in_native, id=7672, stack(0x000000001d930000,0x000000001da30000)]
  0x000000001c510000 JavaThread "Daemon health stats" [_thread_blocked, id=12752, stack(0x000000001d2f0000,0x000000001d3f0000)]
  0x0000000019d52800 JavaThread "Service Thread" daemon [_thread_blocked, id=11772, stack(0x000000001a950000,0x000000001aa50000)]
  0x0000000019c8e000 JavaThread "C1 CompilerThread3" daemon [_thread_in_native, id=9416, stack(0x000000001a850000,0x000000001a950000)]
  0x0000000019c8b000 JavaThread "C2 CompilerThread2" daemon [_thread_blocked, id=10968, stack(0x000000001a750000,0x000000001a850000)]
=>0x0000000019c84000 JavaThread "C2 CompilerThread1" daemon [_thread_in_native, id=12024, stack(0x000000001a650000,0x000000001a750000)]
  0x0000000017e8d000 JavaThread "C2 CompilerThread0" daemon [_thread_in_native, id=8280, stack(0x000000001a550000,0x000000001a650000)]
  0x0000000017e8c000 JavaThread "Attach Listener" daemon [_thread_blocked, id=4016, stack(0x000000001a450000,0x000000001a550000)]
  0x0000000019c76800 JavaThread "Signal Dispatcher" daemon [_thread_blocked, id=6448, stack(0x000000001a350000,0x000000001a450000)]
  0x0000000002e0c800 JavaThread "Finalizer" daemon [_thread_blocked, id=2496, stack(0x000000001a150000,0x000000001a250000)]
  0x0000000019c70800 JavaThread "Reference Handler" daemon [_thread_blocked, id=8264, stack(0x000000001a050000,0x000000001a150000)]
  0x0000000002d0e000 JavaThread "main" [_thread_blocked, id=2480, stack(0x0000000002be0000,0x0000000002ce0000)]

Other Threads:
  0x0000000017e78000 VMThread [stack: 0x0000000019b50000,0x0000000019c50000] [id=5584]
  0x0000000019d53800 WatcherThread [stack: 0x000000001aa50000,0x000000001ab50000] [id=2788]

VM state:not at safepoint (normal execution)

VM Mutex/Monitor currently owned by a thread: None

heap address: 0x0000000080000000, size: 2048 MB, Compressed Oops mode: 32-bit
Narrow klass base: 0x0000000000000000, Narrow klass shift: 3
Compressed class space size: 1073741824 Address: 0x0000000100000000

Heap:
 PSYoungGen      total 339968K, used 69557K [0x00000000d5580000, 0x00000000efe00000, 0x0000000100000000)
  eden space 320000K, 21% used [0x00000000d5580000,0x00000000d996d788,0x00000000e8e00000)
  from space 19968K, 0% used [0x00000000e8e00000,0x00000000e8e00000,0x00000000ea180000)
  to   space 24576K, 0% used [0x00000000ee600000,0x00000000ee600000,0x00000000efe00000)
 ParOldGen       total 152576K, used 39523K [0x0000000080000000, 0x0000000089500000, 0x00000000d5580000)
  object space 152576K, 25% used [0x0000000080000000,0x0000000082698d88,0x0000000089500000)
 Metaspace       used 59732K, capacity 62176K, committed 62488K, reserved 1103872K
  class space    used 8312K, capacity 8939K, committed 9000K, reserved 1048576K

Card table byte_map: [0x00000000121d0000,0x00000000125e0000] byte_map_base: 0x0000000011dd0000

Marking Bits: (ParMarkBitMap*) 0x000000006c45f030
 Begin Bits: [0x0000000013090000, 0x0000000015090000)
 End Bits:   [0x0000000015090000, 0x0000000017090000)

Polling page: 0x0000000001380000

CodeCache: size=245760Kb used=20108Kb max_used=20260Kb free=225651Kb
 bounds [0x0000000002e10000, 0x0000000004200000, 0x0000000011e10000]
 total_blobs=7013 nmethods=6224 adapters=700
 compilation: enabled

Compilation events (10 events):
Event: 9.131 Thread 0x0000000019c8e000 nmethod 6952 0x00000000031a0890 code [0x00000000031a09e0, 0x00000000031a0af0]
Event: 9.132 Thread 0x0000000017e8d000 nmethod 6946 0x0000000003adba10 code [0x0000000003adbb60, 0x0000000003adbe38]
Event: 9.132 Thread 0x0000000017e8d000 6939       4       sun.nio.fs.WindowsPath::elementAsString (62 bytes)
Event: 9.132 Thread 0x0000000019c8e000 6953   !   3       java.nio.file.FileTreeWalker::visit (204 bytes)
Event: 9.134 Thread 0x0000000019c8e000 nmethod 6953 0x00000000033a4050 code [0x00000000033a4380, 0x00000000033a5be8]
Event: 9.135 Thread 0x0000000019c8e000 6954       1       org.gradle.api.internal.artifacts.transform.ImmutableTransformationWorkspaceProvider::getExecutionHistoryStore (5 bytes)
Event: 9.135 Thread 0x0000000019c8e000 nmethod 6954 0x00000000031a05d0 code [0x00000000031a0720, 0x00000000031a0830]
Event: 9.135 Thread 0x0000000019c8e000 6955       3       sun.nio.fs.WindowsPathParser::parseNormalizedPath (6 bytes)
Event: 9.136 Thread 0x0000000019c8e000 nmethod 6955 0x000000000384d510 code [0x000000000384d680, 0x000000000384d7e8]
Event: 9.136 Thread 0x0000000019c8e000 6956       3       sun.nio.fs.WindowsPath$WindowsPathWithAttributes::<init> (24 bytes)

GC Heap History (10 events):
Event: 4.176 GC heap before
{Heap before GC invocations=8 (full 1):
 PSYoungGen      total 193024K, used 115271K [0x00000000d5580000, 0x00000000e2c00000, 0x0000000100000000)
  eden space 182272K, 57% used [0x00000000d5580000,0x00000000dbbd2a08,0x00000000e0780000)
  from space 10752K, 97% used [0x00000000e2180000,0x00000000e2bbf420,0x00000000e2c00000)
  to   space 13312K, 0% used [0x00000000e1200000,0x00000000e1200000,0x00000000e1f00000)
 ParOldGen       total 67072K, used 7891K [0x0000000080000000, 0x0000000084180000, 0x00000000d5580000)
  object space 67072K, 11% used [0x0000000080000000,0x00000000807b4d50,0x0000000084180000)
 Metaspace       used 34593K, capacity 35456K, committed 35496K, reserved 1079296K
  class space    used 4756K, capacity 4999K, committed 5032K, reserved 1048576K
Event: 4.184 GC heap after
Heap after GC invocations=8 (full 1):
 PSYoungGen      total 206336K, used 12265K [0x00000000d5580000, 0x00000000eb500000, 0x0000000100000000)
  eden space 193024K, 0% used [0x00000000d5580000,0x00000000d5580000,0x00000000e1200000)
  from space 13312K, 92% used [0x00000000e1200000,0x00000000e1dfa718,0x00000000e1f00000)
  to   space 14336K, 0% used [0x00000000ea700000,0x00000000ea700000,0x00000000eb500000)
 ParOldGen       total 67072K, used 7899K [0x0000000080000000, 0x0000000084180000, 0x00000000d5580000)
  object space 67072K, 11% used [0x0000000080000000,0x00000000807b6d50,0x0000000084180000)
 Metaspace       used 34593K, capacity 35456K, committed 35496K, reserved 1079296K
  class space    used 4756K, capacity 4999K, committed 5032K, reserved 1048576K
}
Event: 4.184 GC heap before
{Heap before GC invocations=9 (full 2):
 PSYoungGen      total 206336K, used 12265K [0x00000000d5580000, 0x00000000eb500000, 0x0000000100000000)
  eden space 193024K, 0% used [0x00000000d5580000,0x00000000d5580000,0x00000000e1200000)
  from space 13312K, 92% used [0x00000000e1200000,0x00000000e1dfa718,0x00000000e1f00000)
  to   space 14336K, 0% used [0x00000000ea700000,0x00000000ea700000,0x00000000eb500000)
 ParOldGen       total 67072K, used 7899K [0x0000000080000000, 0x0000000084180000, 0x00000000d5580000)
  object space 67072K, 11% used [0x0000000080000000,0x00000000807b6d50,0x0000000084180000)
 Metaspace       used 34593K, capacity 35456K, committed 35496K, reserved 1079296K
  class space    used 4756K, capacity 4999K, committed 5032K, reserved 1048576K
Event: 4.282 GC heap after
Heap after GC invocations=9 (full 2):
 PSYoungGen      total 206336K, used 0K [0x00000000d5580000, 0x00000000eb500000, 0x0000000100000000)
  eden space 193024K, 0% used [0x00000000d5580000,0x00000000d5580000,0x00000000e1200000)
  from space 13312K, 0% used [0x00000000e1200000,0x00000000e1200000,0x00000000e1f00000)
  to   space 14336K, 0% used [0x00000000ea700000,0x00000000ea700000,0x00000000eb500000)
 ParOldGen       total 100864K, used 18914K [0x0000000080000000, 0x0000000086280000, 0x00000000d5580000)
  object space 100864K, 18% used [0x0000000080000000,0x0000000081278bb8,0x0000000086280000)
 Metaspace       used 34569K, capacity 35378K, committed 35496K, reserved 1079296K
  class space    used 4749K, capacity 4986K, committed 5032K, reserved 1048576K
}
Event: 6.133 GC heap before
{Heap before GC invocations=10 (full 2):
 PSYoungGen      total 206336K, used 193024K [0x00000000d5580000, 0x00000000eb500000, 0x0000000100000000)
  eden space 193024K, 100% used [0x00000000d5580000,0x00000000e1200000,0x00000000e1200000)
  from space 13312K, 0% used [0x00000000e1200000,0x00000000e1200000,0x00000000e1f00000)
  to   space 14336K, 0% used [0x00000000ea700000,0x00000000ea700000,0x00000000eb500000)
 ParOldGen       total 100864K, used 18914K [0x0000000080000000, 0x0000000086280000, 0x00000000d5580000)
  object space 100864K, 18% used [0x0000000080000000,0x0000000081278bb8,0x0000000086280000)
 Metaspace       used 48984K, capacity 50356K, committed 50600K, reserved 1093632K
  class space    used 6581K, capacity 6988K, committed 7080K, reserved 1048576K
Event: 6.157 GC heap after
Heap after GC invocations=10 (full 2):
 PSYoungGen      total 310784K, used 14320K [0x00000000d5580000, 0x00000000eb500000, 0x0000000100000000)
  eden space 296448K, 0% used [0x00000000d5580000,0x00000000d5580000,0x00000000e7700000)
  from space 14336K, 99% used [0x00000000ea700000,0x00000000eb4fc070,0x00000000eb500000)
  to   space 19968K, 0% used [0x00000000e8e00000,0x00000000e8e00000,0x00000000ea180000)
 ParOldGen       total 100864K, used 26875K [0x0000000080000000, 0x0000000086280000, 0x00000000d5580000)
  object space 100864K, 26% used [0x0000000080000000,0x0000000081a3ee78,0x0000000086280000)
 Metaspace       used 48984K, capacity 50356K, committed 50600K, reserved 1093632K
  class space    used 6581K, capacity 6988K, committed 7080K, reserved 1048576K
}
Event: 7.569 GC heap before
{Heap before GC invocations=11 (full 2):
 PSYoungGen      total 310784K, used 140972K [0x00000000d5580000, 0x00000000eb500000, 0x0000000100000000)
  eden space 296448K, 42% used [0x00000000d5580000,0x00000000dd12f138,0x00000000e7700000)
  from space 14336K, 99% used [0x00000000ea700000,0x00000000eb4fc070,0x00000000eb500000)
  to   space 19968K, 0% used [0x00000000e8e00000,0x00000000e8e00000,0x00000000ea180000)
 ParOldGen       total 100864K, used 26875K [0x0000000080000000, 0x0000000086280000, 0x00000000d5580000)
  object space 100864K, 26% used [0x0000000080000000,0x0000000081a3ee78,0x0000000086280000)
 Metaspace       used 57071K, capacity 59042K, committed 59160K, reserved 1099776K
  class space    used 7935K, capacity 8460K, committed 8488K, reserved 1048576K
Event: 7.594 GC heap after
Heap after GC invocations=11 (full 2):
 PSYoungGen      total 339968K, used 19955K [0x00000000d5580000, 0x00000000efe00000, 0x0000000100000000)
  eden space 320000K, 0% used [0x00000000d5580000,0x00000000d5580000,0x00000000e8e00000)
  from space 19968K, 99% used [0x00000000e8e00000,0x00000000ea17cfd8,0x00000000ea180000)
  to   space 24576K, 0% used [0x00000000ee600000,0x00000000ee600000,0x00000000efe00000)
 ParOldGen       total 100864K, used 32284K [0x0000000080000000, 0x0000000086280000, 0x00000000d5580000)
  object space 100864K, 32% used [0x0000000080000000,0x0000000081f87338,0x0000000086280000)
 Metaspace       used 57071K, capacity 59042K, committed 59160K, reserved 1099776K
  class space    used 7935K, capacity 8460K, committed 8488K, reserved 1048576K
}
Event: 7.594 GC heap before
{Heap before GC invocations=12 (full 3):
 PSYoungGen      total 339968K, used 19955K [0x00000000d5580000, 0x00000000efe00000, 0x0000000100000000)
  eden space 320000K, 0% used [0x00000000d5580000,0x00000000d5580000,0x00000000e8e00000)
  from space 19968K, 99% used [0x00000000e8e00000,0x00000000ea17cfd8,0x00000000ea180000)
  to   space 24576K, 0% used [0x00000000ee600000,0x00000000ee600000,0x00000000efe00000)
 ParOldGen       total 100864K, used 32284K [0x0000000080000000, 0x0000000086280000, 0x00000000d5580000)
  object space 100864K, 32% used [0x0000000080000000,0x0000000081f87338,0x0000000086280000)
 Metaspace       used 57071K, capacity 59042K, committed 59160K, reserved 1099776K
  class space    used 7935K, capacity 8460K, committed 8488K, reserved 1048576K
Event: 7.815 GC heap after
Heap after GC invocations=12 (full 3):
 PSYoungGen      total 339968K, used 0K [0x00000000d5580000, 0x00000000efe00000, 0x0000000100000000)
  eden space 320000K, 0% used [0x00000000d5580000,0x00000000d5580000,0x00000000e8e00000)
  from space 19968K, 0% used [0x00000000e8e00000,0x00000000e8e00000,0x00000000ea180000)
  to   space 24576K, 0% used [0x00000000ee600000,0x00000000ee600000,0x00000000efe00000)
 ParOldGen       total 152576K, used 39523K [0x0000000080000000, 0x0000000089500000, 0x00000000d5580000)
  object space 152576K, 25% used [0x0000000080000000,0x0000000082698d88,0x0000000089500000)
 Metaspace       used 57071K, capacity 59042K, committed 59160K, reserved 1099776K
  class space    used 7935K, capacity 8460K, committed 8488K, reserved 1048576K
}

Deoptimization events (10 events):
Event: 7.524 Thread 0x000000001c6b2800 Uncommon trap: reason=unstable_if action=reinterpret pc=0x0000000003b8e398 method=com.google.gson.stream.JsonReader.doPeek()I @ 315
Event: 7.852 Thread 0x000000001c6b2800 Uncommon trap: reason=unstable_if action=reinterpret pc=0x0000000003658634 method=java.lang.String.lastIndexOf([CII[CIII)I @ 118
Event: 7.864 Thread 0x000000001c6b2800 Uncommon trap: reason=unstable_if action=reinterpret pc=0x0000000003391a3c method=java.io.WinNTFileSystem.isLetter(C)Z @ 3
Event: 8.047 Thread 0x000000001c6b2800 Uncommon trap: reason=unstable_if action=reinterpret pc=0x0000000003f30af8 method=com.esotericsoftware.kryo.io.Input.readString()Ljava/lang/String; @ 38
Event: 8.143 Thread 0x000000001c6b2800 Uncommon trap: reason=unstable_if action=reinterpret pc=0x0000000003f41794 method=java.util.ArrayDeque.addLast(Ljava/lang/Object;)V @ 45
Event: 8.764 Thread 0x0000000022e3d000 Uncommon trap: reason=class_check action=maybe_recompile pc=0x0000000003cc7d54 method=java.util.Collections$SetFromMap.remove(Ljava/lang/Object;)Z @ 5
Event: 8.765 Thread 0x000000001c6b2800 Uncommon trap: reason=class_check action=maybe_recompile pc=0x0000000003cc7d54 method=java.util.Collections$SetFromMap.remove(Ljava/lang/Object;)Z @ 5
Event: 8.766 Thread 0x0000000021c9b800 Uncommon trap: reason=class_check action=maybe_recompile pc=0x0000000003cc7d54 method=java.util.Collections$SetFromMap.remove(Ljava/lang/Object;)Z @ 5
Event: 8.766 Thread 0x0000000021c9b000 Uncommon trap: reason=class_check action=maybe_recompile pc=0x0000000003cc7d54 method=java.util.Collections$SetFromMap.remove(Ljava/lang/Object;)Z @ 5
Event: 9.130 Thread 0x0000000022e31000 Uncommon trap: reason=unstable_if action=reinterpret pc=0x000000000410f5ec method=com.esotericsoftware.kryo.io.Input.readVarInt(Z)I @ 42

Classes redefined (0 events):
No events

Internal exceptions (10 events):
Event: 6.927 Thread 0x000000001c6b2800 Exception <a 'java/lang/ClassNotFoundException': com/android/build/gradle/tasks/MergeSourceSetFolders_DecoratedBeanInfo> (0x00000000d91eaed0) thrown at [C:\src\AOSP-openjdk-git\hotspot\src\share\vm\classfile\systemDictionary.cpp, line 210]
Event: 6.928 Thread 0x000000001c6b2800 Exception <a 'java/lang/ClassNotFoundException': com/android/build/gradle/tasks/MergeSourceSetFoldersBeanInfo> (0x00000000d9206dd8) thrown at [C:\src\AOSP-openjdk-git\hotspot\src\share\vm\classfile\systemDictionary.cpp, line 210]
Event: 6.928 Thread 0x000000001c6b2800 Exception <a 'java/lang/ClassNotFoundException': com/android/build/gradle/internal/tasks/IncrementalTaskBeanInfo> (0x00000000d9223b68) thrown at [C:\src\AOSP-openjdk-git\hotspot\src\share\vm\classfile\systemDictionary.cpp, line 210]
Event: 6.929 Thread 0x000000001c6b2800 Exception <a 'java/lang/ClassNotFoundException': com/android/build/gradle/internal/tasks/AndroidVariantTaskBeanInfo> (0x00000000d92416e0) thrown at [C:\src\AOSP-openjdk-git\hotspot\src\share\vm\classfile\systemDictionary.cpp, line 210]
Event: 6.929 Thread 0x000000001c6b2800 Exception <a 'java/lang/ClassNotFoundException': com/android/build/gradle/internal/tasks/AndroidVariantTaskCustomizer> (0x00000000d925fc88) thrown at [C:\src\AOSP-openjdk-git\hotspot\src\share\vm\classfile\systemDictionary.cpp, line 210]
Event: 6.930 Thread 0x000000001c6b2800 Exception <a 'java/lang/ClassNotFoundException': com/android/build/gradle/internal/tasks/IncrementalTaskCustomizer> (0x00000000d92934d0) thrown at [C:\src\AOSP-openjdk-git\hotspot\src\share\vm\classfile\systemDictionary.cpp, line 210]
Event: 6.931 Thread 0x000000001c6b2800 Exception <a 'java/lang/ClassNotFoundException': com/android/build/gradle/tasks/MergeSourceSetFoldersCustomizer> (0x00000000d92c3370) thrown at [C:\src\AOSP-openjdk-git\hotspot\src\share\vm\classfile\systemDictionary.cpp, line 210]
Event: 6.933 Thread 0x000000001c6b2800 Exception <a 'java/lang/ClassNotFoundException': com/android/build/gradle/tasks/MergeSourceSetFolders_DecoratedCustomizer> (0x00000000d9310298) thrown at [C:\src\AOSP-openjdk-git\hotspot\src\share\vm\classfile\systemDictionary.cpp, line 210]
Event: 7.201 Thread 0x000000001c6b2800 Exception <a 'java/lang/ClassNotFoundException': com/sun/org/glassfish/hk2/osgiresourcelocator/ServiceLoader> (0x00000000db0e5330) thrown at [C:\src\AOSP-openjdk-git\hotspot\src\share\vm\classfile\systemDictionary.cpp, line 210]
Event: 7.255 Thread 0x000000001c6b2800 Exception <a 'java/lang/NullPointerException'> (0x00000000db5bdaa8) thrown at [C:\src\AOSP-openjdk-git\hotspot\src\share\vm\interpreter\linkResolver.cpp, line 1287]

Events (10 events):
Event: 9.095 Thread 0x0000000019c8e000 flushing nmethod 0x0000000003b3da50
Event: 9.098 Thread 0x0000000019c8e000 flushing nmethod 0x0000000003c44e10
Event: 9.098 Thread 0x0000000019c8e000 flushing nmethod 0x0000000003c460d0
Event: 9.098 Thread 0x0000000019c8e000 flushing nmethod 0x0000000003c53410
Event: 9.098 Thread 0x0000000019c8e000 flushing nmethod 0x0000000003c760d0
Event: 9.098 Thread 0x0000000019c8e000 flushing nmethod 0x0000000003c7e890
Event: 9.098 Thread 0x0000000019c8e000 flushing nmethod 0x0000000003c94790
Event: 9.130 Thread 0x0000000022e31000 Uncommon trap: trap_request=0xffffff65 fr.pc=0x000000000410f5ec
Event: 9.130 Thread 0x0000000022e31000 DEOPT PACKING pc=0x000000000410f5ec sp=0x000000002278e730
Event: 9.130 Thread 0x0000000022e31000 DEOPT UNPACKING pc=0x0000000002e5557b sp=0x000000002278e620 mode 2


Dynamic libraries:
0x00007ff79b2c0000 - 0x00007ff79b2f1000 	C:\Program Files\Android\Android Studio1\jre\bin\java.exe
0x00007fff356b0000 - 0x00007fff358a5000 	C:\Windows\SYSTEM32\ntdll.dll
0x00007fff34030000 - 0x00007fff340ed000 	C:\Windows\System32\KERNEL32.DLL
0x00007fff32fd0000 - 0x00007fff33299000 	C:\Windows\System32\KERNELBASE.dll
0x00007fff35480000 - 0x00007fff3552c000 	C:\Windows\System32\ADVAPI32.dll
0x00007fff338b0000 - 0x00007fff3394e000 	C:\Windows\System32\msvcrt.dll
0x00007fff33a90000 - 0x00007fff33b2b000 	C:\Windows\System32\sechost.dll
0x00007fff33d40000 - 0x00007fff33e6a000 	C:\Windows\System32\RPCRT4.dll
0x00007fff340f0000 - 0x00007fff34290000 	C:\Windows\System32\USER32.dll
0x00007fff33330000 - 0x00007fff33352000 	C:\Windows\System32\win32u.dll
0x00007fff337f0000 - 0x00007fff3381a000 	C:\Windows\System32\GDI32.dll
0x00007fff333f0000 - 0x00007fff334fb000 	C:\Windows\System32\gdi32full.dll
0x00007fff32f30000 - 0x00007fff32fcd000 	C:\Windows\System32\msvcp_win.dll
0x00007fff32e30000 - 0x00007fff32f30000 	C:\Windows\System32\ucrtbase.dll
0x00007fff206c0000 - 0x00007fff2095a000 	C:\Windows\WinSxS\amd64_microsoft.windows.common-controls_6595b64144ccf1df_6.0.19041.1110_none_60b5254171f9507e\COMCTL32.dll
0x00007fff33e70000 - 0x00007fff33ea0000 	C:\Windows\System32\IMM32.DLL
0x000000006ce60000 - 0x000000006cf32000 	C:\Program Files\Android\Android Studio1\jre\jre\bin\msvcr100.dll
0x000000006bc90000 - 0x000000006c4db000 	C:\Program Files\Android\Android Studio1\jre\jre\bin\server\jvm.dll
0x00007fff347a0000 - 0x00007fff347a8000 	C:\Windows\System32\PSAPI.DLL
0x00007fff2e8e0000 - 0x00007fff2e8e9000 	C:\Windows\SYSTEM32\WSOCK32.dll
0x00007fff109e0000 - 0x00007fff10a07000 	C:\Windows\SYSTEM32\WINMM.dll
0x00007fff2c1a0000 - 0x00007fff2c1aa000 	C:\Windows\SYSTEM32\VERSION.dll
0x00007fff33fc0000 - 0x00007fff3402b000 	C:\Windows\System32\WS2_32.dll
0x00007fff2da20000 - 0x00007fff2da2f000 	C:\Program Files\Android\Android Studio1\jre\jre\bin\verify.dll
0x00007fff2d2e0000 - 0x00007fff2d309000 	C:\Program Files\Android\Android Studio1\jre\jre\bin\java.dll
0x00007fff2c6a0000 - 0x00007fff2c6b6000 	C:\Program Files\Android\Android Studio1\jre\jre\bin\zip.dll
0x00007fff34ce0000 - 0x00007fff3541f000 	C:\Windows\System32\SHELL32.dll
0x00007fff30ef0000 - 0x00007fff31680000 	C:\Windows\SYSTEM32\windows.storage.dll
0x00007fff34330000 - 0x00007fff34685000 	C:\Windows\System32\combase.dll
0x00007fff32840000 - 0x00007fff3286c000 	C:\Windows\SYSTEM32\Wldp.dll
0x00007fff346f0000 - 0x00007fff3479e000 	C:\Windows\System32\SHCORE.dll
0x00007fff33b30000 - 0x00007fff33b85000 	C:\Windows\System32\shlwapi.dll
0x00007fff32d20000 - 0x00007fff32d3f000 	C:\Windows\SYSTEM32\profapi.dll
0x00007fff2c650000 - 0x00007fff2c66a000 	C:\Program Files\Android\Android Studio1\jre\jre\bin\net.dll
0x00007fff325a0000 - 0x00007fff3260a000 	C:\Windows\system32\mswsock.dll
0x00007fff2bac0000 - 0x00007fff2bad3000 	C:\Program Files\Android\Android Studio1\jre\jre\bin\nio.dll
0x00007fff1d310000 - 0x00007fff1d336000 	C:\Users\FAM\.gradle\native\30\windows-amd64\native-platform.dll
0x00007fff2d4f0000 - 0x00007fff2d4fd000 	C:\Program Files\Android\Android Studio1\jre\jre\bin\management.dll
0x00007fff32790000 - 0x00007fff327a8000 	C:\Windows\SYSTEM32\CRYPTSP.dll
0x00007fff31eb0000 - 0x00007fff31ee4000 	C:\Windows\system32\rsaenh.dll
0x00007fff33300000 - 0x00007fff33327000 	C:\Windows\System32\bcrypt.dll
0x00007fff32ce0000 - 0x00007fff32d0e000 	C:\Windows\SYSTEM32\USERENV.dll
0x00007fff33360000 - 0x00007fff333e3000 	C:\Windows\System32\bcryptprimitives.dll
0x00007fff327b0000 - 0x00007fff327bc000 	C:\Windows\SYSTEM32\CRYPTBASE.dll
0x00007fff32240000 - 0x00007fff3227b000 	C:\Windows\SYSTEM32\IPHLPAPI.DLL
0x00007fff33710000 - 0x00007fff33718000 	C:\Windows\System32\NSI.dll
0x00007fff2ae50000 - 0x00007fff2ae67000 	C:\Windows\SYSTEM32\dhcpcsvc6.DLL
0x00007fff2bef0000 - 0x00007fff2bf0d000 	C:\Windows\SYSTEM32\dhcpcsvc.DLL
0x00007fff32290000 - 0x00007fff3235c000 	C:\Windows\SYSTEM32\DNSAPI.dll

VM Arguments:
jvm_args: -Xmx2048m -Dfile.encoding=UTF-8 -Duser.country=US -Duser.language=en -Duser.variant 
java_command: org.gradle.launcher.daemon.bootstrap.GradleDaemon 5.6.4
java_class_path (initial): C:\Users\FAM\.gradle\wrapper\dists\gradle-5.6.4-all\ankdp27end7byghfw1q2sw75f\gradle-5.6.4\lib\gradle-launcher-5.6.4.jar
Launcher Type: SUN_STANDARD

Environment Variables:
JAVA_HOME=C:\Program Files\Java\jdk1.8.0_301
PATH=C:\Program Files (x86)\Common Files\Oracle\Java\javapath;C:\Windows\system32;C:\Windows;C:\Windows\System32\Wbem;C:\Windows\System32\WindowsPowerShell\v1.0\;C:\Windows\System32\OpenSSH\;C:\Program Files (x86)\NVIDIA Corporation\PhysX\Common;C:\Program Files\NVIDIA Corporation\NVIDIA NvDLISR;%JAVA_HOME%\bin;C:\Program Files\Git\cmd;C:\Users\FAM\AppData\Local\Microsoft\WindowsApps;&JAVA_HOME&\bin;C:\Users\FAM\AppData\Local\Android\Sdk\platform-tools;C:\Users\FAM\AppData\Local\Android\Sdk\tools;C:\Program Files\JetBrains\PyCharm Community Edition 2021.2\bin;;C:\Users\FAM\AppData\Local\Programs\Python\Python38\Scripts;C:\Users\FAM\AppData\Local\Programs\Python\Python38;C:\Users\FAM\AppData\Local\Programs\Python\Python38-32\Scripts;C:\Users\FAM\AppData\Local\Programs\Python\Python38-32;C:\Users\FAM\AppData\Local\Programs\Python\Python39\Scripts;C:\Users\FAM\AppData\Local\Programs\Python\Python39;
USERNAME=FAM
OS=Windows_NT
PROCESSOR_IDENTIFIER=Intel64 Family 6 Model 158 Stepping 9, GenuineIntel



---------------  S Y S T E M  ---------------

OS: Windows 10.0 , 64 bit Build 19041 (10.0.19041.1151)

CPU:total 8 (initial active 8) (4 cores per cpu, 2 threads per core) family 6 model 158 stepping 9, cmov, cx8, fxsr, mmx, sse, sse2, sse3, ssse3, sse4.1, sse4.2, popcnt, avx, avx2, aes, clmul, erms, 3dnowpref, lzcnt, ht, tsc, tscinvbit, bmi1, bmi2, adx

Memory: 4k page, physical 12447972k(2997712k free), swap 12447972k(3476k free)

vm_info: OpenJDK 64-Bit Server VM (25.242-b01) for windows-amd64 JRE (1.8.0_242-release-1644-b01), built by "builder" with MS VC++ 10.0 (VS2010)

time: Thu Sep 02 14:51:45 2021
timezone: SE Asia Standard Time
elapsed time: 9 seconds (0d 0h 0m 9s)

