#
# There is insufficient memory for the Java Runtime Environment to continue.
# Native memory allocation (malloc) failed to allocate 319536 bytes for Chunk::new
# Possible reasons:
#   The system is out of physical RAM or swap space
#   The process is running with CompressedOops enabled, and the Java Heap may be blocking the growth of the native heap
# Possible solutions:
#   Reduce memory load on the system
#   Increase physical memory or swap space
#   Check if swap backing store is full
#   Decrease Java heap size (-Xmx/-Xms)
#   Decrease number of Java threads
#   Decrease Java thread stack sizes (-Xss)
#   Set larger code cache with -XX:ReservedCodeCacheSize=
#   JVM is running with Unscaled Compressed Oops mode in which the Java heap is
#     placed in the first 4GB address space. The Java Heap base address is the
#     maximum limit for the native heap growth. Please use -XX:HeapBaseMinAddress
#     to set the Java Heap base and to place the Java Heap above 4GB virtual address.
# This output file may be truncated or incomplete.
#
#  Out of Memory Error (allocation.cpp:389), pid=11740, tid=0x00000000000018f8
#
# JRE version: OpenJDK Runtime Environment (8.0_242-b01) (build 1.8.0_242-release-1644-b01)
# Java VM: OpenJDK 64-Bit Server VM (25.242-b01 mixed mode windows-amd64 compressed oops)
# Failed to write core dump. Minidumps are not enabled by default on client versions of Windows
#

---------------  T H R E A D  ---------------

Current thread (0x00000000196f4000):  JavaThread "C2 CompilerThread2" daemon [_thread_in_native, id=6392, stack(0x000000001a1a0000,0x000000001a2a0000)]

Stack: [0x000000001a1a0000,0x000000001a2a0000]
[error occurred during error reporting (printing stack bounds), id 0xc0000005]

Native frames: (J=compiled Java code, j=interpreted, Vv=VM code, C=native code)


Current CompileTask:
C2: 117546 13050   !   4       com.sun.tools.javac.jvm.ClassReader::classSigToType (498 bytes)


---------------  P R O C E S S  ---------------

Java Threads: ( => current thread )
  0x000000001ccdf800 JavaThread "Cache worker for Java compile cache (C:\Users\FAM\Desktop\Project\ProjectLips\LipColor-master\.gradle\5.6.4\javaCompile)" [_thread_blocked, id=2444, stack(0x000000002bba0000,0x000000002bca0000)]
  0x000000001ccdd800 JavaThread "Cache worker for Java compile cache (C:\Users\FAM\.gradle\caches\5.6.4\javaCompile)" [_thread_blocked, id=5788, stack(0x000000002baa0000,0x000000002bba0000)]
  0x000000001ccd9000 JavaThread "WorkerExecutor Queue Thread 3" [_thread_blocked, id=9720, stack(0x0000000028a30000,0x0000000028b30000)]
  0x000000001ccdb000 JavaThread "WorkerExecutor Queue Thread 2" [_thread_blocked, id=5156, stack(0x0000000028930000,0x0000000028a30000)]
  0x000000001ccdf000 JavaThread "stdout" [_thread_in_native, id=4488, stack(0x0000000028830000,0x0000000028930000)]
  0x000000001ae27800 JavaThread "stderr" [_thread_in_native, id=2764, stack(0x0000000028730000,0x0000000028830000)]
  0x000000001ae26000 JavaThread "pool-8-thread-1" [_thread_blocked, id=9064, stack(0x0000000028630000,0x0000000028730000)]
  0x000000001ae25000 JavaThread "WorkerExecutor Queue" [_thread_blocked, id=5132, stack(0x00000000283e0000,0x00000000284e0000)]
  0x000000001ae24800 JavaThread "Cache worker for execution history cache (C:\Users\FAM\Desktop\Project\ProjectLips\LipColor-master\.gradle\5.6.4\executionHistory)" [_thread_blocked, id=5712, stack(0x0000000028530000,0x0000000028630000)]
  0x000000001ae26800 JavaThread "Execution worker for ':' Thread 7" [_thread_blocked, id=10180, stack(0x00000000280e0000,0x00000000281e0000)]
  0x000000001ae28000 JavaThread "Execution worker for ':' Thread 6" [_thread_blocked, id=12408, stack(0x0000000027fe0000,0x00000000280e0000)]
  0x000000001ae23000 JavaThread "Execution worker for ':' Thread 5" [_thread_blocked, id=8652, stack(0x0000000027ee0000,0x0000000027fe0000)]
  0x000000001ae22000 JavaThread "Execution worker for ':' Thread 4" [_thread_blocked, id=6104, stack(0x0000000027de0000,0x0000000027ee0000)]
  0x000000001ae29000 JavaThread "Execution worker for ':' Thread 3" [_thread_blocked, id=468, stack(0x0000000027ae0000,0x0000000027be0000)]
  0x000000001ae1a800 JavaThread "Execution worker for ':' Thread 2" [_thread_blocked, id=11208, stack(0x00000000277e0000,0x00000000278e0000)]
  0x000000001ae20000 JavaThread "Execution worker for ':'" [_thread_in_vm, id=12584, stack(0x00000000276e0000,0x00000000277e0000)]
  0x000000001ae1d800 JavaThread "Cache worker for file content cache (C:\Users\FAM\Desktop\Project\ProjectLips\LipColor-master\.gradle\5.6.4\fileContent)" [_thread_blocked, id=12896, stack(0x00000000275e0000,0x00000000276e0000)]
  0x000000001ae1d000 JavaThread "Cache worker for Build Output Cleanup Cache (C:\Users\FAM\Desktop\Project\ProjectLips\LipColor-master\.gradle\buildOutputCleanup)" [_thread_blocked, id=2348, stack(0x0000000027010000,0x0000000027110000)]
  0x000000001ae20800 JavaThread "Build operations Thread 8" [_thread_blocked, id=560, stack(0x0000000026d10000,0x0000000026e10000)]
  0x000000001ae1c000 JavaThread "Build operations Thread 7" [_thread_blocked, id=11528, stack(0x00000000269a0000,0x0000000026aa0000)]
  0x000000001ae1f000 JavaThread "Build operations Thread 6" [_thread_blocked, id=13028, stack(0x0000000025470000,0x0000000025570000)]
  0x000000001ae1b800 JavaThread "Build operations Thread 5" [_thread_blocked, id=5500, stack(0x0000000025370000,0x0000000025470000)]
  0x000000001e50b800 JavaThread "Build operations Thread 4" [_thread_blocked, id=6564, stack(0x0000000025270000,0x0000000025370000)]
  0x000000001e508800 JavaThread "Build operations Thread 3" [_thread_blocked, id=10248, stack(0x0000000025170000,0x0000000025270000)]
  0x000000001e50e000 JavaThread "Build operations Thread 2" [_thread_blocked, id=12340, stack(0x0000000025070000,0x0000000025170000)]
  0x000000001e50f800 JavaThread "Build operations" [_thread_blocked, id=8496, stack(0x0000000024aa0000,0x0000000024ba0000)]
  0x000000001e50a000 JavaThread "Cache worker for cache directory md-rule (C:\Users\FAM\.gradle\caches\5.6.4\md-rule)" [_thread_blocked, id=11748, stack(0x0000000023940000,0x0000000023a40000)]
  0x000000001e508000 JavaThread "Cache worker for cache directory md-supplier (C:\Users\FAM\.gradle\caches\5.6.4\md-supplier)" [_thread_blocked, id=9244, stack(0x0000000023540000,0x0000000023640000)]
  0x000000001e50b000 JavaThread "Cache worker for file hash cache (C:\Users\FAM\Desktop\Project\ProjectLips\LipColor-master\.gradle\5.6.4\fileHashes)" [_thread_blocked, id=9920, stack(0x0000000020960000,0x0000000020a60000)]
  0x000000001e502800 JavaThread "Thread-103" [_thread_blocked, id=12508, stack(0x0000000020860000,0x0000000020960000)]
  0x000000001e500800 JavaThread "Stdin handler" [_thread_blocked, id=5128, stack(0x000000001dec0000,0x000000001dfc0000)]
  0x000000001e506800 JavaThread "Asynchronous log dispatcher for DefaultDaemonConnection: socket connection from /127.0.0.1:52519 to /127.0.0.1:50151" [_thread_blocked, id=10972, stack(0x0000000000c20000,0x0000000000d20000)]
  0x000000001e505800 JavaThread "Cancel handler" [_thread_blocked, id=7308, stack(0x0000000000ae0000,0x0000000000be0000)]
  0x000000001e502000 JavaThread "Handler for socket connection from /127.0.0.1:52519 to /127.0.0.1:50151" [_thread_in_native, id=10012, stack(0x00000000008d0000,0x00000000009d0000)]
  0x000000001e505000 JavaThread "Cache worker for file content cache (C:\Users\FAM\.gradle\caches\5.6.4\fileContent)" [_thread_blocked, id=5044, stack(0x0000000026c10000,0x0000000026d10000)]
  0x000000001cce5800 JavaThread "Memory manager" [_thread_blocked, id=13308, stack(0x0000000025f70000,0x0000000026070000)]
  0x000000001cce7000 JavaThread "Exec process Thread 3" [_thread_blocked, id=4516, stack(0x00000000262a0000,0x00000000263a0000)]
  0x000000001cce4000 JavaThread "Exec process Thread 2" [_thread_blocked, id=4496, stack(0x00000000261a0000,0x00000000262a0000)]
  0x000000001cce3800 JavaThread "Exec process" [_thread_blocked, id=10152, stack(0x00000000260a0000,0x00000000261a0000)]
  0x000000001cce0800 JavaThread "Cache worker for execution history cache (C:\Users\FAM\.gradle\caches\5.6.4\executionHistory)" [_thread_blocked, id=13256, stack(0x0000000023640000,0x0000000023740000)]
  0x000000001971d800 JavaThread "Cache worker for journal cache (C:\Users\FAM\.gradle\caches\journal-1)" [_thread_blocked, id=7764, stack(0x000000001e3c0000,0x000000001e4c0000)]
  0x000000001971c800 JavaThread "File lock request listener" [_thread_in_native, id=8804, stack(0x000000001e2c0000,0x000000001e3c0000)]
  0x0000000019720800 JavaThread "Cache worker for file hash cache (C:\Users\FAM\.gradle\caches\5.6.4\fileHashes)" [_thread_blocked, id=7412, stack(0x000000001e1c0000,0x000000001e2c0000)]
  0x000000001c17c000 JavaThread "Daemon worker" [_thread_blocked, id=12400, stack(0x000000001dbc0000,0x000000001dcc0000)]
  0x000000001ad9a000 JavaThread "Daemon" [_thread_blocked, id=1728, stack(0x000000001d6c0000,0x000000001d7c0000)]
  0x000000001c095000 JavaThread "Daemon periodic checks" [_thread_blocked, id=2912, stack(0x000000001d5c0000,0x000000001d6c0000)]
  0x000000001c085800 JavaThread "Incoming local TCP Connector on port 52519" [_thread_in_native, id=9308, stack(0x000000001d380000,0x000000001d480000)]
  0x000000001bfd9000 JavaThread "Daemon health stats" [_thread_blocked, id=10396, stack(0x000000001cd40000,0x000000001ce40000)]
  0x000000001978b800 JavaThread "Service Thread" daemon [_thread_blocked, id=3608, stack(0x000000001a3a0000,0x000000001a4a0000)]
  0x000000001971c000 JavaThread "C1 CompilerThread3" daemon [_thread_in_native, id=7184, stack(0x000000001a2a0000,0x000000001a3a0000)]
=>0x00000000196f4000 JavaThread "C2 CompilerThread2" daemon [_thread_in_native, id=6392, stack(0x000000001a1a0000,0x000000001a2a0000)]
  0x00000000196a4800 JavaThread "C2 CompilerThread1" daemon [_thread_in_native, id=9844, stack(0x000000001a0a0000,0x000000001a1a0000)]
  0x00000000178ae000 JavaThread "C2 CompilerThread0" daemon [_thread_in_vm, id=4988, stack(0x0000000019fa0000,0x000000001a0a0000)]
  0x00000000178ac800 JavaThread "Attach Listener" daemon [_thread_blocked, id=5972, stack(0x0000000019ea0000,0x0000000019fa0000)]
  0x00000000196f1800 JavaThread "Signal Dispatcher" daemon [_thread_blocked, id=10612, stack(0x0000000019da0000,0x0000000019ea0000)]
  0x00000000027ed800 JavaThread "Finalizer" daemon [_thread_blocked, id=5448, stack(0x0000000019b70000,0x0000000019c70000)]
  0x0000000019690800 JavaThread "Reference Handler" daemon [_thread_blocked, id=8052, stack(0x0000000019a70000,0x0000000019b70000)]
  0x000000000255e000 JavaThread "main" [_thread_blocked, id=11664, stack(0x00000000025d0000,0x00000000026d0000)]

Other Threads:
  0x0000000017898000 VMThread [stack: 0x0000000019570000,0x0000000019670000] [id=12468]
  0x0000000019794000 WatcherThread [stack: 0x000000001a4a0000,0x000000001a5a0000] [id=6860]

VM state:not at safepoint (normal execution)

VM Mutex/Monitor currently owned by a thread: None

heap address: 0x0000000080000000, size: 2048 MB, Compressed Oops mode: 32-bit
Narrow klass base: 0x0000000000000000, Narrow klass shift: 3
Compressed class space size: 1073741824 Address: 0x0000000100000000

Heap:
 PSYoungGen      total 427520K, used 261539K [0x00000000d5580000, 0x00000000f6500000, 0x0000000100000000)
  eden space 399872K, 58% used [0x00000000d5580000,0x00000000e39eee20,0x00000000edc00000)
  from space 27648K, 99% used [0x00000000edc00000,0x00000000ef6fa198,0x00000000ef700000)
  to   space 34304K, 0% used [0x00000000f4380000,0x00000000f4380000,0x00000000f6500000)
 ParOldGen       total 148480K, used 46930K [0x0000000080000000, 0x0000000089100000, 0x00000000d5580000)
  object space 148480K, 31% used [0x0000000080000000,0x0000000082dd4a90,0x0000000089100000)
 Metaspace       used 76962K, capacity 80536K, committed 80664K, reserved 1118208K
  class space    used 10141K, capacity 10949K, committed 11048K, reserved 1048576K

Card table byte_map: [0x0000000011bc0000,0x0000000011fd0000] byte_map_base: 0x00000000117c0000

Marking Bits: (ParMarkBitMap*) 0x000000006858f030
 Begin Bits: [0x0000000012a80000, 0x0000000014a80000)
 End Bits:   [0x0000000014a80000, 0x0000000016a80000)

Polling page: 0x00000000026d0000

CodeCache: size=245760Kb used=36065Kb max_used=36077Kb free=209694Kb
 bounds [0x0000000002800000, 0x0000000004b70000, 0x0000000011800000]
 total_blobs=11887 nmethods=11045 adapters=753
 compilation: enabled

Compilation events (10 events):
Event: 117.543 Thread 0x000000001971c000 13060       3       com.sun.tools.javac.code.Symbol::flags (5 bytes)
Event: 117.543 Thread 0x000000001971c000 nmethod 13060 0x0000000004b5e750 code [0x0000000004b5e8a0, 0x0000000004b5e9f0]
Event: 117.543 Thread 0x000000001971c000 13075       3       com.sun.tools.javac.file.Locations$ClassPathLocationHandler::getLocation (9 bytes)
Event: 117.543 Thread 0x000000001971c000 nmethod 13075 0x0000000004b5dc50 code [0x0000000004b5de00, 0x0000000004b5e3f8]
Event: 117.543 Thread 0x000000001971c000 13076       3       com.sun.tools.javac.file.Locations$ClassPathLocationHandler::lazy (13 bytes)
Event: 117.544 Thread 0x000000001971c000 nmethod 13076 0x0000000004b5d210 code [0x0000000004b5d3c0, 0x0000000004b5d958]
Event: 117.544 Thread 0x000000001971c000 13072       1       com.sun.tools.javac.code.Types::access$900 (5 bytes)
Event: 117.544 Thread 0x000000001971c000 nmethod 13072 0x0000000004b5cf50 code [0x0000000004b5d0a0, 0x0000000004b5d190]
Event: 117.544 Thread 0x000000001971c000 13077       3       com.sun.tools.javac.code.Type$JCNoType::getTag (4 bytes)
Event: 117.545 Thread 0x000000001971c000 nmethod 13077 0x0000000004b5cc10 code [0x0000000004b5cd60, 0x0000000004b5ceb0]

GC Heap History (10 events):
Event: 6.751 GC heap before
{Heap before GC invocations=10 (full 2):
 PSYoungGen      total 206336K, used 193024K [0x00000000d5580000, 0x00000000eb980000, 0x0000000100000000)
  eden space 193024K, 100% used [0x00000000d5580000,0x00000000e1200000,0x00000000e1200000)
  from space 13312K, 0% used [0x00000000e1200000,0x00000000e1200000,0x00000000e1f00000)
  to   space 14336K, 0% used [0x00000000eab80000,0x00000000eab80000,0x00000000eb980000)
 ParOldGen       total 97792K, used 18908K [0x0000000080000000, 0x0000000085f80000, 0x00000000d5580000)
  object space 97792K, 19% used [0x0000000080000000,0x0000000081277120,0x0000000085f80000)
 Metaspace       used 48995K, capacity 50328K, committed 50600K, reserved 1093632K
  class space    used 6575K, capacity 6956K, committed 7080K, reserved 1048576K
Event: 6.777 GC heap after
Heap after GC invocations=10 (full 2):
 PSYoungGen      total 320512K, used 14327K [0x00000000d5580000, 0x00000000eb980000, 0x0000000100000000)
  eden space 306176K, 0% used [0x00000000d5580000,0x00000000d5580000,0x00000000e8080000)
  from space 14336K, 99% used [0x00000000eab80000,0x00000000eb97dfa0,0x00000000eb980000)
  to   space 19456K, 0% used [0x00000000e9380000,0x00000000e9380000,0x00000000ea680000)
 ParOldGen       total 97792K, used 26713K [0x0000000080000000, 0x0000000085f80000, 0x00000000d5580000)
  object space 97792K, 27% used [0x0000000080000000,0x0000000081a16560,0x0000000085f80000)
 Metaspace       used 48995K, capacity 50328K, committed 50600K, reserved 1093632K
  class space    used 6575K, capacity 6956K, committed 7080K, reserved 1048576K
}
Event: 8.733 GC heap before
{Heap before GC invocations=11 (full 2):
 PSYoungGen      total 320512K, used 137858K [0x00000000d5580000, 0x00000000eb980000, 0x0000000100000000)
  eden space 306176K, 40% used [0x00000000d5580000,0x00000000dce22ad0,0x00000000e8080000)
  from space 14336K, 99% used [0x00000000eab80000,0x00000000eb97dfa0,0x00000000eb980000)
  to   space 19456K, 0% used [0x00000000e9380000,0x00000000e9380000,0x00000000ea680000)
 ParOldGen       total 97792K, used 26713K [0x0000000080000000, 0x0000000085f80000, 0x00000000d5580000)
  object space 97792K, 27% used [0x0000000080000000,0x0000000081a16560,0x0000000085f80000)
 Metaspace       used 57043K, capacity 58978K, committed 59160K, reserved 1099776K
  class space    used 7929K, capacity 8460K, committed 8488K, reserved 1048576K
Event: 8.764 GC heap after
Heap after GC invocations=11 (full 2):
 PSYoungGen      total 345088K, used 19455K [0x00000000d5580000, 0x00000000f1280000, 0x0000000100000000)
  eden space 325632K, 0% used [0x00000000d5580000,0x00000000d5580000,0x00000000e9380000)
  from space 19456K, 99% used [0x00000000e9380000,0x00000000ea67fd10,0x00000000ea680000)
  to   space 24576K, 0% used [0x00000000efa80000,0x00000000efa80000,0x00000000f1280000)
 ParOldGen       total 97792K, used 32596K [0x0000000080000000, 0x0000000085f80000, 0x00000000d5580000)
  object space 97792K, 33% used [0x0000000080000000,0x0000000081fd50a8,0x0000000085f80000)
 Metaspace       used 57043K, capacity 58978K, committed 59160K, reserved 1099776K
  class space    used 7929K, capacity 8460K, committed 8488K, reserved 1048576K
}
Event: 8.764 GC heap before
{Heap before GC invocations=12 (full 3):
 PSYoungGen      total 345088K, used 19455K [0x00000000d5580000, 0x00000000f1280000, 0x0000000100000000)
  eden space 325632K, 0% used [0x00000000d5580000,0x00000000d5580000,0x00000000e9380000)
  from space 19456K, 99% used [0x00000000e9380000,0x00000000ea67fd10,0x00000000ea680000)
  to   space 24576K, 0% used [0x00000000efa80000,0x00000000efa80000,0x00000000f1280000)
 ParOldGen       total 97792K, used 32596K [0x0000000080000000, 0x0000000085f80000, 0x00000000d5580000)
  object space 97792K, 33% used [0x0000000080000000,0x0000000081fd50a8,0x0000000085f80000)
 Metaspace       used 57043K, capacity 58978K, committed 59160K, reserved 1099776K
  class space    used 7929K, capacity 8460K, committed 8488K, reserved 1048576K
Event: 9.120 GC heap after
Heap after GC invocations=12 (full 3):
 PSYoungGen      total 345088K, used 0K [0x00000000d5580000, 0x00000000f1280000, 0x0000000100000000)
  eden space 325632K, 0% used [0x00000000d5580000,0x00000000d5580000,0x00000000e9380000)
  from space 19456K, 0% used [0x00000000e9380000,0x00000000e9380000,0x00000000ea680000)
  to   space 24576K, 0% used [0x00000000efa80000,0x00000000efa80000,0x00000000f1280000)
 ParOldGen       total 148480K, used 39423K [0x0000000080000000, 0x0000000089100000, 0x00000000d5580000)
  object space 148480K, 26% used [0x0000000080000000,0x000000008267ff98,0x0000000089100000)
 Metaspace       used 57043K, capacity 58978K, committed 59160K, reserved 1099776K
  class space    used 7929K, capacity 8460K, committed 8488K, reserved 1048576K
}
Event: 14.307 GC heap before
{Heap before GC invocations=13 (full 3):
 PSYoungGen      total 345088K, used 325632K [0x00000000d5580000, 0x00000000f1280000, 0x0000000100000000)
  eden space 325632K, 100% used [0x00000000d5580000,0x00000000e9380000,0x00000000e9380000)
  from space 19456K, 0% used [0x00000000e9380000,0x00000000e9380000,0x00000000ea680000)
  to   space 24576K, 0% used [0x00000000efa80000,0x00000000efa80000,0x00000000f1280000)
 ParOldGen       total 148480K, used 39423K [0x0000000080000000, 0x0000000089100000, 0x00000000d5580000)
  object space 148480K, 26% used [0x0000000080000000,0x000000008267ff98,0x0000000089100000)
 Metaspace       used 65653K, capacity 68702K, committed 69016K, reserved 1107968K
  class space    used 9081K, capacity 9826K, committed 9896K, reserved 1048576K
Event: 14.331 GC heap after
Heap after GC invocations=13 (full 3):
 PSYoungGen      total 421888K, used 24001K [0x00000000d5580000, 0x00000000f1200000, 0x0000000100000000)
  eden space 397824K, 0% used [0x00000000d5580000,0x00000000d5580000,0x00000000eda00000)
  from space 24064K, 99% used [0x00000000efa80000,0x00000000f11f04f8,0x00000000f1200000)
  to   space 27648K, 0% used [0x00000000edc00000,0x00000000edc00000,0x00000000ef700000)
 ParOldGen       total 148480K, used 39431K [0x0000000080000000, 0x0000000089100000, 0x00000000d5580000)
  object space 148480K, 26% used [0x0000000080000000,0x0000000082681f98,0x0000000089100000)
 Metaspace       used 65653K, capacity 68702K, committed 69016K, reserved 1107968K
  class space    used 9081K, capacity 9826K, committed 9896K, reserved 1048576K
}
Event: 111.472 GC heap before
{Heap before GC invocations=14 (full 3):
 PSYoungGen      total 421888K, used 421825K [0x00000000d5580000, 0x00000000f1200000, 0x0000000100000000)
  eden space 397824K, 100% used [0x00000000d5580000,0x00000000eda00000,0x00000000eda00000)
  from space 24064K, 99% used [0x00000000efa80000,0x00000000f11f04f8,0x00000000f1200000)
  to   space 27648K, 0% used [0x00000000edc00000,0x00000000edc00000,0x00000000ef700000)
 ParOldGen       total 148480K, used 39431K [0x0000000080000000, 0x0000000089100000, 0x00000000d5580000)
  object space 148480K, 26% used [0x0000000080000000,0x0000000082681f98,0x0000000089100000)
 Metaspace       used 70915K, capacity 74458K, committed 74520K, reserved 1114112K
  class space    used 9438K, capacity 10244K, committed 10280K, reserved 1048576K
Event: 111.525 GC heap after
Heap after GC invocations=14 (full 3):
 PSYoungGen      total 427520K, used 27624K [0x00000000d5580000, 0x00000000f6500000, 0x0000000100000000)
  eden space 399872K, 0% used [0x00000000d5580000,0x00000000d5580000,0x00000000edc00000)
  from space 27648K, 99% used [0x00000000edc00000,0x00000000ef6fa198,0x00000000ef700000)
  to   space 34304K, 0% used [0x00000000f4380000,0x00000000f4380000,0x00000000f6500000)
 ParOldGen       total 148480K, used 46930K [0x0000000080000000, 0x0000000089100000, 0x00000000d5580000)
  object space 148480K, 31% used [0x0000000080000000,0x0000000082dd4a90,0x0000000089100000)
 Metaspace       used 70915K, capacity 74458K, committed 74520K, reserved 1114112K
  class space    used 9438K, capacity 10244K, committed 10280K, reserved 1048576K
}

Deoptimization events (10 events):
Event: 117.376 Thread 0x000000001ae20000 Uncommon trap: reason=array_check action=maybe_recompile pc=0x0000000004af14c8 method=java.util.ComparableTimSort.binarySort([Ljava/lang/Object;III)V @ 215
Event: 117.377 Thread 0x000000001ae20000 Uncommon trap: reason=predicate action=maybe_recompile pc=0x0000000004a3aa34 method=java.util.Collections.indexedBinarySearch(Ljava/util/List;Ljava/lang/Object;)I @ 16
Event: 117.378 Thread 0x000000001ae20000 Uncommon trap: reason=predicate action=maybe_recompile pc=0x0000000003c83388 method=java.util.Collections.indexedBinarySearch(Ljava/util/List;Ljava/lang/Object;)I @ 16
Event: 117.387 Thread 0x000000001ae20000 Uncommon trap: reason=array_check action=maybe_recompile pc=0x0000000004af2b74 method=java.util.ComparableTimSort.binarySort([Ljava/lang/Object;III)V @ 215
Event: 117.403 Thread 0x000000001ae20000 Uncommon trap: reason=array_check action=maybe_recompile pc=0x0000000004afcf38 method=java.util.ComparableTimSort.binarySort([Ljava/lang/Object;III)V @ 183
Event: 117.404 Thread 0x000000001ae20000 Uncommon trap: reason=array_check action=maybe_recompile pc=0x0000000004afcf38 method=java.util.ComparableTimSort.binarySort([Ljava/lang/Object;III)V @ 183
Event: 117.420 Thread 0x000000001ae20000 Uncommon trap: reason=array_check action=maybe_recompile pc=0x0000000004af2b74 method=java.util.ComparableTimSort.binarySort([Ljava/lang/Object;III)V @ 215
Event: 117.434 Thread 0x000000001ae20000 Uncommon trap: reason=array_check action=maybe_recompile pc=0x0000000004b00fb0 method=java.util.ComparableTimSort.binarySort([Ljava/lang/Object;III)V @ 193
Event: 117.437 Thread 0x000000001ae20000 Uncommon trap: reason=array_check action=maybe_recompile pc=0x0000000004b00fb0 method=java.util.ComparableTimSort.binarySort([Ljava/lang/Object;III)V @ 193
Event: 117.516 Thread 0x000000001ae20000 Uncommon trap: reason=unstable_if action=reinterpret pc=0x0000000004b03360 method=com.sun.tools.javac.util.Name$Table.equals([BI[BII)Z @ 22

Classes redefined (0 events):
No events

Internal exceptions (10 events):
Event: 69.884 Thread 0x000000001c17c000 Exception <a 'sun/nio/fs/WindowsException'> (0x00000000e20ca0f0) thrown at [C:\src\AOSP-openjdk-git\hotspot\src\share\vm\prims\jni.cpp, line 710]
Event: 80.098 Thread 0x000000001c17c000 Exception <a 'sun/nio/fs/WindowsException'> (0x00000000e3655a78) thrown at [C:\src\AOSP-openjdk-git\hotspot\src\share\vm\prims\jni.cpp, line 710]
Event: 82.545 Thread 0x000000001ae22000 Exception <a 'sun/nio/fs/WindowsException'> (0x00000000e8ff2dd8) thrown at [C:\src\AOSP-openjdk-git\hotspot\src\share\vm\prims\jni.cpp, line 710]
Event: 82.597 Thread 0x000000001ae27800 Exception <a 'java/lang/reflect/InvocationTargetException'> (0x00000000e8c6fc88) thrown at [C:\src\AOSP-openjdk-git\hotspot\src\share\vm\runtime\reflection.cpp, line 1092]
Event: 82.626 Thread 0x000000001c17c000 Exception <a 'sun/nio/fs/WindowsException'> (0x00000000e6c82e38) thrown at [C:\src\AOSP-openjdk-git\hotspot\src\share\vm\prims\jni.cpp, line 710]
Event: 110.430 Thread 0x000000001c17c000 Exception <a 'sun/nio/fs/WindowsException'> (0x00000000ea3c96d8) thrown at [C:\src\AOSP-openjdk-git\hotspot\src\share\vm\prims\jni.cpp, line 710]
Event: 115.460 Thread 0x000000001ae25000 Exception <a 'sun/nio/fs/WindowsException'> (0x00000000dcb90db8) thrown at [C:\src\AOSP-openjdk-git\hotspot\src\share\vm\prims\jni.cpp, line 710]
Event: 115.460 Thread 0x000000001ae25000 Exception <a 'sun/nio/fs/WindowsException'> (0x00000000dcb91260) thrown at [C:\src\AOSP-openjdk-git\hotspot\src\share\vm\prims\jni.cpp, line 710]
Event: 115.810 Thread 0x000000001ae20000 Exception <a 'java/lang/NoSuchMethodError': java.lang.Object.lambda$identity$2(Ljava/lang/Object;)Ljava/lang/Object;> (0x00000000de592458) thrown at [C:\src\AOSP-openjdk-git\hotspot\src\share\vm\interpreter\linkResolver.cpp, line 620]
Event: 115.811 Thread 0x000000001ae20000 Exception <a 'java/lang/NoSuchMethodError': java.lang.Object.lambda$flatMap$0(Ljava/lang/Throwable;)Lorg/gradle/api/internal/artifacts/transform/CacheableInvocation;> (0x00000000de5948b0) thrown at [C:\src\AOSP-openjdk-git\hotspot\src\share\vm\interpreter

Events (10 events):
Event: 117.480 loading class com/sun/tools/javac/jvm/ClassReader$ProxyVisitor done
Event: 117.493 loading class com/sun/tools/javac/code/Scope$1
Event: 117.493 loading class com/sun/tools/javac/code/Scope$1 done
Event: 117.493 loading class com/sun/tools/javac/jvm/ClassReader$ParameterAnnotations
Event: 117.493 loading class com/sun/tools/javac/jvm/ClassReader$ParameterAnnotations done
Event: 117.516 Thread 0x000000001ae20000 Uncommon trap: trap_request=0xffffff65 fr.pc=0x0000000004b03360
Event: 117.516 Thread 0x000000001ae20000 DEOPT PACKING pc=0x0000000004b03360 sp=0x00000000277d9d80
Event: 117.516 Thread 0x000000001ae20000 DEOPT UNPACKING pc=0x000000000284557b sp=0x00000000277d9d00 mode 2
Event: 117.521 loading class com/sun/tools/javac/code/Type$ArrayType$1
Event: 117.521 loading class com/sun/tools/javac/code/Type$ArrayType$1 done


Dynamic libraries:
0x00007ff79d380000 - 0x00007ff79d3b1000 	C:\Program Files\Android\Android Studio1\jre\bin\java.exe
0x00007ffdb6af0000 - 0x00007ffdb6ce5000 	C:\Windows\SYSTEM32\ntdll.dll
0x00007ffdb5730000 - 0x00007ffdb57ed000 	C:\Windows\System32\KERNEL32.DLL
0x00007ffdb4620000 - 0x00007ffdb48e9000 	C:\Windows\System32\KERNELBASE.dll
0x00007ffdb4c70000 - 0x00007ffdb4d1c000 	C:\Windows\System32\ADVAPI32.dll
0x00007ffdb4dd0000 - 0x00007ffdb4e6e000 	C:\Windows\System32\msvcrt.dll
0x00007ffdb4e70000 - 0x00007ffdb4f0b000 	C:\Windows\System32\sechost.dll
0x00007ffdb5b30000 - 0x00007ffdb5c5a000 	C:\Windows\System32\RPCRT4.dll
0x00007ffdb6490000 - 0x00007ffdb6630000 	C:\Windows\System32\USER32.dll
0x00007ffdb4950000 - 0x00007ffdb4972000 	C:\Windows\System32\win32u.dll
0x00007ffdb5170000 - 0x00007ffdb519a000 	C:\Windows\System32\GDI32.dll
0x00007ffdb43b0000 - 0x00007ffdb44bb000 	C:\Windows\System32\gdi32full.dll
0x00007ffdb4a60000 - 0x00007ffdb4afd000 	C:\Windows\System32\msvcp_win.dll
0x00007ffdb42b0000 - 0x00007ffdb43b0000 	C:\Windows\System32\ucrtbase.dll
0x00007ffda1ea0000 - 0x00007ffda213a000 	C:\Windows\WinSxS\amd64_microsoft.windows.common-controls_6595b64144ccf1df_6.0.19041.1110_none_60b5254171f9507e\COMCTL32.dll
0x00007ffdb4d20000 - 0x00007ffdb4d50000 	C:\Windows\System32\IMM32.DLL
0x0000000069070000 - 0x0000000069142000 	C:\Program Files\Android\Android Studio1\jre\jre\bin\msvcr100.dll
0x0000000067dc0000 - 0x000000006860b000 	C:\Program Files\Android\Android Studio1\jre\jre\bin\server\jvm.dll
0x00007ffdb5970000 - 0x00007ffdb5978000 	C:\Windows\System32\PSAPI.DLL
0x00007ffdadbc0000 - 0x00007ffdadbca000 	C:\Windows\SYSTEM32\VERSION.dll
0x00007ffd91020000 - 0x00007ffd91047000 	C:\Windows\SYSTEM32\WINMM.dll
0x00007ffdafd10000 - 0x00007ffdafd19000 	C:\Windows\SYSTEM32\WSOCK32.dll
0x00007ffdb57f0000 - 0x00007ffdb585b000 	C:\Windows\System32\WS2_32.dll
0x00007ffdafcd0000 - 0x00007ffdafcdf000 	C:\Program Files\Android\Android Studio1\jre\jre\bin\verify.dll
0x00007ffdad230000 - 0x00007ffdad259000 	C:\Program Files\Android\Android Studio1\jre\jre\bin\java.dll
0x00007ffdaef50000 - 0x00007ffdaef66000 	C:\Program Files\Android\Android Studio1\jre\jre\bin\zip.dll
0x00007ffdb5c60000 - 0x00007ffdb639f000 	C:\Windows\System32\SHELL32.dll
0x00007ffdb2330000 - 0x00007ffdb2ac0000 	C:\Windows\SYSTEM32\windows.storage.dll
0x00007ffdb53d0000 - 0x00007ffdb5725000 	C:\Windows\System32\combase.dll
0x00007ffdb3c80000 - 0x00007ffdb3cac000 	C:\Windows\SYSTEM32\Wldp.dll
0x00007ffdb50c0000 - 0x00007ffdb516e000 	C:\Windows\System32\SHCORE.dll
0x00007ffdb5060000 - 0x00007ffdb50b5000 	C:\Windows\System32\shlwapi.dll
0x00007ffdb4160000 - 0x00007ffdb417f000 	C:\Windows\SYSTEM32\profapi.dll
0x00007ffdad770000 - 0x00007ffdad78a000 	C:\Program Files\Android\Android Studio1\jre\jre\bin\net.dll
0x00007ffdb39e0000 - 0x00007ffdb3a4a000 	C:\Windows\system32\mswsock.dll
0x00007ffdad1e0000 - 0x00007ffdad1f3000 	C:\Program Files\Android\Android Studio1\jre\jre\bin\nio.dll
0x00007ffd8af90000 - 0x00007ffd8afb6000 	C:\Users\FAM\.gradle\native\30\windows-amd64\native-platform.dll
0x00007ffdaf110000 - 0x00007ffdaf11d000 	C:\Program Files\Android\Android Studio1\jre\jre\bin\management.dll
0x00007ffdb3bd0000 - 0x00007ffdb3be8000 	C:\Windows\SYSTEM32\CRYPTSP.dll
0x00007ffdb32f0000 - 0x00007ffdb3324000 	C:\Windows\system32\rsaenh.dll
0x00007ffdb4a30000 - 0x00007ffdb4a57000 	C:\Windows\System32\bcrypt.dll
0x00007ffdb4120000 - 0x00007ffdb414e000 	C:\Windows\SYSTEM32\USERENV.dll
0x00007ffdb4220000 - 0x00007ffdb42a3000 	C:\Windows\System32\bcryptprimitives.dll
0x00007ffdb3bf0000 - 0x00007ffdb3bfc000 	C:\Windows\SYSTEM32\CRYPTBASE.dll
0x00007ffdb3680000 - 0x00007ffdb36bb000 	C:\Windows\SYSTEM32\IPHLPAPI.DLL
0x00007ffdb51b0000 - 0x00007ffdb51b8000 	C:\Windows\System32\NSI.dll
0x00007ffdab500000 - 0x00007ffdab517000 	C:\Windows\SYSTEM32\dhcpcsvc6.DLL
0x00007ffdabe00000 - 0x00007ffdabe1d000 	C:\Windows\SYSTEM32\dhcpcsvc.DLL
0x00007ffdb36d0000 - 0x00007ffdb379c000 	C:\Windows\SYSTEM32\DNSAPI.dll

VM Arguments:
jvm_args: -Xmx2048m -Dfile.encoding=UTF-8 -Duser.country=US -Duser.language=en -Duser.variant 
java_command: org.gradle.launcher.daemon.bootstrap.GradleDaemon 5.6.4
java_class_path (initial): C:\Users\FAM\.gradle\wrapper\dists\gradle-5.6.4-all\ankdp27end7byghfw1q2sw75f\gradle-5.6.4\lib\gradle-launcher-5.6.4.jar
Launcher Type: SUN_STANDARD

Environment Variables:
JAVA_HOME=C:\Program Files\Java\jdk1.8.0_301
PATH=C:\Program Files (x86)\Common Files\Oracle\Java\javapath;C:\Windows\system32;C:\Windows;C:\Windows\System32\Wbem;C:\Windows\System32\WindowsPowerShell\v1.0\;C:\Windows\System32\OpenSSH\;C:\Program Files (x86)\NVIDIA Corporation\PhysX\Common;C:\Program Files\NVIDIA Corporation\NVIDIA NvDLISR;%JAVA_HOME%\bin;C:\Program Files\Git\cmd;C:\Users\FAM\AppData\Local\Microsoft\WindowsApps;&JAVA_HOME&\bin;C:\Users\FAM\AppData\Local\Android\Sdk\platform-tools;C:\Users\FAM\AppData\Local\Android\Sdk\tools;C:\Program Files\JetBrains\PyCharm Community Edition 2021.2\bin;;C:\Users\FAM\AppData\Local\Programs\Python\Python38\Scripts;C:\Users\FAM\AppData\Local\Programs\Python\Python38;C:\Users\FAM\AppData\Local\Programs\Python\Python38-32\Scripts;C:\Users\FAM\AppData\Local\Programs\Python\Python38-32;C:\Users\FAM\AppData\Local\Programs\Python\Python39\Scripts;C:\Users\FAM\AppData\Local\Programs\Python\Python39;
USERNAME=FAM
OS=Windows_NT
PROCESSOR_IDENTIFIER=Intel64 Family 6 Model 158 Stepping 9, GenuineIntel



---------------  S Y S T E M  ---------------

OS: Windows 10.0 , 64 bit Build 19041 (10.0.19041.1151)

CPU:total 8 (initial active 8) (4 cores per cpu, 2 threads per core) family 6 model 158 stepping 9, cmov, cx8, fxsr, mmx, sse, sse2, sse3, ssse3, sse4.1, sse4.2, popcnt, avx, avx2, aes, clmul, erms, 3dnowpref, lzcnt, ht, tsc, tscinvbit, bmi1, bmi2, adx

Memory: 4k page, physical 12447972k(2601172k free), swap 12447972k(3264k free)

vm_info: OpenJDK 64-Bit Server VM (25.242-b01) for windows-amd64 JRE (1.8.0_242-release-1644-b01), built by "builder" with MS VC++ 10.0 (VS2010)

time: Sat Sep 04 09:28:19 2021
timezone: SE Asia Standard Time
elapsed time: 117 seconds (0d 0h 1m 57s)

