#
# There is insufficient memory for the Java Runtime Environment to continue.
# Native memory allocation (malloc) failed to allocate 231296 bytes for Chunk::new
# Possible reasons:
#   The system is out of physical RAM or swap space
#   The process is running with CompressedOops enabled, and the Java Heap may be blocking the growth of the native heap
# Possible solutions:
#   Reduce memory load on the system
#   Increase physical memory or swap space
#   Check if swap backing store is full
#   Decrease Java heap size (-Xmx/-Xms)
#   Decrease number of Java threads
#   Decrease Java thread stack sizes (-Xss)
#   Set larger code cache with -XX:ReservedCodeCacheSize=
#   JVM is running with Unscaled Compressed Oops mode in which the Java heap is
#     placed in the first 4GB address space. The Java Heap base address is the
#     maximum limit for the native heap growth. Please use -XX:HeapBaseMinAddress
#     to set the Java Heap base and to place the Java Heap above 4GB virtual address.
# This output file may be truncated or incomplete.
#
#  Out of Memory Error (allocation.cpp:389), pid=4956, tid=0x0000000000000f74
#
# JRE version: OpenJDK Runtime Environment (8.0_242-b01) (build 1.8.0_242-release-1644-b01)
# Java VM: OpenJDK 64-Bit Server VM (25.242-b01 mixed mode windows-amd64 compressed oops)
# Failed to write core dump. Minidumps are not enabled by default on client versions of Windows
#

---------------  T H R E A D  ---------------

Current thread (0x0000000019349000):  JavaThread "C2 CompilerThread1" daemon [_thread_in_native, id=3956, stack(0x0000000019d40000,0x0000000019e40000)]

Stack: [0x0000000019d40000,0x0000000019e40000]
[error occurred during error reporting (printing stack bounds), id 0xc0000005]

Native frames: (J=compiled Java code, j=interpreted, Vv=VM code, C=native code)


Current CompileTask:
C2:   6810 4260       4       java.util.AbstractCollection::addAll (42 bytes)


---------------  P R O C E S S  ---------------

Java Threads: ( => current thread )
  0x000000001a47f800 JavaThread "Build operations Thread 8" [_thread_blocked, id=7140, stack(0x00000000241e0000,0x00000000242e0000)]
  0x000000001a482800 JavaThread "Build operations Thread 7" [_thread_blocked, id=4896, stack(0x00000000240e0000,0x00000000241e0000)]
  0x000000001a47e800 JavaThread "Build operations Thread 6" [_thread_blocked, id=6384, stack(0x0000000023fe0000,0x00000000240e0000)]
  0x000000001a47e000 JavaThread "Build operations Thread 5" [_thread_blocked, id=3440, stack(0x0000000023ee0000,0x0000000023fe0000)]
  0x000000001a47c800 JavaThread "Build operations Thread 4" [_thread_blocked, id=5384, stack(0x0000000023de0000,0x0000000023ee0000)]
  0x000000001a481000 JavaThread "Build operations Thread 3" [_thread_blocked, id=10332, stack(0x0000000023860000,0x0000000023960000)]
  0x000000001a481800 JavaThread "Build operations Thread 2" [_thread_blocked, id=2776, stack(0x0000000023760000,0x0000000023860000)]
  0x000000001a47d000 JavaThread "Build operations" [_thread_blocked, id=8696, stack(0x0000000021fd0000,0x00000000220d0000)]
  0x000000001a2aa800 JavaThread "Cache worker for execution history cache (C:\Users\FAM\.gradle\caches\5.6.4\executionHistory)" [_thread_blocked, id=5304, stack(0x0000000021cb0000,0x0000000021db0000)]
  0x000000001a2aa000 JavaThread "Cache worker for cache directory md-rule (C:\Users\FAM\.gradle\caches\5.6.4\md-rule)" [_thread_blocked, id=8092, stack(0x0000000021bb0000,0x0000000021cb0000)]
  0x000000001a2a9000 JavaThread "Cache worker for cache directory md-supplier (C:\Users\FAM\.gradle\caches\5.6.4\md-supplier)" [_thread_blocked, id=12952, stack(0x0000000020600000,0x0000000020700000)]
  0x000000001a2ac000 JavaThread "Cache worker for file hash cache (C:\Users\FAM\Desktop\Project\ProjectLips\LipColor-master\.gradle\5.6.4\fileHashes)" [_thread_blocked, id=2964, stack(0x0000000020300000,0x0000000020400000)]
  0x000000001a2ad800 JavaThread "Cache worker for journal cache (C:\Users\FAM\.gradle\caches\journal-1)" [_thread_blocked, id=7952, stack(0x000000001e060000,0x000000001e160000)]
  0x000000001a2a8800 JavaThread "File lock request listener" [_thread_in_native, id=6500, stack(0x000000001df60000,0x000000001e060000)]
  0x000000001a4a0000 JavaThread "Cache worker for file hash cache (C:\Users\FAM\.gradle\caches\5.6.4\fileHashes)" [_thread_blocked, id=5752, stack(0x000000001de60000,0x000000001df60000)]
  0x000000001be65000 JavaThread "Thread-9" [_thread_blocked, id=5440, stack(0x000000001db60000,0x000000001dc60000)]
  0x000000001be60800 JavaThread "Stdin handler" [_thread_blocked, id=4104, stack(0x000000001da60000,0x000000001db60000)]
  0x000000001be72800 JavaThread "Asynchronous log dispatcher for DefaultDaemonConnection: socket connection from /127.0.0.1:50176 to /127.0.0.1:50177" [_thread_blocked, id=2592, stack(0x000000001d960000,0x000000001da60000)]
  0x000000001be5f800 JavaThread "Daemon worker" [_thread_in_Java, id=5312, stack(0x000000001d860000,0x000000001d960000)]
  0x000000001bdad000 JavaThread "Cancel handler" [_thread_blocked, id=496, stack(0x000000001d760000,0x000000001d860000)]
  0x000000001bd98800 JavaThread "Handler for socket connection from /127.0.0.1:50176 to /127.0.0.1:50177" [_thread_in_native, id=9532, stack(0x000000001d460000,0x000000001d560000)]
  0x000000001bde3000 JavaThread "Daemon" [_thread_blocked, id=7720, stack(0x000000001d360000,0x000000001d460000)]
  0x000000001be2b800 JavaThread "Daemon periodic checks" [_thread_blocked, id=12444, stack(0x000000001d260000,0x000000001d360000)]
  0x000000001bdc8000 JavaThread "Incoming local TCP Connector on port 50176" [_thread_in_native, id=7768, stack(0x000000001d020000,0x000000001d120000)]
  0x000000001bd0c800 JavaThread "Daemon health stats" [_thread_blocked, id=10968, stack(0x000000001c9e0000,0x000000001cae0000)]
  0x0000000019415800 JavaThread "Service Thread" daemon [_thread_blocked, id=12664, stack(0x000000001a040000,0x000000001a140000)]
  0x0000000019394000 JavaThread "C1 CompilerThread3" daemon [_thread_in_vm, id=4144, stack(0x0000000019f40000,0x000000001a040000)]
  0x000000001751d000 JavaThread "C2 CompilerThread2" daemon [_thread_in_native, id=10032, stack(0x0000000019e40000,0x0000000019f40000)]
=>0x0000000019349000 JavaThread "C2 CompilerThread1" daemon [_thread_in_native, id=3956, stack(0x0000000019d40000,0x0000000019e40000)]
  0x0000000019345800 JavaThread "C2 CompilerThread0" daemon [_thread_in_native, id=8372, stack(0x0000000019c40000,0x0000000019d40000)]
  0x0000000019391000 JavaThread "Attach Listener" daemon [_thread_blocked, id=4236, stack(0x0000000019b40000,0x0000000019c40000)]
  0x0000000019390800 JavaThread "Signal Dispatcher" daemon [_thread_blocked, id=5504, stack(0x0000000019a40000,0x0000000019b40000)]
  0x000000000245c800 JavaThread "Finalizer" daemon [_thread_blocked, id=3652, stack(0x0000000019810000,0x0000000019910000)]
  0x0000000019330800 JavaThread "Reference Handler" daemon [_thread_blocked, id=2068, stack(0x0000000019710000,0x0000000019810000)]
  0x000000000056e000 JavaThread "main" [_thread_blocked, id=12524, stack(0x0000000002230000,0x0000000002330000)]

Other Threads:
  0x0000000017508000 VMThread [stack: 0x0000000019210000,0x0000000019310000] [id=13056]
  0x000000001941e000 WatcherThread [stack: 0x000000001a140000,0x000000001a240000] [id=12456]

VM state:not at safepoint (normal execution)

VM Mutex/Monitor currently owned by a thread: None

heap address: 0x0000000080000000, size: 2048 MB, Compressed Oops mode: 32-bit
Narrow klass base: 0x0000000000000000, Narrow klass shift: 3
Compressed class space size: 1073741824 Address: 0x0000000100000000

Heap:
 PSYoungGen      total 136192K, used 73127K [0x00000000d5580000, 0x00000000e0980000, 0x0000000100000000)
  eden space 128000K, 51% used [0x00000000d5580000,0x00000000d95674d0,0x00000000dd280000)
  from space 8192K, 93% used [0x00000000e0180000,0x00000000e0902a60,0x00000000e0980000)
  to   space 12800K, 0% used [0x00000000df080000,0x00000000df080000,0x00000000dfd00000)
 ParOldGen       total 114688K, used 17637K [0x0000000080000000, 0x0000000087000000, 0x00000000d5580000)
  object space 114688K, 15% used [0x0000000080000000,0x00000000811394a8,0x0000000087000000)
 Metaspace       used 45743K, capacity 47206K, committed 47488K, reserved 1091584K
  class space    used 6070K, capacity 6428K, committed 6528K, reserved 1048576K

Card table byte_map: [0x0000000011830000,0x0000000011c40000] byte_map_base: 0x0000000011430000

Marking Bits: (ParMarkBitMap*) 0x000000006858f030
 Begin Bits: [0x00000000126f0000, 0x00000000146f0000)
 End Bits:   [0x00000000146f0000, 0x00000000166f0000)

Polling page: 0x0000000002340000

CodeCache: size=245760Kb used=15228Kb max_used=15235Kb free=230531Kb
 bounds [0x0000000002470000, 0x0000000003360000, 0x0000000011470000]
 total_blobs=4992 nmethods=4225 adapters=678
 compilation: enabled

Compilation events (10 events):
Event: 6.783 Thread 0x0000000019394000 4256       3       org.gradle.internal.instantiation.AbstractClassGenerator$ClassGenerationHandler::<init> (5 bytes)
Event: 6.783 Thread 0x0000000019394000 nmethod 4256 0x000000000334e090 code [0x000000000334e200, 0x000000000334e410]
Event: 6.783 Thread 0x0000000019394000 4257       3       org.gradle.internal.instantiation.AbstractClassGenerator$ClassGenerationHandler::<init> (5 bytes)
Event: 6.783 Thread 0x0000000019394000 nmethod 4257 0x000000000334dcd0 code [0x000000000334de20, 0x000000000334dfd0]
Event: 6.786 Thread 0x0000000019349000 nmethod 4255 0x0000000003355f50 code [0x00000000033560a0, 0x0000000003356598]
Event: 6.789 Thread 0x0000000019394000 4258       3       org.gradle.internal.reflect.JavaPropertyReflectionUtil::hasTypeVariable (267 bytes)
Event: 6.790 Thread 0x0000000019394000 nmethod 4258 0x0000000003356a50 code [0x0000000003356e00, 0x00000000033591a8]
Event: 6.791 Thread 0x0000000019349000 4259       4       java.util.LinkedHashMap$LinkedValueIterator::next (8 bytes)
Event: 6.792 Thread 0x0000000019349000 nmethod 4259 0x0000000003352f90 code [0x00000000033530c0, 0x0000000003353198]
Event: 6.792 Thread 0x0000000019349000 4260       4       java.util.AbstractCollection::addAll (42 bytes)

GC Heap History (10 events):
Event: 3.165 GC heap before
{Heap before GC invocations=6 (full 1):
 PSYoungGen      total 105984K, used 7664K [0x00000000d5580000, 0x00000000dc480000, 0x0000000100000000)
  eden space 98304K, 0% used [0x00000000d5580000,0x00000000d5580000,0x00000000db580000)
  from space 7680K, 99% used [0x00000000db580000,0x00000000dbcfc040,0x00000000dbd00000)
  to   space 7680K, 0% used [0x00000000dbd00000,0x00000000dbd00000,0x00000000dc480000)
 ParOldGen       total 130048K, used 5726K [0x0000000080000000, 0x0000000087f00000, 0x00000000d5580000)
  object space 130048K, 4% used [0x0000000080000000,0x0000000080597988,0x0000000087f00000)
 Metaspace       used 20722K, capacity 21200K, committed 21296K, reserved 1067008K
  class space    used 3009K, capacity 3173K, committed 3200K, reserved 1048576K
Event: 3.193 GC heap after
Heap after GC invocations=6 (full 1):
 PSYoungGen      total 105984K, used 0K [0x00000000d5580000, 0x00000000dc480000, 0x0000000100000000)
  eden space 98304K, 0% used [0x00000000d5580000,0x00000000d5580000,0x00000000db580000)
  from space 7680K, 0% used [0x00000000db580000,0x00000000db580000,0x00000000dbd00000)
  to   space 7680K, 0% used [0x00000000dbd00000,0x00000000dbd00000,0x00000000dc480000)
 ParOldGen       total 70656K, used 8070K [0x0000000080000000, 0x0000000084500000, 0x00000000d5580000)
  object space 70656K, 11% used [0x0000000080000000,0x00000000807e1b60,0x0000000084500000)
 Metaspace       used 20722K, capacity 21200K, committed 21296K, reserved 1067008K
  class space    used 3009K, capacity 3173K, committed 3200K, reserved 1048576K
}
Event: 4.022 GC heap before
{Heap before GC invocations=7 (full 1):
 PSYoungGen      total 105984K, used 98304K [0x00000000d5580000, 0x00000000dc480000, 0x0000000100000000)
  eden space 98304K, 100% used [0x00000000d5580000,0x00000000db580000,0x00000000db580000)
  from space 7680K, 0% used [0x00000000db580000,0x00000000db580000,0x00000000dbd00000)
  to   space 7680K, 0% used [0x00000000dbd00000,0x00000000dbd00000,0x00000000dc480000)
 ParOldGen       total 70656K, used 8070K [0x0000000080000000, 0x0000000084500000, 0x00000000d5580000)
  object space 70656K, 11% used [0x0000000080000000,0x00000000807e1b60,0x0000000084500000)
 Metaspace       used 30058K, capacity 30668K, committed 30848K, reserved 1075200K
  class space    used 4151K, capacity 4359K, committed 4480K, reserved 1048576K
Event: 4.035 GC heap after
Heap after GC invocations=7 (full 1):
 PSYoungGen      total 100864K, used 7648K [0x00000000d5580000, 0x00000000e1980000, 0x0000000100000000)
  eden space 93184K, 0% used [0x00000000d5580000,0x00000000d5580000,0x00000000db080000)
  from space 7680K, 99% used [0x00000000dbd00000,0x00000000dc4781d8,0x00000000dc480000)
  to   space 12800K, 0% used [0x00000000db080000,0x00000000db080000,0x00000000dbd00000)
 ParOldGen       total 70656K, used 10191K [0x0000000080000000, 0x0000000084500000, 0x00000000d5580000)
  object space 70656K, 14% used [0x0000000080000000,0x00000000809f3ed0,0x0000000084500000)
 Metaspace       used 30058K, capacity 30668K, committed 30848K, reserved 1075200K
  class space    used 4151K, capacity 4359K, committed 4480K, reserved 1048576K
}
Event: 4.978 GC heap before
{Heap before GC invocations=8 (full 1):
 PSYoungGen      total 100864K, used 65269K [0x00000000d5580000, 0x00000000e1980000, 0x0000000100000000)
  eden space 93184K, 61% used [0x00000000d5580000,0x00000000d8dc5620,0x00000000db080000)
  from space 7680K, 99% used [0x00000000dbd00000,0x00000000dc4781d8,0x00000000dc480000)
  to   space 12800K, 0% used [0x00000000db080000,0x00000000db080000,0x00000000dbd00000)
 ParOldGen       total 70656K, used 10191K [0x0000000080000000, 0x0000000084500000, 0x00000000d5580000)
  object space 70656K, 14% used [0x0000000080000000,0x00000000809f3ed0,0x0000000084500000)
 Metaspace       used 34574K, capacity 35346K, committed 35456K, reserved 1079296K
  class space    used 4649K, capacity 4884K, committed 4992K, reserved 1048576K
Event: 4.987 GC heap after
Heap after GC invocations=8 (full 1):
 PSYoungGen      total 105984K, used 10541K [0x00000000d5580000, 0x00000000e0e80000, 0x0000000100000000)
  eden space 93184K, 0% used [0x00000000d5580000,0x00000000d5580000,0x00000000db080000)
  from space 12800K, 82% used [0x00000000db080000,0x00000000dbacb550,0x00000000dbd00000)
  to   space 13312K, 0% used [0x00000000e0180000,0x00000000e0180000,0x00000000e0e80000)
 ParOldGen       total 70656K, used 10199K [0x0000000080000000, 0x0000000084500000, 0x00000000d5580000)
  object space 70656K, 14% used [0x0000000080000000,0x00000000809f5ed0,0x0000000084500000)
 Metaspace       used 34574K, capacity 35346K, committed 35456K, reserved 1079296K
  class space    used 4649K, capacity 4884K, committed 4992K, reserved 1048576K
}
Event: 4.988 GC heap before
{Heap before GC invocations=9 (full 2):
 PSYoungGen      total 105984K, used 10541K [0x00000000d5580000, 0x00000000e0e80000, 0x0000000100000000)
  eden space 93184K, 0% used [0x00000000d5580000,0x00000000d5580000,0x00000000db080000)
  from space 12800K, 82% used [0x00000000db080000,0x00000000dbacb550,0x00000000dbd00000)
  to   space 13312K, 0% used [0x00000000e0180000,0x00000000e0180000,0x00000000e0e80000)
 ParOldGen       total 70656K, used 10199K [0x0000000080000000, 0x0000000084500000, 0x00000000d5580000)
  object space 70656K, 14% used [0x0000000080000000,0x00000000809f5ed0,0x0000000084500000)
 Metaspace       used 34574K, capacity 35346K, committed 35456K, reserved 1079296K
  class space    used 4649K, capacity 4884K, committed 4992K, reserved 1048576K
Event: 5.105 GC heap after
Heap after GC invocations=9 (full 2):
 PSYoungGen      total 105984K, used 0K [0x00000000d5580000, 0x00000000e0e80000, 0x0000000100000000)
  eden space 93184K, 0% used [0x00000000d5580000,0x00000000d5580000,0x00000000db080000)
  from space 12800K, 0% used [0x00000000db080000,0x00000000db080000,0x00000000dbd00000)
  to   space 13312K, 0% used [0x00000000e0180000,0x00000000e0180000,0x00000000e0e80000)
 ParOldGen       total 114688K, used 17629K [0x0000000080000000, 0x0000000087000000, 0x00000000d5580000)
  object space 114688K, 15% used [0x0000000080000000,0x00000000811374a8,0x0000000087000000)
 Metaspace       used 34528K, capacity 35242K, committed 35456K, reserved 1079296K
  class space    used 4638K, capacity 4872K, committed 4992K, reserved 1048576K
}
Event: 6.014 GC heap before
{Heap before GC invocations=10 (full 2):
 PSYoungGen      total 105984K, used 93184K [0x00000000d5580000, 0x00000000e0e80000, 0x0000000100000000)
  eden space 93184K, 100% used [0x00000000d5580000,0x00000000db080000,0x00000000db080000)
  from space 12800K, 0% used [0x00000000db080000,0x00000000db080000,0x00000000dbd00000)
  to   space 13312K, 0% used [0x00000000e0180000,0x00000000e0180000,0x00000000e0e80000)
 ParOldGen       total 114688K, used 17629K [0x0000000080000000, 0x0000000087000000, 0x00000000d5580000)
  object space 114688K, 15% used [0x0000000080000000,0x00000000811374a8,0x0000000087000000)
 Metaspace       used 38966K, capacity 40084K, committed 40192K, reserved 1083392K
  class space    used 5246K, capacity 5557K, committed 5632K, reserved 1048576K
Event: 6.021 GC heap after
Heap after GC invocations=10 (full 2):
 PSYoungGen      total 136192K, used 7690K [0x00000000d5580000, 0x00000000e0980000, 0x0000000100000000)
  eden space 128000K, 0% used [0x00000000d5580000,0x00000000d5580000,0x00000000dd280000)
  from space 8192K, 93% used [0x00000000e0180000,0x00000000e0902a60,0x00000000e0980000)
  to   space 12800K, 0% used [0x00000000df080000,0x00000000df080000,0x00000000dfd00000)
 ParOldGen       total 114688K, used 17637K [0x0000000080000000, 0x0000000087000000, 0x00000000d5580000)
  object space 114688K, 15% used [0x0000000080000000,0x00000000811394a8,0x0000000087000000)
 Metaspace       used 38966K, capacity 40084K, committed 40192K, reserved 1083392K
  class space    used 5246K, capacity 5557K, committed 5632K, reserved 1048576K
}

Deoptimization events (10 events):
Event: 6.253 Thread 0x000000001be5f800 Uncommon trap: reason=speculate_class_check action=maybe_recompile pc=0x0000000003223b68 method=com.google.common.collect.AbstractIndexedListIterator.next()Ljava/lang/Object; @ 27
Event: 6.317 Thread 0x000000001be5f800 Uncommon trap: reason=bimorphic action=maybe_recompile pc=0x000000000311c7c4 method=java.util.Objects.equals(Ljava/lang/Object;Ljava/lang/Object;)Z @ 11
Event: 6.317 Thread 0x000000001be5f800 Uncommon trap: reason=bimorphic action=maybe_recompile pc=0x000000000311c7c4 method=java.util.Objects.equals(Ljava/lang/Object;Ljava/lang/Object;)Z @ 11
Event: 6.317 Thread 0x000000001be5f800 Uncommon trap: reason=bimorphic action=maybe_recompile pc=0x000000000311c7c4 method=java.util.Objects.equals(Ljava/lang/Object;Ljava/lang/Object;)Z @ 11
Event: 6.317 Thread 0x000000001be5f800 Uncommon trap: reason=bimorphic action=maybe_recompile pc=0x000000000311c7c4 method=java.util.Objects.equals(Ljava/lang/Object;Ljava/lang/Object;)Z @ 11
Event: 6.366 Thread 0x000000001be5f800 Uncommon trap: reason=unstable_if action=reinterpret pc=0x00000000029a1650 method=java.util.regex.Pattern.has(I)Z @ 6
Event: 6.376 Thread 0x000000001be5f800 Uncommon trap: reason=bimorphic action=maybe_recompile pc=0x0000000002d4e704 method=java.util.AbstractCollection.addAll(Ljava/util/Collection;)Z @ 29
Event: 6.400 Thread 0x000000001be5f800 Uncommon trap: reason=predicate action=maybe_recompile pc=0x00000000030228d4 method=java.util.Arrays.binarySearch0([Ljava/lang/Object;IILjava/lang/Object;Ljava/util/Comparator;)I @ 28
Event: 6.429 Thread 0x000000001be5f800 Uncommon trap: reason=unstable_if action=reinterpret pc=0x00000000032ca68c method=java.security.CodeSource.hashCode()I @ 4
Event: 6.440 Thread 0x000000001be5f800 Uncommon trap: reason=unstable_if action=reinterpret pc=0x0000000003240a44 method=jdk.internal.org.objectweb.asm.Type.getArgumentsAndReturnSizes(Ljava/lang/String;)I @ 47

Classes redefined (0 events):
No events

Internal exceptions (10 events):
Event: 6.210 Thread 0x000000001be5f800 Exception <a 'java/lang/ClassNotFoundException': org/gradle/api/internal/AbstractTaskCustomizer> (0x00000000d650afa0) thrown at [C:\src\AOSP-openjdk-git\hotspot\src\share\vm\classfile\systemDictionary.cpp, line 210]
Event: 6.212 Thread 0x000000001be5f800 Exception <a 'java/lang/ClassNotFoundException': org/gradle/api/DefaultTaskCustomizer> (0x00000000d6596d38) thrown at [C:\src\AOSP-openjdk-git\hotspot\src\share\vm\classfile\systemDictionary.cpp, line 210]
Event: 6.212 Thread 0x000000001be5f800 Exception <a 'java/lang/ClassNotFoundException': org/gradle/api/internal/ConventionTaskCustomizer> (0x00000000d65d95e0) thrown at [C:\src\AOSP-openjdk-git\hotspot\src\share\vm\classfile\systemDictionary.cpp, line 210]
Event: 6.213 Thread 0x000000001be5f800 Exception <a 'java/lang/ClassNotFoundException': org/gradle/api/tasks/DeleteCustomizer> (0x00000000d6618890) thrown at [C:\src\AOSP-openjdk-git\hotspot\src\share\vm\classfile\systemDictionary.cpp, line 210]
Event: 6.214 Thread 0x000000001be5f800 Exception <a 'java/lang/ClassNotFoundException': org/gradle/api/tasks/Delete_DecoratedCustomizer> (0x00000000d6665778) thrown at [C:\src\AOSP-openjdk-git\hotspot\src\share\vm\classfile\systemDictionary.cpp, line 210]
Event: 6.226 Thread 0x000000001be5f800 Exception <a 'java/lang/ClassNotFoundException': build_ubbcu7zzdm9nowrbgr99pft0BeanInfo> (0x00000000d675cdf0) thrown at [C:\src\AOSP-openjdk-git\hotspot\src\share\vm\classfile\systemDictionary.cpp, line 210]
Event: 6.226 Thread 0x000000001be5f800 Exception <a 'java/lang/ClassNotFoundException': build_ubbcu7zzdm9nowrbgr99pft0Customizer> (0x00000000d67697d8) thrown at [C:\src\AOSP-openjdk-git\hotspot\src\share\vm\classfile\systemDictionary.cpp, line 210]
Event: 6.234 Thread 0x000000001be5f800 Exception <a 'java/lang/ClassNotFoundException': org/gradle/plugin/use/internal/PluginRequestCollector$PluginDependenciesSpecImplBeanInfo> (0x00000000d68086f0) thrown at [C:\src\AOSP-openjdk-git\hotspot\src\share\vm\classfile\systemDictionary.cpp, line 21
Event: 6.234 Thread 0x000000001be5f800 Exception <a 'java/lang/ClassNotFoundException': org/gradle/plugin/use/internal/PluginRequestCollector$PluginDependenciesSpecImplCustomizer> (0x00000000d6847fa0) thrown at [C:\src\AOSP-openjdk-git\hotspot\src\share\vm\classfile\systemDictionary.cpp, line 
Event: 6.429 Thread 0x000000001be5f800 Implicit null exception at 0x00000000032ca395 to 0x00000000032ca67d

Events (10 events):
Event: 6.800 loading class org/gradle/caching/internal/packaging/impl/GZipBuildCacheEntryPacker
Event: 6.800 loading class org/gradle/caching/internal/packaging/impl/GZipBuildCacheEntryPacker done
Event: 6.801 loading class java/util/zip/GZIPOutputStream
Event: 6.801 loading class java/util/zip/DeflaterOutputStream
Event: 6.801 loading class java/util/zip/DeflaterOutputStream done
Event: 6.801 loading class java/util/zip/GZIPOutputStream done
Event: 6.801 loading class java/util/zip/GZIPInputStream
Event: 6.801 loading class java/util/zip/GZIPInputStream done
Event: 6.801 loading class org/gradle/caching/internal/packaging/impl/TarBuildCacheEntryPacker
Event: 6.801 loading class org/gradle/caching/internal/packaging/impl/TarBuildCacheEntryPacker done


Dynamic libraries:
0x00007ff79d380000 - 0x00007ff79d3b1000 	C:\Program Files\Android\Android Studio1\jre\bin\java.exe
0x00007ffdb6af0000 - 0x00007ffdb6ce5000 	C:\Windows\SYSTEM32\ntdll.dll
0x00007ffdb5730000 - 0x00007ffdb57ed000 	C:\Windows\System32\KERNEL32.DLL
0x00007ffdb4620000 - 0x00007ffdb48e9000 	C:\Windows\System32\KERNELBASE.dll
0x00007ffdb4c70000 - 0x00007ffdb4d1c000 	C:\Windows\System32\ADVAPI32.dll
0x00007ffdb4dd0000 - 0x00007ffdb4e6e000 	C:\Windows\System32\msvcrt.dll
0x00007ffdb4e70000 - 0x00007ffdb4f0b000 	C:\Windows\System32\sechost.dll
0x00007ffdb5b30000 - 0x00007ffdb5c5a000 	C:\Windows\System32\RPCRT4.dll
0x00007ffdb6490000 - 0x00007ffdb6630000 	C:\Windows\System32\USER32.dll
0x00007ffdb4950000 - 0x00007ffdb4972000 	C:\Windows\System32\win32u.dll
0x00007ffdb5170000 - 0x00007ffdb519a000 	C:\Windows\System32\GDI32.dll
0x00007ffdb43b0000 - 0x00007ffdb44bb000 	C:\Windows\System32\gdi32full.dll
0x00007ffdb4a60000 - 0x00007ffdb4afd000 	C:\Windows\System32\msvcp_win.dll
0x00007ffdb42b0000 - 0x00007ffdb43b0000 	C:\Windows\System32\ucrtbase.dll
0x00007ffda1ea0000 - 0x00007ffda213a000 	C:\Windows\WinSxS\amd64_microsoft.windows.common-controls_6595b64144ccf1df_6.0.19041.1110_none_60b5254171f9507e\COMCTL32.dll
0x00007ffdb4d20000 - 0x00007ffdb4d50000 	C:\Windows\System32\IMM32.DLL
0x0000000069070000 - 0x0000000069142000 	C:\Program Files\Android\Android Studio1\jre\jre\bin\msvcr100.dll
0x0000000067dc0000 - 0x000000006860b000 	C:\Program Files\Android\Android Studio1\jre\jre\bin\server\jvm.dll
0x00007ffdb5970000 - 0x00007ffdb5978000 	C:\Windows\System32\PSAPI.DLL
0x00007ffdafd10000 - 0x00007ffdafd19000 	C:\Windows\SYSTEM32\WSOCK32.dll
0x00007ffd91020000 - 0x00007ffd91047000 	C:\Windows\SYSTEM32\WINMM.dll
0x00007ffdadbc0000 - 0x00007ffdadbca000 	C:\Windows\SYSTEM32\VERSION.dll
0x00007ffdb57f0000 - 0x00007ffdb585b000 	C:\Windows\System32\WS2_32.dll
0x00007ffdafcd0000 - 0x00007ffdafcdf000 	C:\Program Files\Android\Android Studio1\jre\jre\bin\verify.dll
0x00007ffdad230000 - 0x00007ffdad259000 	C:\Program Files\Android\Android Studio1\jre\jre\bin\java.dll
0x00007ffdaef50000 - 0x00007ffdaef66000 	C:\Program Files\Android\Android Studio1\jre\jre\bin\zip.dll
0x00007ffdb5c60000 - 0x00007ffdb639f000 	C:\Windows\System32\SHELL32.dll
0x00007ffdb2330000 - 0x00007ffdb2ac0000 	C:\Windows\SYSTEM32\windows.storage.dll
0x00007ffdb53d0000 - 0x00007ffdb5725000 	C:\Windows\System32\combase.dll
0x00007ffdb3c80000 - 0x00007ffdb3cac000 	C:\Windows\SYSTEM32\Wldp.dll
0x00007ffdb50c0000 - 0x00007ffdb516e000 	C:\Windows\System32\SHCORE.dll
0x00007ffdb5060000 - 0x00007ffdb50b5000 	C:\Windows\System32\shlwapi.dll
0x00007ffdb4160000 - 0x00007ffdb417f000 	C:\Windows\SYSTEM32\profapi.dll
0x00007ffdad770000 - 0x00007ffdad78a000 	C:\Program Files\Android\Android Studio1\jre\jre\bin\net.dll
0x00007ffdb39e0000 - 0x00007ffdb3a4a000 	C:\Windows\system32\mswsock.dll
0x00007ffdad1e0000 - 0x00007ffdad1f3000 	C:\Program Files\Android\Android Studio1\jre\jre\bin\nio.dll
0x00007ffd8af90000 - 0x00007ffd8afb6000 	C:\Users\FAM\.gradle\native\30\windows-amd64\native-platform.dll
0x00007ffdaf110000 - 0x00007ffdaf11d000 	C:\Program Files\Android\Android Studio1\jre\jre\bin\management.dll
0x00007ffdb3bd0000 - 0x00007ffdb3be8000 	C:\Windows\SYSTEM32\CRYPTSP.dll
0x00007ffdb32f0000 - 0x00007ffdb3324000 	C:\Windows\system32\rsaenh.dll
0x00007ffdb4a30000 - 0x00007ffdb4a57000 	C:\Windows\System32\bcrypt.dll
0x00007ffdb4120000 - 0x00007ffdb414e000 	C:\Windows\SYSTEM32\USERENV.dll
0x00007ffdb4220000 - 0x00007ffdb42a3000 	C:\Windows\System32\bcryptprimitives.dll
0x00007ffdb3bf0000 - 0x00007ffdb3bfc000 	C:\Windows\SYSTEM32\CRYPTBASE.dll
0x00007ffdb3680000 - 0x00007ffdb36bb000 	C:\Windows\SYSTEM32\IPHLPAPI.DLL
0x00007ffdb51b0000 - 0x00007ffdb51b8000 	C:\Windows\System32\NSI.dll
0x00007ffdab500000 - 0x00007ffdab517000 	C:\Windows\SYSTEM32\dhcpcsvc6.DLL
0x00007ffdabe00000 - 0x00007ffdabe1d000 	C:\Windows\SYSTEM32\dhcpcsvc.DLL
0x00007ffdb36d0000 - 0x00007ffdb379c000 	C:\Windows\SYSTEM32\DNSAPI.dll

VM Arguments:
jvm_args: -Xmx2048m -Dfile.encoding=UTF-8 -Duser.country=US -Duser.language=en -Duser.variant 
java_command: org.gradle.launcher.daemon.bootstrap.GradleDaemon 5.6.4
java_class_path (initial): C:\Users\FAM\.gradle\wrapper\dists\gradle-5.6.4-all\ankdp27end7byghfw1q2sw75f\gradle-5.6.4\lib\gradle-launcher-5.6.4.jar
Launcher Type: SUN_STANDARD

Environment Variables:
JAVA_HOME=C:\Program Files\Java\jdk1.8.0_301
PATH=C:\Program Files (x86)\Common Files\Oracle\Java\javapath;C:\Windows\system32;C:\Windows;C:\Windows\System32\Wbem;C:\Windows\System32\WindowsPowerShell\v1.0\;C:\Windows\System32\OpenSSH\;C:\Program Files (x86)\NVIDIA Corporation\PhysX\Common;C:\Program Files\NVIDIA Corporation\NVIDIA NvDLISR;%JAVA_HOME%\bin;C:\Program Files\Git\cmd;C:\Users\FAM\AppData\Local\Microsoft\WindowsApps;&JAVA_HOME&\bin;C:\Users\FAM\AppData\Local\Android\Sdk\platform-tools;C:\Users\FAM\AppData\Local\Android\Sdk\tools;C:\Program Files\JetBrains\PyCharm Community Edition 2021.2\bin;;C:\Users\FAM\AppData\Local\Programs\Python\Python38\Scripts;C:\Users\FAM\AppData\Local\Programs\Python\Python38;C:\Users\FAM\AppData\Local\Programs\Python\Python38-32\Scripts;C:\Users\FAM\AppData\Local\Programs\Python\Python38-32;C:\Users\FAM\AppData\Local\Programs\Python\Python39\Scripts;C:\Users\FAM\AppData\Local\Programs\Python\Python39;
USERNAME=FAM
OS=Windows_NT
PROCESSOR_IDENTIFIER=Intel64 Family 6 Model 158 Stepping 9, GenuineIntel



---------------  S Y S T E M  ---------------

OS: Windows 10.0 , 64 bit Build 19041 (10.0.19041.1151)

CPU:total 8 (initial active 8) (4 cores per cpu, 2 threads per core) family 6 model 158 stepping 9, cmov, cx8, fxsr, mmx, sse, sse2, sse3, ssse3, sse4.1, sse4.2, popcnt, avx, avx2, aes, clmul, erms, 3dnowpref, lzcnt, ht, tsc, tscinvbit, bmi1, bmi2, adx

Memory: 4k page, physical 12447972k(2552436k free), swap 12447972k(5876k free)

vm_info: OpenJDK 64-Bit Server VM (25.242-b01) for windows-amd64 JRE (1.8.0_242-release-1644-b01), built by "builder" with MS VC++ 10.0 (VS2010)

time: Sat Sep 04 09:31:28 2021
timezone: SE Asia Standard Time
elapsed time: 6 seconds (0d 0h 0m 6s)

