#
# There is insufficient memory for the Java Runtime Environment to continue.
# Native memory allocation (malloc) failed to allocate 554816 bytes for Chunk::new
# Possible reasons:
#   The system is out of physical RAM or swap space
#   The process is running with CompressedOops enabled, and the Java Heap may be blocking the growth of the native heap
# Possible solutions:
#   Reduce memory load on the system
#   Increase physical memory or swap space
#   Check if swap backing store is full
#   Decrease Java heap size (-Xmx/-Xms)
#   Decrease number of Java threads
#   Decrease Java thread stack sizes (-Xss)
#   Set larger code cache with -XX:ReservedCodeCacheSize=
#   JVM is running with Unscaled Compressed Oops mode in which the Java heap is
#     placed in the first 4GB address space. The Java Heap base address is the
#     maximum limit for the native heap growth. Please use -XX:HeapBaseMinAddress
#     to set the Java Heap base and to place the Java Heap above 4GB virtual address.
# This output file may be truncated or incomplete.
#
#  Out of Memory Error (allocation.cpp:389), pid=5056, tid=0x0000000000003368
#
# JRE version: OpenJDK Runtime Environment (8.0_242-b01) (build 1.8.0_242-release-1644-b01)
# Java VM: OpenJDK 64-Bit Server VM (25.242-b01 mixed mode windows-amd64 compressed oops)
# Failed to write core dump. Minidumps are not enabled by default on client versions of Windows
#

---------------  T H R E A D  ---------------

Current thread (0x000000001a1c2000):  JavaThread "C2 CompilerThread0" daemon [_thread_in_native, id=13160, stack(0x000000001aa90000,0x000000001ab90000)]

Stack: [0x000000001aa90000,0x000000001ab90000]
[error occurred during error reporting (printing stack bounds), id 0xc0000005]

Native frames: (J=compiled Java code, j=interpreted, Vv=VM code, C=native code)


Current CompileTask:
C2:   9272 4331       4       groovy.lang.MetaClassImpl$1MOPIter::methodNameAction (325 bytes)


---------------  P R O C E S S  ---------------

Java Threads: ( => current thread )
  0x000000001c197000 JavaThread "Cache worker for Build Output Cleanup Cache (C:\Users\FAM\Desktop\Project\ProjectLips\LipColor-master\.gradle\buildOutputCleanup)" [_thread_blocked, id=9632, stack(0x0000000024770000,0x0000000024870000)]
  0x000000001ba92000 JavaThread "Build operations Thread 8" [_thread_blocked, id=9492, stack(0x0000000024ee0000,0x0000000024fe0000)]
  0x000000001ba91000 JavaThread "Build operations Thread 7" [_thread_blocked, id=11076, stack(0x0000000024de0000,0x0000000024ee0000)]
  0x000000001ba8e000 JavaThread "Build operations Thread 6" [_thread_blocked, id=616, stack(0x0000000024ce0000,0x0000000024de0000)]
  0x000000001ba8f800 JavaThread "Build operations Thread 5" [_thread_blocked, id=9188, stack(0x0000000024be0000,0x0000000024ce0000)]
  0x000000001ba8c800 JavaThread "Build operations Thread 4" [_thread_blocked, id=1648, stack(0x0000000024ae0000,0x0000000024be0000)]
  0x000000001ba8f000 JavaThread "Build operations Thread 3" [_thread_blocked, id=9792, stack(0x00000000249e0000,0x0000000024ae0000)]
  0x000000001ba90800 JavaThread "Build operations Thread 2" [_thread_blocked, id=11268, stack(0x00000000248e0000,0x00000000249e0000)]
  0x000000001ba8d800 JavaThread "Build operations" [_thread_blocked, id=8740, stack(0x0000000024470000,0x0000000024570000)]
  0x000000001ba8c000 JavaThread "Cache worker for execution history cache (C:\Users\FAM\.gradle\caches\5.6.4\executionHistory)" [_thread_blocked, id=5032, stack(0x0000000024170000,0x0000000024270000)]
  0x000000001ba92800 JavaThread "Cache worker for cache directory md-rule (C:\Users\FAM\.gradle\caches\5.6.4\md-rule)" [_thread_blocked, id=240, stack(0x0000000024070000,0x0000000024170000)]
  0x000000001a535800 JavaThread "Cache worker for cache directory md-supplier (C:\Users\FAM\.gradle\caches\5.6.4\md-supplier)" [_thread_blocked, id=9176, stack(0x0000000021480000,0x0000000021580000)]
  0x000000001a537800 JavaThread "Cache worker for file hash cache (C:\Users\FAM\Desktop\Project\ProjectLips\LipColor-master\.gradle\5.6.4\fileHashes)" [_thread_blocked, id=11484, stack(0x000000001ff80000,0x0000000020080000)]
  0x000000001a533000 JavaThread "Cache worker for journal cache (C:\Users\FAM\.gradle\caches\journal-1)" [_thread_blocked, id=10128, stack(0x000000001eeb0000,0x000000001efb0000)]
  0x000000001a537000 JavaThread "File lock request listener" [_thread_in_native, id=12020, stack(0x000000001edb0000,0x000000001eeb0000)]
  0x000000001a534800 JavaThread "Cache worker for file hash cache (C:\Users\FAM\.gradle\caches\5.6.4\fileHashes)" [_thread_blocked, id=12436, stack(0x000000001ecb0000,0x000000001edb0000)]
  0x000000001cc20000 JavaThread "Thread-9" [_thread_blocked, id=10952, stack(0x000000001e9b0000,0x000000001eab0000)]
  0x000000001cc35000 JavaThread "Stdin handler" [_thread_blocked, id=1696, stack(0x000000001e8b0000,0x000000001e9b0000)]
  0x000000001cc4f000 JavaThread "Asynchronous log dispatcher for DefaultDaemonConnection: socket connection from /127.0.0.1:50138 to /127.0.0.1:50139" [_thread_blocked, id=7696, stack(0x000000001e7b0000,0x000000001e8b0000)]
  0x000000001cc00800 JavaThread "Daemon worker" [_thread_in_Java, id=5420, stack(0x000000001e6b0000,0x000000001e7b0000)]
  0x000000001cbfd800 JavaThread "Cancel handler" [_thread_blocked, id=7452, stack(0x000000001e5b0000,0x000000001e6b0000)]
  0x000000001cbf3800 JavaThread "Handler for socket connection from /127.0.0.1:50138 to /127.0.0.1:50139" [_thread_in_native, id=12164, stack(0x000000001e2b0000,0x000000001e3b0000)]
  0x000000001cbe8800 JavaThread "Daemon" [_thread_blocked, id=9040, stack(0x000000001e1b0000,0x000000001e2b0000)]
  0x000000001cb7d800 JavaThread "Daemon periodic checks" [_thread_blocked, id=13228, stack(0x000000001e0b0000,0x000000001e1b0000)]
  0x000000001cb6d000 JavaThread "Incoming local TCP Connector on port 50138" [_thread_in_native, id=11108, stack(0x000000001de70000,0x000000001df70000)]
  0x000000001ca9d800 JavaThread "Daemon health stats" [_thread_blocked, id=5348, stack(0x000000001d830000,0x000000001d930000)]
  0x000000001a291800 JavaThread "Service Thread" daemon [_thread_blocked, id=12708, stack(0x000000001ae90000,0x000000001af90000)]
  0x000000001a210000 JavaThread "C1 CompilerThread3" daemon [_thread_blocked, id=11940, stack(0x000000001ad90000,0x000000001ae90000)]
  0x000000001a1c7000 JavaThread "C2 CompilerThread2" daemon [_thread_in_native, id=10704, stack(0x000000001ac90000,0x000000001ad90000)]
  0x000000001a1c5000 JavaThread "C2 CompilerThread1" daemon [_thread_in_native, id=10568, stack(0x000000001ab90000,0x000000001ac90000)]
=>0x000000001a1c2000 JavaThread "C2 CompilerThread0" daemon [_thread_in_native, id=13160, stack(0x000000001aa90000,0x000000001ab90000)]
  0x000000001a1c0800 JavaThread "Attach Listener" daemon [_thread_blocked, id=8788, stack(0x000000001a990000,0x000000001aa90000)]
  0x000000001a20f800 JavaThread "Signal Dispatcher" daemon [_thread_blocked, id=13200, stack(0x000000001a890000,0x000000001a990000)]
  0x000000001a1b1000 JavaThread "Finalizer" daemon [_thread_blocked, id=3008, stack(0x000000001a690000,0x000000001a790000)]
  0x000000001a1b0800 JavaThread "Reference Handler" daemon [_thread_blocked, id=1160, stack(0x000000001a590000,0x000000001a690000)]
  0x000000000305e000 JavaThread "main" [_thread_blocked, id=8468, stack(0x0000000003140000,0x0000000003240000)]

Other Threads:
  0x00000000183a8000 VMThread [stack: 0x000000001a090000,0x000000001a190000] [id=3712]
  0x000000001a29e800 WatcherThread [stack: 0x000000001af90000,0x000000001b090000] [id=7752]

VM state:not at safepoint (normal execution)

VM Mutex/Monitor currently owned by a thread: None

heap address: 0x0000000080000000, size: 2048 MB, Compressed Oops mode: 32-bit
Narrow klass base: 0x0000000000000000, Narrow klass shift: 3
Compressed class space size: 1073741824 Address: 0x0000000100000000

Heap:
 PSYoungGen      total 199168K, used 149561K [0x00000000d5580000, 0x00000000e2c80000, 0x0000000100000000)
  eden space 185856K, 80% used [0x00000000d5580000,0x00000000de78e7a8,0x00000000e0b00000)
  from space 13312K, 0% used [0x00000000e1280000,0x00000000e1280000,0x00000000e1f80000)
  to   space 10752K, 0% used [0x00000000e2200000,0x00000000e2200000,0x00000000e2c80000)
 ParOldGen       total 89600K, used 18910K [0x0000000080000000, 0x0000000085780000, 0x00000000d5580000)
  object space 89600K, 21% used [0x0000000080000000,0x0000000081277968,0x0000000085780000)
 Metaspace       used 47762K, capacity 49016K, committed 49280K, reserved 1091584K
  class space    used 6362K, capacity 6676K, committed 6784K, reserved 1048576K

Card table byte_map: [0x0000000012700000,0x0000000012b10000] byte_map_base: 0x0000000012300000

Marking Bits: (ParMarkBitMap*) 0x000000006858f030
 Begin Bits: [0x00000000135c0000, 0x00000000155c0000)
 End Bits:   [0x00000000155c0000, 0x00000000175c0000)

Polling page: 0x0000000001800000

CodeCache: size=245760Kb used=13767Kb max_used=14252Kb free=231992Kb
 bounds [0x0000000003340000, 0x0000000004140000, 0x0000000012340000]
 total_blobs=4732 nmethods=3965 adapters=679
 compilation: enabled

Compilation events (10 events):
Event: 9.260 Thread 0x000000001a210000 4350       3       groovyjarjarasm.asm.Frame::pop (44 bytes)
Event: 9.260 Thread 0x000000001a210000 nmethod 4350 0x00000000035c6ed0 code [0x00000000035c7020, 0x00000000035c71f0]
Event: 9.263 Thread 0x000000001a210000 4351  s    3       java.lang.ClassValue$ClassValueMap::finishEntry (117 bytes)
Event: 9.264 Thread 0x000000001a210000 nmethod 4351 0x000000000373e190 code [0x000000000373e400, 0x000000000373f818]
Event: 9.267 Thread 0x000000001a210000 4352       3       java.util.Arrays::sort (37 bytes)
Event: 9.267 Thread 0x000000001a210000 nmethod 4352 0x00000000039c2ad0 code [0x00000000039c2c60, 0x00000000039c2ff8]
Event: 9.268 Thread 0x000000001a210000 4353       3       java.util.LinkedList$ListItr::hasPrevious (13 bytes)
Event: 9.268 Thread 0x000000001a210000 nmethod 4353 0x0000000003991550 code [0x00000000039916a0, 0x0000000003991850]
Event: 9.269 Thread 0x000000001a210000 4354       3       org.codehaus.groovy.runtime.metaclass.MetaMethodIndex::addMethodToList (298 bytes)
Event: 9.270 Thread 0x000000001a210000 nmethod 4354 0x00000000039d8250 code [0x00000000039d8620, 0x00000000039daa88]

GC Heap History (10 events):
Event: 3.943 GC heap before
{Heap before GC invocations=5 (full 0):
 PSYoungGen      total 105984K, used 8974K [0x00000000d5580000, 0x00000000dc480000, 0x0000000100000000)
  eden space 98304K, 1% used [0x00000000d5580000,0x00000000d56c6e48,0x00000000db580000)
  from space 7680K, 99% used [0x00000000dbd00000,0x00000000dc47cd90,0x00000000dc480000)
  to   space 7680K, 0% used [0x00000000db580000,0x00000000db580000,0x00000000dbd00000)
 ParOldGen       total 130048K, used 5271K [0x0000000080000000, 0x0000000087f00000, 0x00000000d5580000)
  object space 130048K, 4% used [0x0000000080000000,0x0000000080525dd0,0x0000000087f00000)
 Metaspace       used 20630K, capacity 21108K, committed 21296K, reserved 1067008K
  class space    used 2970K, capacity 3130K, committed 3200K, reserved 1048576K
Event: 3.956 GC heap after
Heap after GC invocations=5 (full 0):
 PSYoungGen      total 105984K, used 7188K [0x00000000d5580000, 0x00000000e2e80000, 0x0000000100000000)
  eden space 98304K, 0% used [0x00000000d5580000,0x00000000d5580000,0x00000000db580000)
  from space 7680K, 93% used [0x00000000db580000,0x00000000dbc85060,0x00000000dbd00000)
  to   space 12800K, 0% used [0x00000000e2200000,0x00000000e2200000,0x00000000e2e80000)
 ParOldGen       total 130048K, used 5279K [0x0000000080000000, 0x0000000087f00000, 0x00000000d5580000)
  object space 130048K, 4% used [0x0000000080000000,0x0000000080527dd0,0x0000000087f00000)
 Metaspace       used 20630K, capacity 21108K, committed 21296K, reserved 1067008K
  class space    used 2970K, capacity 3130K, committed 3200K, reserved 1048576K
}
Event: 3.956 GC heap before
{Heap before GC invocations=6 (full 1):
 PSYoungGen      total 105984K, used 7188K [0x00000000d5580000, 0x00000000e2e80000, 0x0000000100000000)
  eden space 98304K, 0% used [0x00000000d5580000,0x00000000d5580000,0x00000000db580000)
  from space 7680K, 93% used [0x00000000db580000,0x00000000dbc85060,0x00000000dbd00000)
  to   space 12800K, 0% used [0x00000000e2200000,0x00000000e2200000,0x00000000e2e80000)
 ParOldGen       total 130048K, used 5279K [0x0000000080000000, 0x0000000087f00000, 0x00000000d5580000)
  object space 130048K, 4% used [0x0000000080000000,0x0000000080527dd0,0x0000000087f00000)
 Metaspace       used 20630K, capacity 21108K, committed 21296K, reserved 1067008K
  class space    used 2970K, capacity 3130K, committed 3200K, reserved 1048576K
Event: 4.008 GC heap after
Heap after GC invocations=6 (full 1):
 PSYoungGen      total 105984K, used 0K [0x00000000d5580000, 0x00000000e2e80000, 0x0000000100000000)
  eden space 98304K, 0% used [0x00000000d5580000,0x00000000d5580000,0x00000000db580000)
  from space 7680K, 0% used [0x00000000db580000,0x00000000db580000,0x00000000dbd00000)
  to   space 12800K, 0% used [0x00000000e2200000,0x00000000e2200000,0x00000000e2e80000)
 ParOldGen       total 65024K, used 7531K [0x0000000080000000, 0x0000000083f80000, 0x00000000d5580000)
  object space 65024K, 11% used [0x0000000080000000,0x000000008075adb0,0x0000000083f80000)
 Metaspace       used 20630K, capacity 21108K, committed 21296K, reserved 1067008K
  class space    used 2970K, capacity 3130K, committed 3200K, reserved 1048576K
}
Event: 5.400 GC heap before
{Heap before GC invocations=7 (full 1):
 PSYoungGen      total 105984K, used 98304K [0x00000000d5580000, 0x00000000e2e80000, 0x0000000100000000)
  eden space 98304K, 100% used [0x00000000d5580000,0x00000000db580000,0x00000000db580000)
  from space 7680K, 0% used [0x00000000db580000,0x00000000db580000,0x00000000dbd00000)
  to   space 12800K, 0% used [0x00000000e2200000,0x00000000e2200000,0x00000000e2e80000)
 ParOldGen       total 65024K, used 7531K [0x0000000080000000, 0x0000000083f80000, 0x00000000d5580000)
  object space 65024K, 11% used [0x0000000080000000,0x000000008075adb0,0x0000000083f80000)
 Metaspace       used 30244K, capacity 30894K, committed 31232K, reserved 1077248K
  class space    used 4099K, capacity 4336K, committed 4352K, reserved 1048576K
Event: 5.418 GC heap after
Heap after GC invocations=7 (full 1):
 PSYoungGen      total 196608K, used 10711K [0x00000000d5580000, 0x00000000e2c80000, 0x0000000100000000)
  eden space 185856K, 0% used [0x00000000d5580000,0x00000000d5580000,0x00000000e0b00000)
  from space 10752K, 99% used [0x00000000e2200000,0x00000000e2c75d08,0x00000000e2c80000)
  to   space 13312K, 0% used [0x00000000e1280000,0x00000000e1280000,0x00000000e1f80000)
 ParOldGen       total 65024K, used 7539K [0x0000000080000000, 0x0000000083f80000, 0x00000000d5580000)
  object space 65024K, 11% used [0x0000000080000000,0x000000008075cdb0,0x0000000083f80000)
 Metaspace       used 30244K, capacity 30894K, committed 31232K, reserved 1077248K
  class space    used 4099K, capacity 4336K, committed 4352K, reserved 1048576K
}
Event: 6.986 GC heap before
{Heap before GC invocations=8 (full 1):
 PSYoungGen      total 196608K, used 118672K [0x00000000d5580000, 0x00000000e2c80000, 0x0000000100000000)
  eden space 185856K, 58% used [0x00000000d5580000,0x00000000dbeee5b8,0x00000000e0b00000)
  from space 10752K, 99% used [0x00000000e2200000,0x00000000e2c75d08,0x00000000e2c80000)
  to   space 13312K, 0% used [0x00000000e1280000,0x00000000e1280000,0x00000000e1f80000)
 ParOldGen       total 65024K, used 7539K [0x0000000080000000, 0x0000000083f80000, 0x00000000d5580000)
  object space 65024K, 11% used [0x0000000080000000,0x000000008075cdb0,0x0000000083f80000)
 Metaspace       used 34603K, capacity 35398K, committed 35456K, reserved 1079296K
  class space    used 4743K, capacity 4990K, committed 4992K, reserved 1048576K
Event: 7.002 GC heap after
Heap after GC invocations=8 (full 1):
 PSYoungGen      total 199168K, used 12428K [0x00000000d5580000, 0x00000000e2c80000, 0x0000000100000000)
  eden space 185856K, 0% used [0x00000000d5580000,0x00000000d5580000,0x00000000e0b00000)
  from space 13312K, 93% used [0x00000000e1280000,0x00000000e1ea3320,0x00000000e1f80000)
  to   space 10752K, 0% used [0x00000000e2200000,0x00000000e2200000,0x00000000e2c80000)
 ParOldGen       total 65024K, used 7547K [0x0000000080000000, 0x0000000083f80000, 0x00000000d5580000)
  object space 65024K, 11% used [0x0000000080000000,0x000000008075edb0,0x0000000083f80000)
 Metaspace       used 34603K, capacity 35398K, committed 35456K, reserved 1079296K
  class space    used 4743K, capacity 4990K, committed 4992K, reserved 1048576K
}
Event: 7.002 GC heap before
{Heap before GC invocations=9 (full 2):
 PSYoungGen      total 199168K, used 12428K [0x00000000d5580000, 0x00000000e2c80000, 0x0000000100000000)
  eden space 185856K, 0% used [0x00000000d5580000,0x00000000d5580000,0x00000000e0b00000)
  from space 13312K, 93% used [0x00000000e1280000,0x00000000e1ea3320,0x00000000e1f80000)
  to   space 10752K, 0% used [0x00000000e2200000,0x00000000e2200000,0x00000000e2c80000)
 ParOldGen       total 65024K, used 7547K [0x0000000080000000, 0x0000000083f80000, 0x00000000d5580000)
  object space 65024K, 11% used [0x0000000080000000,0x000000008075edb0,0x0000000083f80000)
 Metaspace       used 34603K, capacity 35398K, committed 35456K, reserved 1079296K
  class space    used 4743K, capacity 4990K, committed 4992K, reserved 1048576K
Event: 7.119 GC heap after
Heap after GC invocations=9 (full 2):
 PSYoungGen      total 199168K, used 0K [0x00000000d5580000, 0x00000000e2c80000, 0x0000000100000000)
  eden space 185856K, 0% used [0x00000000d5580000,0x00000000d5580000,0x00000000e0b00000)
  from space 13312K, 0% used [0x00000000e1280000,0x00000000e1280000,0x00000000e1f80000)
  to   space 10752K, 0% used [0x00000000e2200000,0x00000000e2200000,0x00000000e2c80000)
 ParOldGen       total 89600K, used 18910K [0x0000000080000000, 0x0000000085780000, 0x00000000d5580000)
  object space 89600K, 21% used [0x0000000080000000,0x0000000081277968,0x0000000085780000)
 Metaspace       used 34596K, capacity 35374K, committed 35456K, reserved 1079296K
  class space    used 4741K, capacity 4986K, committed 4992K, reserved 1048576K
}

Deoptimization events (10 events):
Event: 9.072 Thread 0x000000001cc00800 Uncommon trap: reason=speculate_class_check action=maybe_recompile pc=0x0000000003dfcd28 method=com.google.common.collect.AbstractIndexedListIterator.next()Ljava/lang/Object; @ 27
Event: 9.072 Thread 0x000000001cc00800 Uncommon trap: reason=speculate_class_check action=maybe_recompile pc=0x0000000003dfcd28 method=com.google.common.collect.AbstractIndexedListIterator.next()Ljava/lang/Object; @ 27
Event: 9.072 Thread 0x000000001cc00800 Uncommon trap: reason=speculate_class_check action=maybe_recompile pc=0x0000000003dfcd28 method=com.google.common.collect.AbstractIndexedListIterator.next()Ljava/lang/Object; @ 27
Event: 9.093 Thread 0x000000001cc00800 Uncommon trap: reason=unstable_if action=reinterpret pc=0x0000000003fe7d30 method=org.gradle.internal.instantiation.AbstractClassGenerator$InjectionAnnotationValidator.validateMethod(Ljava/lang/reflect/Method;Lorg/gradle/internal/reflect/PropertyAccessorT
Event: 9.119 Thread 0x000000001cc00800 Uncommon trap: reason=bimorphic action=maybe_recompile pc=0x0000000003f770b8 method=java.util.Arrays.binarySearch0([Ljava/lang/Object;IILjava/lang/Object;Ljava/util/Comparator;)I @ 48
Event: 9.119 Thread 0x000000001cc00800 Uncommon trap: reason=bimorphic action=maybe_recompile pc=0x0000000003f770b8 method=java.util.Arrays.binarySearch0([Ljava/lang/Object;IILjava/lang/Object;Ljava/util/Comparator;)I @ 48
Event: 9.119 Thread 0x000000001cc00800 Uncommon trap: reason=bimorphic action=maybe_recompile pc=0x0000000003f770b8 method=java.util.Arrays.binarySearch0([Ljava/lang/Object;IILjava/lang/Object;Ljava/util/Comparator;)I @ 48
Event: 9.119 Thread 0x000000001cc00800 Uncommon trap: reason=bimorphic action=maybe_recompile pc=0x0000000003f770b8 method=java.util.Arrays.binarySearch0([Ljava/lang/Object;IILjava/lang/Object;Ljava/util/Comparator;)I @ 48
Event: 9.124 Thread 0x000000001cc00800 Uncommon trap: reason=unstable_if action=reinterpret pc=0x0000000003b7fb40 method=java.lang.reflect.AccessibleObject.setAccessible0(Ljava/lang/reflect/AccessibleObject;Z)V @ 23
Event: 9.268 Thread 0x000000001cc00800 Uncommon trap: reason=unstable_if action=reinterpret pc=0x00000000039b00b0 method=org.codehaus.groovy.runtime.metaclass.MetaMethodIndex.addMethodToList(Ljava/lang/Object;Lgroovy/lang/MetaMethod;)Ljava/lang/Object; @ 256

Classes redefined (0 events):
No events

Internal exceptions (10 events):
Event: 9.221 Thread 0x000000001cc00800 Exception <a 'java/lang/ClassNotFoundException': org/gradle/api/internal/artifacts/configurations/DefaultConfiguration_DecoratedBeanInfo> (0x00000000de047c40) thrown at [C:\src\AOSP-openjdk-git\hotspot\src\share\vm\classfile\systemDictionary.cpp, line 210
Event: 9.223 Thread 0x000000001cc00800 Exception <a 'java/lang/ClassNotFoundException': org/gradle/api/internal/artifacts/configurations/DefaultConfigurationBeanInfo> (0x00000000de0a6808) thrown at [C:\src\AOSP-openjdk-git\hotspot\src\share\vm\classfile\systemDictionary.cpp, line 210]
Event: 9.226 Thread 0x000000001cc00800 Exception <a 'java/lang/ClassNotFoundException': org/gradle/api/internal/file/AbstractFileCollectionBeanInfo> (0x00000000de0e1d40) thrown at [C:\src\AOSP-openjdk-git\hotspot\src\share\vm\classfile\systemDictionary.cpp, line 210]
Event: 9.227 Thread 0x000000001cc00800 Exception <a 'java/lang/ClassNotFoundException': org/gradle/api/internal/file/AbstractFileCollectionCustomizer> (0x00000000de11dec0) thrown at [C:\src\AOSP-openjdk-git\hotspot\src\share\vm\classfile\systemDictionary.cpp, line 210]
Event: 9.230 Thread 0x000000001cc00800 Exception <a 'java/lang/ClassNotFoundException': org/gradle/api/internal/artifacts/configurations/DefaultConfigurationCustomizer> (0x00000000de18e078) thrown at [C:\src\AOSP-openjdk-git\hotspot\src\share\vm\classfile\systemDictionary.cpp, line 210]
Event: 9.233 Thread 0x000000001cc00800 Exception <a 'java/lang/ClassNotFoundException': org/gradle/api/internal/artifacts/configurations/DefaultConfiguration_DecoratedCustomizer> (0x00000000de25f498) thrown at [C:\src\AOSP-openjdk-git\hotspot\src\share\vm\classfile\systemDictionary.cpp, line 2
Event: 9.249 Thread 0x000000001cc00800 Exception <a 'java/lang/ClassNotFoundException': org/gradle/api/internal/artifacts/DefaultDependencySetBeanInfo> (0x00000000de427ee8) thrown at [C:\src\AOSP-openjdk-git\hotspot\src\share\vm\classfile\systemDictionary.cpp, line 210]
Event: 9.252 Thread 0x000000001cc00800 Exception <a 'java/lang/ClassNotFoundException': org/gradle/api/internal/DelegatingDomainObjectSetBeanInfo> (0x00000000de460960) thrown at [C:\src\AOSP-openjdk-git\hotspot\src\share\vm\classfile\systemDictionary.cpp, line 210]
Event: 9.255 Thread 0x000000001cc00800 Exception <a 'java/lang/ClassNotFoundException': org/gradle/api/internal/DelegatingDomainObjectSetCustomizer> (0x00000000de49bc50) thrown at [C:\src\AOSP-openjdk-git\hotspot\src\share\vm\classfile\systemDictionary.cpp, line 210]
Event: 9.259 Thread 0x000000001cc00800 Exception <a 'java/lang/ClassNotFoundException': org/gradle/api/internal/artifacts/DefaultDependencySetCustomizer> (0x00000000de512568) thrown at [C:\src\AOSP-openjdk-git\hotspot\src\share\vm\classfile\systemDictionary.cpp, line 210]

Events (10 events):
Event: 9.263 loading class groovy/runtime/metaclass/org/gradle/api/internal/artifacts/dependencies/DefaultExternalModuleDependency_DecoratedMetaClass done
Event: 9.268 Thread 0x000000001cc00800 Uncommon trap: trap_request=0xffffff65 fr.pc=0x00000000039b00b0
Event: 9.268 Thread 0x000000001cc00800 DEOPT PACKING pc=0x00000000039b00b0 sp=0x000000001e7aab50
Event: 9.268 Thread 0x000000001cc00800 DEOPT UNPACKING pc=0x000000000338557b sp=0x000000001e7aab00 mode 2
Event: 9.269 loading class org/gradle/api/internal/artifacts/dependencies/DefaultExternalModuleDependency_DecoratedBeanInfo
Event: 9.269 loading class org/gradle/api/internal/artifacts/dependencies/DefaultExternalModuleDependency_DecoratedBeanInfo done
Event: 9.270 loading class org/gradle/api/internal/artifacts/dependencies/DefaultExternalModuleDependency_DecoratedBeanInfo
Event: 9.270 loading class org/gradle/api/internal/artifacts/dependencies/DefaultExternalModuleDependency_DecoratedBeanInfo done
Event: 9.270 loading class org/gradle/api/internal/artifacts/dependencies/DefaultExternalModuleDependency_DecoratedBeanInfo
Event: 9.270 loading class org/gradle/api/internal/artifacts/dependencies/DefaultExternalModuleDependency_DecoratedBeanInfo done


Dynamic libraries:
0x00007ff79d380000 - 0x00007ff79d3b1000 	C:\Program Files\Android\Android Studio1\jre\bin\java.exe
0x00007ffdb6af0000 - 0x00007ffdb6ce5000 	C:\Windows\SYSTEM32\ntdll.dll
0x00007ffdb5730000 - 0x00007ffdb57ed000 	C:\Windows\System32\KERNEL32.DLL
0x00007ffdb4620000 - 0x00007ffdb48e9000 	C:\Windows\System32\KERNELBASE.dll
0x00007ffdb4c70000 - 0x00007ffdb4d1c000 	C:\Windows\System32\ADVAPI32.dll
0x00007ffdb4dd0000 - 0x00007ffdb4e6e000 	C:\Windows\System32\msvcrt.dll
0x00007ffdb4e70000 - 0x00007ffdb4f0b000 	C:\Windows\System32\sechost.dll
0x00007ffdb5b30000 - 0x00007ffdb5c5a000 	C:\Windows\System32\RPCRT4.dll
0x00007ffdb6490000 - 0x00007ffdb6630000 	C:\Windows\System32\USER32.dll
0x00007ffdb4950000 - 0x00007ffdb4972000 	C:\Windows\System32\win32u.dll
0x00007ffdb5170000 - 0x00007ffdb519a000 	C:\Windows\System32\GDI32.dll
0x00007ffdb43b0000 - 0x00007ffdb44bb000 	C:\Windows\System32\gdi32full.dll
0x00007ffdb4a60000 - 0x00007ffdb4afd000 	C:\Windows\System32\msvcp_win.dll
0x00007ffdb42b0000 - 0x00007ffdb43b0000 	C:\Windows\System32\ucrtbase.dll
0x00007ffda1ea0000 - 0x00007ffda213a000 	C:\Windows\WinSxS\amd64_microsoft.windows.common-controls_6595b64144ccf1df_6.0.19041.1110_none_60b5254171f9507e\COMCTL32.dll
0x00007ffdb4d20000 - 0x00007ffdb4d50000 	C:\Windows\System32\IMM32.DLL
0x0000000069070000 - 0x0000000069142000 	C:\Program Files\Android\Android Studio1\jre\jre\bin\msvcr100.dll
0x0000000067dc0000 - 0x000000006860b000 	C:\Program Files\Android\Android Studio1\jre\jre\bin\server\jvm.dll
0x00007ffdb5970000 - 0x00007ffdb5978000 	C:\Windows\System32\PSAPI.DLL
0x00007ffdafd10000 - 0x00007ffdafd19000 	C:\Windows\SYSTEM32\WSOCK32.dll
0x00007ffd91020000 - 0x00007ffd91047000 	C:\Windows\SYSTEM32\WINMM.dll
0x00007ffdb57f0000 - 0x00007ffdb585b000 	C:\Windows\System32\WS2_32.dll
0x00007ffdadbc0000 - 0x00007ffdadbca000 	C:\Windows\SYSTEM32\VERSION.dll
0x00007ffdafcd0000 - 0x00007ffdafcdf000 	C:\Program Files\Android\Android Studio1\jre\jre\bin\verify.dll
0x00007ffdad230000 - 0x00007ffdad259000 	C:\Program Files\Android\Android Studio1\jre\jre\bin\java.dll
0x00007ffdaef50000 - 0x00007ffdaef66000 	C:\Program Files\Android\Android Studio1\jre\jre\bin\zip.dll
0x00007ffdb5c60000 - 0x00007ffdb639f000 	C:\Windows\System32\SHELL32.dll
0x00007ffdb2330000 - 0x00007ffdb2ac0000 	C:\Windows\SYSTEM32\windows.storage.dll
0x00007ffdb53d0000 - 0x00007ffdb5725000 	C:\Windows\System32\combase.dll
0x00007ffdb3c80000 - 0x00007ffdb3cac000 	C:\Windows\SYSTEM32\Wldp.dll
0x00007ffdb50c0000 - 0x00007ffdb516e000 	C:\Windows\System32\SHCORE.dll
0x00007ffdb5060000 - 0x00007ffdb50b5000 	C:\Windows\System32\shlwapi.dll
0x00007ffdb4160000 - 0x00007ffdb417f000 	C:\Windows\SYSTEM32\profapi.dll
0x00007ffdad770000 - 0x00007ffdad78a000 	C:\Program Files\Android\Android Studio1\jre\jre\bin\net.dll
0x00007ffdb39e0000 - 0x00007ffdb3a4a000 	C:\Windows\system32\mswsock.dll
0x00007ffdad1e0000 - 0x00007ffdad1f3000 	C:\Program Files\Android\Android Studio1\jre\jre\bin\nio.dll
0x00007ffd8af90000 - 0x00007ffd8afb6000 	C:\Users\FAM\.gradle\native\30\windows-amd64\native-platform.dll
0x00007ffdaf110000 - 0x00007ffdaf11d000 	C:\Program Files\Android\Android Studio1\jre\jre\bin\management.dll
0x00007ffdb3bd0000 - 0x00007ffdb3be8000 	C:\Windows\SYSTEM32\CRYPTSP.dll
0x00007ffdb32f0000 - 0x00007ffdb3324000 	C:\Windows\system32\rsaenh.dll
0x00007ffdb4a30000 - 0x00007ffdb4a57000 	C:\Windows\System32\bcrypt.dll
0x00007ffdb4120000 - 0x00007ffdb414e000 	C:\Windows\SYSTEM32\USERENV.dll
0x00007ffdb4220000 - 0x00007ffdb42a3000 	C:\Windows\System32\bcryptprimitives.dll
0x00007ffdb3bf0000 - 0x00007ffdb3bfc000 	C:\Windows\SYSTEM32\CRYPTBASE.dll
0x00007ffdb3680000 - 0x00007ffdb36bb000 	C:\Windows\SYSTEM32\IPHLPAPI.DLL
0x00007ffdb51b0000 - 0x00007ffdb51b8000 	C:\Windows\System32\NSI.dll
0x00007ffdab500000 - 0x00007ffdab517000 	C:\Windows\SYSTEM32\dhcpcsvc6.DLL
0x00007ffdabe00000 - 0x00007ffdabe1d000 	C:\Windows\SYSTEM32\dhcpcsvc.DLL
0x00007ffdb36d0000 - 0x00007ffdb379c000 	C:\Windows\SYSTEM32\DNSAPI.dll

VM Arguments:
jvm_args: -Xmx2048m -Dfile.encoding=UTF-8 -Duser.country=US -Duser.language=en -Duser.variant 
java_command: org.gradle.launcher.daemon.bootstrap.GradleDaemon 5.6.4
java_class_path (initial): C:\Users\FAM\.gradle\wrapper\dists\gradle-5.6.4-all\ankdp27end7byghfw1q2sw75f\gradle-5.6.4\lib\gradle-launcher-5.6.4.jar
Launcher Type: SUN_STANDARD

Environment Variables:
JAVA_HOME=C:\Program Files\Java\jdk1.8.0_301
PATH=C:\Program Files (x86)\Common Files\Oracle\Java\javapath;C:\Windows\system32;C:\Windows;C:\Windows\System32\Wbem;C:\Windows\System32\WindowsPowerShell\v1.0\;C:\Windows\System32\OpenSSH\;C:\Program Files (x86)\NVIDIA Corporation\PhysX\Common;C:\Program Files\NVIDIA Corporation\NVIDIA NvDLISR;%JAVA_HOME%\bin;C:\Program Files\Git\cmd;C:\Users\FAM\AppData\Local\Microsoft\WindowsApps;&JAVA_HOME&\bin;C:\Users\FAM\AppData\Local\Android\Sdk\platform-tools;C:\Users\FAM\AppData\Local\Android\Sdk\tools;C:\Program Files\JetBrains\PyCharm Community Edition 2021.2\bin;;C:\Users\FAM\AppData\Local\Programs\Python\Python38\Scripts;C:\Users\FAM\AppData\Local\Programs\Python\Python38;C:\Users\FAM\AppData\Local\Programs\Python\Python38-32\Scripts;C:\Users\FAM\AppData\Local\Programs\Python\Python38-32;C:\Users\FAM\AppData\Local\Programs\Python\Python39\Scripts;C:\Users\FAM\AppData\Local\Programs\Python\Python39;
USERNAME=FAM
OS=Windows_NT
PROCESSOR_IDENTIFIER=Intel64 Family 6 Model 158 Stepping 9, GenuineIntel



---------------  S Y S T E M  ---------------

OS: Windows 10.0 , 64 bit Build 19041 (10.0.19041.1151)

CPU:total 8 (initial active 8) (4 cores per cpu, 2 threads per core) family 6 model 158 stepping 9, cmov, cx8, fxsr, mmx, sse, sse2, sse3, ssse3, sse4.1, sse4.2, popcnt, avx, avx2, aes, clmul, erms, 3dnowpref, lzcnt, ht, tsc, tscinvbit, bmi1, bmi2, adx

Memory: 4k page, physical 12447972k(2529024k free), swap 12447972k(5812k free)

vm_info: OpenJDK 64-Bit Server VM (25.242-b01) for windows-amd64 JRE (1.8.0_242-release-1644-b01), built by "builder" with MS VC++ 10.0 (VS2010)

time: Sat Sep 04 09:31:02 2021
timezone: SE Asia Standard Time
elapsed time: 9 seconds (0d 0h 0m 9s)

